<?xml version="1.0" encoding="UTF-8"?>
<coverage generated="1785000507014" clover="3.2.0">
  <project timestamp="1785000507014" name="All files">
    <metrics statements="681" coveredstatements="660" conditionals="357" coveredconditionals="318" methods="116" coveredmethods="116" elements="1154" coveredelements="1094" complexity="0" loc="681" ncloc="681" packages="2" files="6" classes="6"/>
    <package name="src">
      <metrics statements="679" coveredstatements="658" conditionals="357" coveredconditionals="318" methods="115" coveredmethods="115"/>
      <file name="enums.ts" path="/home/tomsaporito/Github/game-grid/src/enums.ts">
        <metrics statements="27" coveredstatements="27" conditionals="0" coveredconditionals="0" methods="3" coveredmethods="3"/>
        <line num="21" count="10" type="stmt"/>
        <line num="80" count="10" type="stmt"/>
        <line num="91" count="10" type="stmt"/>
        <line num="92" count="10" type="stmt"/>
        <line num="93" count="10" type="stmt"/>
        <line num="94" count="10" type="stmt"/>
        <line num="95" count="10" type="stmt"/>
        <line num="103" count="10" type="stmt"/>
        <line num="111" count="10" type="stmt"/>
        <line num="126" count="10" type="stmt"/>
        <line num="127" count="10" type="stmt"/>
        <line num="128" count="10" type="stmt"/>
        <line num="129" count="10" type="stmt"/>
        <line num="130" count="10" type="stmt"/>
        <line num="131" count="10" type="stmt"/>
        <line num="132" count="10" type="stmt"/>
        <line num="133" count="10" type="stmt"/>
        <line num="134" count="10" type="stmt"/>
        <line num="147" count="10" type="stmt"/>
        <line num="148" count="10" type="stmt"/>
        <line num="149" count="10" type="stmt"/>
        <line num="150" count="10" type="stmt"/>
        <line num="151" count="10" type="stmt"/>
        <line num="152" count="10" type="stmt"/>
        <line num="153" count="10" type="stmt"/>
        <line num="154" count="10" type="stmt"/>
        <line num="155" count="10" type="stmt"/>
      </file>
      <file name="index.ts" path="/home/tomsaporito/Github/game-grid/src/index.ts">
        <metrics statements="487" coveredstatements="471" conditionals="260" coveredconditionals="228" methods="80" coveredmethods="80"/>
        <line num="78" count="9" type="stmt"/>
        <line num="104" count="144" type="stmt"/>
        <line num="107" count="144" type="stmt"/>
        <line num="108" count="144" type="stmt"/>
        <line num="111" count="709" type="stmt"/>
        <line num="118" count="709" type="stmt"/>
        <line num="128" count="144" type="stmt"/>
        <line num="146" count="144" type="stmt"/>
        <line num="148" count="144" type="stmt"/>
        <line num="149" count="144" type="stmt"/>
        <line num="154" count="144" type="cond" truecount="2" falsecount="0"/>
        <line num="155" count="100" type="stmt"/>
        <line num="157" count="44" type="stmt"/>
        <line num="158" count="44" type="stmt"/>
        <line num="160" count="144" type="stmt"/>
        <line num="165" count="449" type="stmt"/>
        <line num="166" count="449" type="stmt"/>
        <line num="170" count="348" type="cond" truecount="2" falsecount="0"/>
        <line num="171" count="9" type="stmt"/>
        <line num="172" count="12" type="stmt"/>
        <line num="175" count="348" type="stmt"/>
        <line num="176" count="348" type="cond" truecount="2" falsecount="0"/>
        <line num="177" count="11" type="stmt"/>
        <line num="178" count="14" type="stmt"/>
        <line num="184" count="804" type="stmt"/>
        <line num="190" count="144" type="stmt"/>
        <line num="199" count="12" type="stmt"/>
        <line num="200" count="12" type="cond" truecount="2" falsecount="0"/>
        <line num="201" count="1" type="stmt"/>
        <line num="203" count="11" type="stmt"/>
        <line num="204" count="11" type="stmt"/>
        <line num="208" count="17" type="stmt"/>
        <line num="209" count="17" type="cond" truecount="1" falsecount="1"/>
        <line num="210" count="0" type="stmt"/>
        <line num="212" count="17" type="stmt"/>
        <line num="213" count="17" type="stmt"/>
        <line num="214" count="17" type="stmt"/>
        <line num="215" count="17" type="stmt"/>
        <line num="216" count="17" type="stmt"/>
        <line num="217" count="17" type="stmt"/>
        <line num="218" count="17" type="stmt"/>
        <line num="219" count="17" type="stmt"/>
        <line num="224" count="102" type="stmt"/>
        <line num="225" count="102" type="stmt"/>
        <line num="226" count="102" type="stmt"/>
        <line num="227" count="102" type="stmt"/>
        <line num="228" count="102" type="stmt"/>
        <line num="229" count="102" type="stmt"/>
        <line num="230" count="102" type="stmt"/>
        <line num="231" count="102" type="stmt"/>
        <line num="232" count="102" type="stmt"/>
        <line num="233" count="102" type="stmt"/>
        <line num="241" count="119" type="stmt"/>
        <line num="242" count="119" type="stmt"/>
        <line num="243" count="119" type="stmt"/>
        <line num="244" count="119" type="stmt"/>
        <line num="245" count="119" type="stmt"/>
        <line num="247" count="119" type="stmt"/>
        <line num="248" count="119" type="stmt"/>
        <line num="249" count="119" type="cond" truecount="2" falsecount="0"/>
        <line num="250" count="119" type="cond" truecount="2" falsecount="0"/>
        <line num="251" count="119" type="cond" truecount="2" falsecount="0"/>
        <line num="252" count="382" type="cond" truecount="1" falsecount="1"/>
        <line num="253" count="119" type="cond" truecount="2" falsecount="0"/>
        <line num="255" count="119" type="stmt"/>
        <line num="256" count="4604" type="stmt"/>
        <line num="262" count="119" type="stmt"/>
        <line num="264" count="119" type="stmt"/>
        <line num="265" count="460" type="stmt"/>
        <line num="266" count="460" type="cond" truecount="1" falsecount="1"/>
        <line num="267" count="0" type="stmt"/>
        <line num="270" count="460" type="cond" truecount="2" falsecount="0"/>
        <line num="271" count="460" type="cond" truecount="2" falsecount="0"/>
        <line num="274" count="460" type="cond" truecount="2" falsecount="0"/>
        <line num="275" count="460" type="stmt"/>
        <line num="277" count="460" type="stmt"/>
        <line num="278" count="2842" type="stmt"/>
        <line num="279" count="2842" type="cond" truecount="1" falsecount="1"/>
        <line num="280" count="0" type="stmt"/>
        <line num="282" count="2842" type="cond" truecount="4" falsecount="0"/>
        <line num="283" count="2842" type="stmt"/>
        <line num="284" count="2842" type="stmt"/>
        <line num="285" count="2842" type="stmt"/>
        <line num="292" count="460" type="stmt"/>
        <line num="297" count="460" type="stmt"/>
        <line num="300" count="119" type="stmt"/>
        <line num="301" count="119" type="stmt"/>
        <line num="302" count="119" type="stmt"/>
        <line num="306" count="454" type="cond" truecount="4" falsecount="0"/>
        <line num="310" count="3" type="stmt"/>
        <line num="319" count="6" type="stmt"/>
        <line num="320" count="6" type="stmt"/>
        <line num="321" count="6" type="stmt"/>
        <line num="322" count="30" type="stmt"/>
        <line num="324" count="6" type="stmt"/>
        <line num="333" count="123" type="stmt"/>
        <line num="334" count="123" type="cond" truecount="2" falsecount="0"/>
        <line num="335" count="2" type="stmt"/>
        <line num="339" count="121" type="cond" truecount="2" falsecount="0"/>
        <line num="341" count="123" type="cond" truecount="1" falsecount="1"/>
        <line num="342" count="0" type="stmt"/>
        <line num="345" count="121" type="stmt"/>
        <line num="346" count="1" type="stmt"/>
        <line num="348" count="121" type="stmt"/>
        <line num="350" count="121" type="stmt"/>
        <line num="351" count="121" type="cond" truecount="2" falsecount="0"/>
        <line num="352" count="14" type="stmt"/>
        <line num="353" count="14" type="stmt"/>
        <line num="357" count="14" type="cond" truecount="2" falsecount="0"/>
        <line num="358" count="11" type="stmt"/>
        <line num="360" count="3" type="stmt"/>
        <line num="362" count="14" type="cond" truecount="2" falsecount="0"/>
        <line num="363" count="1" type="stmt"/>
        <line num="364" count="1" type="stmt"/>
        <line num="365" count="1" type="stmt"/>
        <line num="369" count="107" type="stmt"/>
        <line num="370" count="107" type="stmt"/>
        <line num="371" count="107" type="stmt"/>
        <line num="376" count="119" type="cond" truecount="1" falsecount="1"/>
        <line num="377" count="119" type="stmt"/>
        <line num="378" count="119" type="cond" truecount="2" falsecount="0"/>
        <line num="379" count="22" type="stmt"/>
        <line num="380" count="42" type="stmt"/>
        <line num="383" count="119" type="stmt"/>
        <line num="384" count="119" type="stmt"/>
        <line num="386" count="0" type="stmt"/>
        <line num="391" count="460" type="stmt"/>
        <line num="392" count="460" type="cond" truecount="2" falsecount="0"/>
        <line num="393" count="120" type="stmt"/>
        <line num="395" count="460" type="stmt"/>
        <line num="396" count="460" type="stmt"/>
        <line num="397" count="460" type="stmt"/>
        <line num="398" count="460" type="stmt"/>
        <line num="408" count="2842" type="stmt"/>
        <line num="409" count="2842" type="stmt"/>
        <line num="415" count="2842" type="stmt"/>
        <line num="416" count="2842" type="stmt"/>
        <line num="417" count="288" type="stmt"/>
        <line num="420" count="2842" type="stmt"/>
        <line num="421" count="2842" type="cond" truecount="2" falsecount="0"/>
        <line num="422" count="192" type="stmt"/>
        <line num="424" count="2842" type="cond" truecount="2" falsecount="0"/>
        <line num="425" count="180" type="stmt"/>
        <line num="426" count="360" type="stmt"/>
        <line num="430" count="2842" type="cond" truecount="2" falsecount="0"/>
        <line num="431" count="96" type="stmt"/>
        <line num="439" count="2842" type="stmt"/>
        <line num="444" count="158" type="stmt"/>
        <line num="446" count="158" type="stmt"/>
        <line num="447" count="158" type="stmt"/>
        <line num="449" count="158" type="stmt"/>
        <line num="450" count="158" type="stmt"/>
        <line num="452" count="158" type="stmt"/>
        <line num="453" count="158" type="stmt"/>
        <line num="454" count="158" type="stmt"/>
        <line num="456" count="158" type="stmt"/>
        <line num="463" count="158" type="cond" truecount="2" falsecount="0"/>
        <line num="464" count="9" type="stmt"/>
        <line num="465" count="9" type="stmt"/>
        <line num="467" count="158" type="cond" truecount="2" falsecount="0"/>
        <line num="468" count="30" type="stmt"/>
        <line num="469" count="30" type="stmt"/>
        <line num="471" count="158" type="cond" truecount="2" falsecount="0"/>
        <line num="472" count="39" type="stmt"/>
        <line num="473" count="39" type="stmt"/>
        <line num="476" count="158" type="cond" truecount="2" falsecount="0"/>
        <line num="477" count="16" type="stmt"/>
        <line num="479" count="158" type="cond" truecount="2" falsecount="0"/>
        <line num="480" count="4" type="stmt"/>
        <line num="482" count="158" type="cond" truecount="2" falsecount="0"/>
        <line num="483" count="8" type="stmt"/>
        <line num="484" count="8" type="stmt"/>
        <line num="487" count="158" type="cond" truecount="2" falsecount="0"/>
        <line num="488" count="8" type="stmt"/>
        <line num="489" count="8" type="stmt"/>
        <line num="492" count="158" type="stmt"/>
        <line num="493" count="158" type="cond" truecount="2" falsecount="0"/>
        <line num="494" count="4" type="stmt"/>
        <line num="495" count="4" type="stmt"/>
        <line num="500" count="4" type="stmt"/>
        <line num="501" count="4" type="stmt"/>
        <line num="504" count="158" type="stmt"/>
        <line num="505" count="158" type="stmt"/>
        <line num="507" count="158" type="cond" truecount="2" falsecount="0"/>
        <line num="508" count="149" type="stmt"/>
        <line num="509" count="149" type="stmt"/>
        <line num="512" count="158" type="cond" truecount="2" falsecount="0"/>
        <line num="513" count="156" type="stmt"/>
        <line num="518" count="4" type="cond" truecount="4" falsecount="0"/>
        <line num="519" count="2" type="stmt"/>
        <line num="522" count="2" type="stmt"/>
        <line num="523" count="2" type="cond" truecount="3" falsecount="1"/>
        <line num="524" count="0" type="stmt"/>
        <line num="527" count="2" type="stmt"/>
        <line num="528" count="2" type="cond" truecount="1" falsecount="1"/>
        <line num="529" count="4" type="stmt"/>
        <line num="530" count="4" type="cond" truecount="1" falsecount="1"/>
        <line num="531" count="0" type="stmt"/>
        <line num="534" count="2" type="stmt"/>
        <line num="537" count="2" type="stmt"/>
        <line num="541" count="149" type="stmt"/>
        <line num="542" count="149" type="cond" truecount="4" falsecount="0"/>
        <line num="543" count="147" type="stmt"/>
        <line num="546" count="2" type="stmt"/>
        <line num="547" count="2" type="cond" truecount="3" falsecount="1"/>
        <line num="548" count="2" type="stmt"/>
        <line num="554" count="2" type="stmt"/>
        <line num="559" count="149" type="stmt"/>
        <line num="560" count="149" type="cond" truecount="4" falsecount="0"/>
        <line num="561" count="141" type="stmt"/>
        <line num="564" count="8" type="stmt"/>
        <line num="565" count="8" type="cond" truecount="4" falsecount="0"/>
        <line num="566" count="4" type="stmt"/>
        <line num="569" count="4" type="stmt"/>
        <line num="570" count="4" type="stmt"/>
        <line num="571" count="4" type="cond" truecount="1" falsecount="1"/>
        <line num="572" count="0" type="stmt"/>
        <line num="575" count="4" type="stmt"/>
        <line num="576" count="4" type="stmt"/>
        <line num="577" count="4" type="stmt"/>
        <line num="578" count="4" type="stmt"/>
        <line num="582" count="159" type="stmt"/>
        <line num="583" count="636" type="stmt"/>
        <line num="585" count="159" type="cond" truecount="2" falsecount="0"/>
        <line num="586" count="158" type="stmt"/>
        <line num="591" count="200" type="cond" truecount="2" falsecount="0"/>
        <line num="592" count="159" type="stmt"/>
        <line num="593" count="159" type="stmt"/>
        <line num="594" count="159" type="stmt"/>
        <line num="595" count="200" type="stmt"/>
        <line num="596" count="200" type="stmt"/>
        <line num="597" count="200" type="stmt"/>
        <line num="601" count="159" type="stmt"/>
        <line num="602" count="716" type="stmt"/>
        <line num="603" count="5962" type="stmt"/>
        <line num="608" count="1" type="stmt"/>
        <line num="609" count="1" type="cond" truecount="1" falsecount="1"/>
        <line num="610" count="1" type="stmt"/>
        <line num="611" count="1" type="stmt"/>
        <line num="618" count="3" type="stmt"/>
        <line num="623" count="2" type="stmt"/>
        <line num="624" count="2" type="stmt"/>
        <line num="625" count="2" type="stmt"/>
        <line num="632" count="3" type="stmt"/>
        <line num="633" count="3" type="stmt"/>
        <line num="634" count="3" type="stmt"/>
        <line num="639" count="2" type="stmt"/>
        <line num="640" count="2" type="stmt"/>
        <line num="641" count="6" type="stmt"/>
        <line num="642" count="18" type="cond" truecount="2" falsecount="0"/>
        <line num="643" count="2" type="stmt"/>
        <line num="647" count="2" type="stmt"/>
        <line num="652" count="10" type="stmt"/>
        <line num="653" count="10" type="stmt"/>
        <line num="655" count="10" type="stmt"/>
        <line num="664" count="17" type="stmt"/>
        <line num="665" count="17" type="stmt"/>
        <line num="667" count="17" type="stmt"/>
        <line num="676" count="11" type="stmt"/>
        <line num="677" count="11" type="stmt"/>
        <line num="679" count="11" type="stmt"/>
        <line num="688" count="16" type="stmt"/>
        <line num="689" count="16" type="stmt"/>
        <line num="691" count="16" type="stmt"/>
        <line num="700" count="158" type="stmt"/>
        <line num="701" count="158" type="stmt"/>
        <line num="702" count="158" type="cond" truecount="2" falsecount="0"/>
        <line num="703" count="1" type="stmt"/>
        <line num="705" count="158" type="stmt"/>
        <line num="720" count="158" type="stmt"/>
        <line num="721" count="158" type="cond" truecount="2" falsecount="0"/>
        <line num="723" count="158" type="stmt"/>
        <line num="724" count="158" type="stmt"/>
        <line num="725" count="158" type="cond" truecount="2" falsecount="0"/>
        <line num="726" count="5" type="stmt"/>
        <line num="727" count="5" type="stmt"/>
        <line num="730" count="158" type="stmt"/>
        <line num="731" count="158" type="stmt"/>
        <line num="732" count="158" type="stmt"/>
        <line num="733" count="158" type="stmt"/>
        <line num="737" count="158" type="cond" truecount="2" falsecount="0"/>
        <line num="738" count="4" type="cond" truecount="2" falsecount="0"/>
        <line num="739" count="2" type="stmt"/>
        <line num="740" count="2" type="stmt"/>
        <line num="741" count="2" type="stmt"/>
        <line num="742" count="2" type="stmt"/>
        <line num="744" count="2" type="stmt"/>
        <line num="745" count="2" type="stmt"/>
        <line num="746" count="2" type="stmt"/>
        <line num="747" count="2" type="stmt"/>
        <line num="748" count="2" type="cond" truecount="1" falsecount="1"/>
        <line num="749" count="0" type="stmt"/>
        <line num="752" count="154" type="cond" truecount="2" falsecount="0"/>
        <line num="753" count="2" type="cond" truecount="2" falsecount="0"/>
        <line num="754" count="1" type="stmt"/>
        <line num="755" count="1" type="stmt"/>
        <line num="756" count="1" type="stmt"/>
        <line num="757" count="1" type="stmt"/>
        <line num="759" count="1" type="stmt"/>
        <line num="760" count="1" type="stmt"/>
        <line num="761" count="1" type="stmt"/>
        <line num="762" count="1" type="stmt"/>
        <line num="763" count="1" type="cond" truecount="1" falsecount="1"/>
        <line num="764" count="0" type="stmt"/>
        <line num="768" count="152" type="stmt"/>
        <line num="771" count="158" type="stmt"/>
        <line num="772" count="158" type="stmt"/>
        <line num="773" count="158" type="cond" truecount="3" falsecount="1"/>
        <line num="774" count="158" type="cond" truecount="2" falsecount="0"/>
        <line num="775" count="5" type="stmt"/>
        <line num="776" count="5" type="stmt"/>
        <line num="779" count="158" type="stmt"/>
        <line num="780" count="158" type="cond" truecount="2" falsecount="0"/>
        <line num="781" count="7" type="cond" truecount="2" falsecount="0"/>
        <line num="782" count="3" type="stmt"/>
        <line num="783" count="3" type="stmt"/>
        <line num="784" count="3" type="stmt"/>
        <line num="785" count="3" type="stmt"/>
        <line num="787" count="4" type="stmt"/>
        <line num="788" count="4" type="stmt"/>
        <line num="789" count="4" type="stmt"/>
        <line num="790" count="4" type="stmt"/>
        <line num="791" count="4" type="cond" truecount="1" falsecount="1"/>
        <line num="792" count="4" type="stmt"/>
        <line num="795" count="151" type="cond" truecount="2" falsecount="0"/>
        <line num="796" count="3" type="cond" truecount="2" falsecount="0"/>
        <line num="797" count="2" type="stmt"/>
        <line num="798" count="2" type="stmt"/>
        <line num="799" count="2" type="stmt"/>
        <line num="800" count="2" type="stmt"/>
        <line num="802" count="1" type="stmt"/>
        <line num="803" count="1" type="stmt"/>
        <line num="804" count="1" type="stmt"/>
        <line num="805" count="1" type="stmt"/>
        <line num="806" count="1" type="cond" truecount="1" falsecount="1"/>
        <line num="807" count="0" type="stmt"/>
        <line num="811" count="148" type="stmt"/>
        <line num="814" count="158" type="cond" truecount="1" falsecount="1"/>
        <line num="815" count="158" type="cond" truecount="2" falsecount="0"/>
        <line num="816" count="5" type="stmt"/>
        <line num="818" count="153" type="stmt"/>
        <line num="821" count="158" type="stmt"/>
        <line num="833" count="474" type="cond" truecount="1" falsecount="1"/>
        <line num="837" count="158" type="stmt"/>
        <line num="838" count="158" type="cond" truecount="2" falsecount="0"/>
        <line num="839" count="150" type="stmt"/>
        <line num="840" count="150" type="cond" truecount="5" falsecount="0"/>
        <line num="841" count="149" type="stmt"/>
        <line num="845" count="316" type="cond" truecount="1" falsecount="1"/>
        <line num="850" count="9" type="cond" truecount="8" falsecount="0"/>
        <line num="853" count="1" type="stmt"/>
        <line num="854" count="1" type="stmt"/>
        <line num="858" count="1" type="stmt"/>
        <line num="859" count="1" type="stmt"/>
        <line num="863" count="2" type="stmt"/>
        <line num="864" count="2" type="stmt"/>
        <line num="868" count="1" type="stmt"/>
        <line num="869" count="1" type="stmt"/>
        <line num="873" count="1" type="stmt"/>
        <line num="874" count="1" type="stmt"/>
        <line num="878" count="1" type="stmt"/>
        <line num="879" count="1" type="stmt"/>
        <line num="883" count="1" type="stmt"/>
        <line num="884" count="1" type="stmt"/>
        <line num="888" count="1" type="stmt"/>
        <line num="889" count="1" type="stmt"/>
        <line num="894" count="9" type="stmt"/>
        <line num="895" count="9" type="cond" truecount="2" falsecount="0"/>
        <line num="896" count="5" type="cond" truecount="1" falsecount="1"/>
        <line num="902" count="5" type="stmt"/>
        <line num="903" count="5" type="stmt"/>
        <line num="906" count="9" type="cond" truecount="2" falsecount="0"/>
        <line num="907" count="4" type="cond" truecount="1" falsecount="1"/>
        <line num="913" count="4" type="stmt"/>
        <line num="914" count="4" type="stmt"/>
        <line num="919" count="2" type="stmt"/>
        <line num="920" count="2" type="stmt"/>
        <line num="921" count="2" type="cond" truecount="2" falsecount="0"/>
        <line num="922" count="1" type="cond" truecount="1" falsecount="1"/>
        <line num="923" count="1" type="stmt"/>
        <line num="924" count="1" type="cond" truecount="1" falsecount="1"/>
        <line num="925" count="1" type="stmt"/>
        <line num="926" count="1" type="cond" truecount="1" falsecount="1"/>
        <line num="927" count="1" type="stmt"/>
        <line num="929" count="0" type="stmt"/>
        <line num="932" count="0" type="stmt"/>
        <line num="937" count="0" type="stmt"/>
        <line num="938" count="0" type="stmt"/>
        <line num="944" count="6" type="stmt"/>
        <line num="948" count="3" type="stmt"/>
        <line num="952" count="101" type="stmt"/>
        <line num="953" count="101" type="stmt"/>
        <line num="954" count="101" type="cond" truecount="4" falsecount="0"/>
        <line num="955" count="62" type="stmt"/>
        <line num="956" count="62" type="stmt"/>
        <line num="957" count="62" type="stmt"/>
        <line num="958" count="62" type="stmt"/>
        <line num="959" count="62" type="stmt"/>
        <line num="960" count="62" type="stmt"/>
        <line num="961" count="62" type="stmt"/>
        <line num="962" count="62" type="stmt"/>
        <line num="964" count="101" type="stmt"/>
        <line num="965" count="101" type="stmt"/>
        <line num="970" count="1" type="stmt"/>
        <line num="975" count="2" type="stmt"/>
        <line num="980" count="9" type="stmt"/>
        <line num="985" count="24" type="stmt"/>
        <line num="986" count="24" type="stmt"/>
        <line num="987" count="24" type="stmt"/>
        <line num="988" count="24" type="stmt"/>
        <line num="989" count="24" type="stmt"/>
        <line num="990" count="24" type="stmt"/>
        <line num="992" count="24" type="cond" truecount="4" falsecount="0"/>
        <line num="993" count="6" type="stmt"/>
        <line num="994" count="6" type="stmt"/>
        <line num="997" count="24" type="stmt"/>
        <line num="998" count="24" type="cond" truecount="4" falsecount="0"/>
        <line num="999" count="9" type="stmt"/>
        <line num="1002" count="24" type="stmt"/>
        <line num="1004" count="24" type="cond" truecount="2" falsecount="0"/>
        <line num="1005" count="10" type="stmt"/>
        <line num="1006" count="10" type="stmt"/>
        <line num="1010" count="10" type="cond" truecount="6" falsecount="0"/>
        <line num="1011" count="2" type="cond" truecount="1" falsecount="1"/>
        <line num="1012" count="2" type="stmt"/>
        <line num="1013" count="2" type="stmt"/>
        <line num="1014" count="2" type="stmt"/>
        <line num="1015" count="2" type="stmt"/>
        <line num="1017" count="2" type="stmt"/>
        <line num="1018" count="2" type="stmt"/>
        <line num="1019" count="2" type="stmt"/>
        <line num="1020" count="2" type="stmt"/>
        <line num="1022" count="2" type="stmt"/>
        <line num="1025" count="8" type="stmt"/>
        <line num="1028" count="22" type="stmt"/>
        <line num="1029" count="22" type="stmt"/>
        <line num="1034" count="6" type="stmt"/>
        <line num="1035" count="6" type="stmt"/>
        <line num="1036" count="6" type="stmt"/>
        <line num="1038" count="6" type="stmt"/>
        <line num="1040" count="6" type="cond" truecount="2" falsecount="0"/>
        <line num="1041" count="3" type="stmt"/>
        <line num="1042" count="3" type="stmt"/>
        <line num="1046" count="3" type="cond" truecount="6" falsecount="0"/>
        <line num="1047" count="1" type="cond" truecount="1" falsecount="1"/>
        <line num="1048" count="1" type="stmt"/>
        <line num="1049" count="1" type="stmt"/>
        <line num="1050" count="1" type="stmt"/>
        <line num="1051" count="1" type="stmt"/>
        <line num="1053" count="1" type="stmt"/>
        <line num="1054" count="1" type="stmt"/>
        <line num="1055" count="1" type="stmt"/>
        <line num="1056" count="1" type="stmt"/>
        <line num="1058" count="1" type="stmt"/>
        <line num="1061" count="2" type="stmt"/>
        <line num="1064" count="5" type="stmt"/>
        <line num="1065" count="5" type="stmt"/>
        <line num="1069" count="24" type="stmt"/>
        <line num="1070" count="24" type="stmt"/>
        <line num="1074" count="6" type="stmt"/>
        <line num="1075" count="6" type="stmt"/>
        <line num="1084" count="4" type="stmt"/>
        <line num="1089" count="24" type="stmt"/>
        <line num="1094" count="5" type="stmt"/>
        <line num="1104" count="1" type="stmt"/>
        <line num="1109" count="17" type="stmt"/>
        <line num="1119" count="3" type="stmt"/>
        <line num="1127" count="3" type="cond" truecount="2" falsecount="0"/>
        <line num="1128" count="3" type="cond" truecount="4" falsecount="0"/>
        <line num="1129" count="1" type="stmt"/>
        <line num="1131" count="2" type="stmt"/>
        <line num="1136" count="2" type="cond" truecount="2" falsecount="0"/>
        <line num="1137" count="1" type="stmt"/>
        <line num="1139" count="1" type="stmt"/>
        <line num="1140" count="1" type="cond" truecount="3" falsecount="1"/>
        <line num="1141" count="0" type="stmt"/>
        <line num="1143" count="1" type="stmt"/>
        <line num="1147" count="119" type="stmt"/>
        <line num="1148" count="119" type="cond" truecount="1" falsecount="1"/>
        <line num="1149" count="119" type="stmt"/>
        <line num="1150" count="119" type="stmt"/>
        <line num="1151" count="119" type="stmt"/>
        <line num="1156" count="79" type="stmt"/>
        <line num="1157" count="79" type="cond" truecount="1" falsecount="1"/>
        <line num="1158" count="79" type="stmt"/>
        <line num="1159" count="79" type="stmt"/>
        <line num="1160" count="79" type="stmt"/>
      </file>
      <file name="utils.ts" path="/home/tomsaporito/Github/game-grid/src/utils.ts">
        <metrics statements="19" coveredstatements="19" conditionals="14" coveredconditionals="13" methods="6" coveredmethods="6"/>
        <line num="20" count="2845" type="stmt"/>
        <line num="21" count="8530" type="cond" truecount="2" falsecount="0"/>
        <line num="22" count="2" type="stmt"/>
        <line num="24" count="8528" type="stmt"/>
        <line num="38" count="4" type="stmt"/>
        <line num="39" count="4" type="cond" truecount="2" falsecount="0"/>
        <line num="40" count="6" type="stmt"/>
        <line num="41" count="3" type="cond" truecount="4" falsecount="0"/>
        <line num="42" count="2" type="stmt"/>
        <line num="66" count="710" type="stmt"/>
        <line num="70" count="710" type="stmt"/>
        <line num="78" count="10" type="stmt"/>
        <line num="88" count="122" type="cond" truecount="1" falsecount="1"/>
        <line num="89" count="122" type="cond" truecount="2" falsecount="0"/>
        <line num="91" count="8" type="stmt"/>
        <line num="92" count="8" type="stmt"/>
        <line num="93" count="8" type="stmt"/>
        <line num="94" count="8" type="stmt"/>
        <line num="152" count="8" type="stmt"/>
      </file>
      <file name="zoom-render.ts" path="/home/tomsaporito/Github/game-grid/src/zoom-render.ts">
        <metrics statements="57" coveredstatements="57" conditionals="14" coveredconditionals="14" methods="9" coveredmethods="9"/>
        <line num="5" count="8" type="stmt"/>
        <line num="18" count="1" type="stmt"/>
        <line num="19" count="1" type="stmt"/>
        <line num="20" count="1" type="stmt"/>
        <line num="21" count="1" type="stmt"/>
        <line num="22" count="1" type="stmt"/>
        <line num="43" count="6" type="stmt"/>
        <line num="44" count="6" type="stmt"/>
        <line num="45" count="6" type="stmt"/>
        <line num="46" count="6" type="stmt"/>
        <line num="47" count="6" type="stmt"/>
        <line num="48" count="6" type="stmt"/>
        <line num="50" count="6" type="stmt"/>
        <line num="63" count="4" type="stmt"/>
        <line num="74" count="8" type="stmt"/>
        <line num="75" count="8" type="stmt"/>
        <line num="76" count="8" type="cond" truecount="4" falsecount="0"/>
        <line num="77" count="4" type="stmt"/>
        <line num="78" count="4" type="stmt"/>
        <line num="81" count="4" type="stmt"/>
        <line num="82" count="4" type="stmt"/>
        <line num="84" count="4" type="stmt"/>
        <line num="85" count="4" type="stmt"/>
        <line num="86" count="4" type="stmt"/>
        <line num="87" count="4" type="stmt"/>
        <line num="89" count="4" type="stmt"/>
        <line num="91" count="4" type="stmt"/>
        <line num="92" count="4" type="cond" truecount="2" falsecount="0"/>
        <line num="93" count="1" type="stmt"/>
        <line num="94" count="1" type="stmt"/>
        <line num="95" count="1" type="stmt"/>
        <line num="96" count="1" type="stmt"/>
        <line num="99" count="3" type="stmt"/>
        <line num="100" count="3" type="stmt"/>
        <line num="101" count="3" type="stmt"/>
        <line num="103" count="3" type="stmt"/>
        <line num="104" count="3" type="stmt"/>
        <line num="105" count="3" type="stmt"/>
        <line num="106" count="3" type="stmt"/>
        <line num="107" count="3" type="stmt"/>
        <line num="108" count="3" type="stmt"/>
        <line num="109" count="3" type="stmt"/>
        <line num="110" count="3" type="stmt"/>
        <line num="111" count="3" type="stmt"/>
        <line num="114" count="3" type="cond" truecount="4" falsecount="0"/>
        <line num="115" count="1" type="stmt"/>
        <line num="116" count="1" type="stmt"/>
        <line num="119" count="2" type="stmt"/>
        <line num="121" count="2" type="stmt"/>
        <line num="122" count="2" type="stmt"/>
        <line num="123" count="2" type="stmt"/>
        <line num="125" count="2" type="stmt"/>
        <line num="126" count="2" type="stmt"/>
        <line num="129" count="2" type="cond" truecount="4" falsecount="0"/>
        <line num="130" count="1" type="stmt"/>
        <line num="132" count="1" type="stmt"/>
        <line num="133" count="1" type="stmt"/>
      </file>
      <file name="zoom.ts" path="/home/tomsaporito/Github/game-grid/src/zoom.ts">
        <metrics statements="89" coveredstatements="84" conditionals="69" coveredconditionals="63" methods="17" coveredmethods="17"/>
        <line num="4" count="671" type="stmt"/>
        <line num="8" count="78" type="stmt"/>
        <line num="12" count="29" type="stmt"/>
        <line num="13" count="29" type="stmt"/>
        <line num="14" count="29" type="cond" truecount="4" falsecount="0"/>
        <line num="15" count="1" type="stmt"/>
        <line num="18" count="28" type="stmt"/>
        <line num="19" count="28" type="stmt"/>
        <line num="20" count="28" type="stmt"/>
        <line num="21" count="28" type="stmt"/>
        <line num="23" count="28" type="cond" truecount="3" falsecount="1"/>
        <line num="24" count="0" type="stmt"/>
        <line num="27" count="28" type="stmt"/>
        <line num="34" count="25" type="stmt"/>
        <line num="35" count="25" type="stmt"/>
        <line num="36" count="25" type="stmt"/>
        <line num="43" count="6" type="stmt"/>
        <line num="44" count="6" type="stmt"/>
        <line num="45" count="6" type="cond" truecount="4" falsecount="0"/>
        <line num="52" count="36" type="cond" truecount="3" falsecount="0"/>
        <line num="60" count="123" type="cond" truecount="1" falsecount="1"/>
        <line num="61" count="0" type="stmt"/>
        <line num="64" count="123" type="stmt"/>
        <line num="65" count="123" type="stmt"/>
        <line num="66" count="123" type="stmt"/>
        <line num="67" count="68" type="stmt"/>
        <line num="70" count="123" type="stmt"/>
        <line num="71" count="123" type="cond" truecount="2" falsecount="0"/>
        <line num="72" count="123" type="stmt"/>
        <line num="81" count="4" type="cond" truecount="2" falsecount="0"/>
        <line num="82" count="1" type="stmt"/>
        <line num="85" count="3" type="cond" truecount="2" falsecount="0"/>
        <line num="86" count="4" type="cond" truecount="1" falsecount="1"/>
        <line num="87" count="0" type="stmt"/>
        <line num="90" count="3" type="stmt"/>
        <line num="91" count="3" type="stmt"/>
        <line num="93" count="3" type="stmt"/>
        <line num="110" count="29" type="cond" truecount="1" falsecount="1"/>
        <line num="111" count="0" type="stmt"/>
        <line num="113" count="29" type="cond" truecount="6" falsecount="0"/>
        <line num="114" count="1" type="stmt"/>
        <line num="117" count="28" type="stmt"/>
        <line num="118" count="28" type="stmt"/>
        <line num="119" count="28" type="stmt"/>
        <line num="120" count="28" type="stmt"/>
        <line num="122" count="28" type="stmt"/>
        <line num="130" count="10" type="stmt"/>
        <line num="138" count="24" type="stmt"/>
        <line num="139" count="24" type="stmt"/>
        <line num="143" count="40" type="stmt"/>
        <line num="144" count="67" type="stmt"/>
        <line num="145" count="67" type="cond" truecount="4" falsecount="0"/>
        <line num="146" count="40" type="stmt"/>
        <line num="149" count="0" type="stmt"/>
        <line num="153" count="26" type="cond" truecount="4" falsecount="0"/>
        <line num="154" count="24" type="cond" truecount="4" falsecount="0"/>
        <line num="155" count="22" type="cond" truecount="4" falsecount="0"/>
        <line num="156" count="9" type="stmt"/>
        <line num="164" count="21" type="cond" truecount="2" falsecount="0"/>
        <line num="165" count="1" type="stmt"/>
        <line num="168" count="20" type="stmt"/>
        <line num="169" count="20" type="stmt"/>
        <line num="170" count="20" type="stmt"/>
        <line num="171" count="20" type="stmt"/>
        <line num="172" count="20" type="stmt"/>
        <line num="173" count="20" type="stmt"/>
        <line num="174" count="20" type="stmt"/>
        <line num="176" count="20" type="cond" truecount="1" falsecount="1"/>
        <line num="177" count="20" type="stmt"/>
        <line num="180" count="20" type="stmt"/>
        <line num="184" count="6" type="cond" truecount="3" falsecount="0"/>
        <line num="188" count="6" type="stmt"/>
        <line num="189" count="6" type="cond" truecount="1" falsecount="1"/>
        <line num="190" count="6" type="stmt"/>
        <line num="192" count="6" type="stmt"/>
        <line num="197" count="10" type="stmt"/>
        <line num="199" count="10" type="cond" truecount="5" falsecount="0"/>
        <line num="201" count="2" type="stmt"/>
        <line num="202" count="2" type="stmt"/>
        <line num="204" count="1" type="stmt"/>
        <line num="205" count="1" type="stmt"/>
        <line num="207" count="4" type="stmt"/>
        <line num="208" count="4" type="stmt"/>
        <line num="210" count="2" type="stmt"/>
        <line num="211" count="2" type="stmt"/>
        <line num="213" count="1" type="stmt"/>
        <line num="216" count="9" type="cond" truecount="6" falsecount="0"/>
        <line num="217" count="3" type="stmt"/>
        <line num="220" count="6" type="stmt"/>
      </file>
    </package>
    <package name="src.__mocks__">
      <metrics statements="2" coveredstatements="2" conditionals="0" coveredconditionals="0" methods="1" coveredmethods="1"/>
      <file name="matrix.ts" path="/home/tomsaporito/Github/game-grid/src/__mocks__/matrix.ts">
        <metrics statements="2" coveredstatements="2" conditionals="0" coveredconditionals="0" methods="1" coveredmethods="1"/>
        <line num="3" count="8" type="stmt"/>
        <line num="20" count="96" type="stmt"/>
      </file>
    </package>
  </project>
</coverage>
