<?xml version="1.0" encoding="UTF-8"?>
<coverage generated="1784982437200" clover="3.2.0">
  <project timestamp="1784982437200" name="All files">
    <metrics statements="330" coveredstatements="321" conditionals="137" coveredconditionals="120" methods="64" coveredmethods="64" elements="531" coveredelements="505" complexity="0" loc="330" ncloc="330" packages="2" files="4" classes="4"/>
    <package name="src">
      <metrics statements="328" coveredstatements="319" conditionals="137" coveredconditionals="120" methods="63" coveredmethods="63"/>
      <file name="enums.ts" path="/home/tomsaporito/Github/game-grid/src/enums.ts">
        <metrics statements="23" coveredstatements="23" conditionals="0" coveredconditionals="0" methods="3" coveredmethods="3"/>
        <line num="21" count="8" type="stmt"/>
        <line num="69" count="8" type="stmt"/>
        <line num="80" count="8" type="stmt"/>
        <line num="81" count="8" type="stmt"/>
        <line num="82" count="8" type="stmt"/>
        <line num="83" count="8" type="stmt"/>
        <line num="84" count="8" type="stmt"/>
        <line num="92" count="8" type="stmt"/>
        <line num="100" count="8" type="stmt"/>
        <line num="113" count="8" type="stmt"/>
        <line num="114" count="8" type="stmt"/>
        <line num="115" count="8" type="stmt"/>
        <line num="116" count="8" type="stmt"/>
        <line num="117" count="8" type="stmt"/>
        <line num="130" count="8" type="stmt"/>
        <line num="131" count="8" type="stmt"/>
        <line num="132" count="8" type="stmt"/>
        <line num="133" count="8" type="stmt"/>
        <line num="134" count="8" type="stmt"/>
        <line num="135" count="8" type="stmt"/>
        <line num="136" count="8" type="stmt"/>
        <line num="137" count="8" type="stmt"/>
        <line num="138" count="8" type="stmt"/>
      </file>
      <file name="index.ts" path="/home/tomsaporito/Github/game-grid/src/index.ts">
        <metrics statements="286" coveredstatements="277" conditionals="123" coveredconditionals="107" methods="54" coveredmethods="54"/>
        <line num="57" count="8" type="stmt"/>
        <line num="83" count="113" type="stmt"/>
        <line num="88" count="565" type="stmt"/>
        <line num="95" count="565" type="stmt"/>
        <line num="105" count="113" type="stmt"/>
        <line num="119" count="113" type="stmt"/>
        <line num="121" count="113" type="stmt"/>
        <line num="122" count="113" type="stmt"/>
        <line num="127" count="113" type="cond" truecount="2" falsecount="0"/>
        <line num="128" count="93" type="stmt"/>
        <line num="130" count="20" type="stmt"/>
        <line num="131" count="20" type="stmt"/>
        <line num="133" count="113" type="stmt"/>
        <line num="138" count="337" type="stmt"/>
        <line num="139" count="337" type="stmt"/>
        <line num="143" count="267" type="cond" truecount="2" falsecount="0"/>
        <line num="144" count="9" type="stmt"/>
        <line num="145" count="12" type="stmt"/>
        <line num="148" count="267" type="stmt"/>
        <line num="149" count="267" type="cond" truecount="2" falsecount="0"/>
        <line num="150" count="11" type="stmt"/>
        <line num="151" count="14" type="stmt"/>
        <line num="157" count="627" type="stmt"/>
        <line num="163" count="113" type="stmt"/>
        <line num="172" count="2" type="stmt"/>
        <line num="173" count="2" type="cond" truecount="2" falsecount="0"/>
        <line num="174" count="1" type="stmt"/>
        <line num="176" count="1" type="stmt"/>
        <line num="177" count="1" type="stmt"/>
        <line num="178" count="1" type="stmt"/>
        <line num="179" count="1" type="stmt"/>
        <line num="180" count="1" type="stmt"/>
        <line num="181" count="1" type="stmt"/>
        <line num="182" count="1" type="stmt"/>
        <line num="183" count="1" type="stmt"/>
        <line num="184" count="1" type="stmt"/>
        <line num="189" count="95" type="stmt"/>
        <line num="190" count="95" type="stmt"/>
        <line num="191" count="95" type="stmt"/>
        <line num="192" count="95" type="stmt"/>
        <line num="193" count="95" type="stmt"/>
        <line num="194" count="95" type="stmt"/>
        <line num="195" count="95" type="stmt"/>
        <line num="196" count="95" type="stmt"/>
        <line num="197" count="95" type="stmt"/>
        <line num="198" count="95" type="stmt"/>
        <line num="206" count="96" type="stmt"/>
        <line num="207" count="96" type="stmt"/>
        <line num="209" count="96" type="stmt"/>
        <line num="210" count="288" type="stmt"/>
        <line num="211" count="288" type="stmt"/>
        <line num="213" count="288" type="stmt"/>
        <line num="214" count="864" type="stmt"/>
        <line num="215" count="864" type="stmt"/>
        <line num="216" count="864" type="stmt"/>
        <line num="222" count="288" type="stmt"/>
        <line num="228" count="288" type="stmt"/>
        <line num="231" count="96" type="stmt"/>
        <line num="235" count="96" type="cond" truecount="1" falsecount="1"/>
        <line num="236" count="96" type="stmt"/>
        <line num="237" count="96" type="cond" truecount="2" falsecount="0"/>
        <line num="238" count="22" type="stmt"/>
        <line num="239" count="42" type="stmt"/>
        <line num="242" count="96" type="stmt"/>
        <line num="243" count="96" type="stmt"/>
        <line num="245" count="0" type="stmt"/>
        <line num="250" count="288" type="stmt"/>
        <line num="251" count="288" type="cond" truecount="2" falsecount="0"/>
        <line num="252" count="120" type="stmt"/>
        <line num="254" count="288" type="stmt"/>
        <line num="255" count="288" type="stmt"/>
        <line num="256" count="288" type="stmt"/>
        <line num="257" count="288" type="stmt"/>
        <line num="261" count="864" type="stmt"/>
        <line num="262" count="864" type="stmt"/>
        <line num="268" count="864" type="stmt"/>
        <line num="269" count="864" type="stmt"/>
        <line num="270" count="288" type="stmt"/>
        <line num="273" count="864" type="stmt"/>
        <line num="274" count="864" type="cond" truecount="2" falsecount="0"/>
        <line num="275" count="180" type="stmt"/>
        <line num="276" count="360" type="stmt"/>
        <line num="280" count="864" type="cond" truecount="2" falsecount="0"/>
        <line num="281" count="96" type="stmt"/>
        <line num="289" count="864" type="stmt"/>
        <line num="294" count="142" type="stmt"/>
        <line num="296" count="142" type="stmt"/>
        <line num="297" count="142" type="stmt"/>
        <line num="299" count="142" type="stmt"/>
        <line num="301" count="142" type="stmt"/>
        <line num="302" count="142" type="stmt"/>
        <line num="303" count="142" type="stmt"/>
        <line num="305" count="142" type="stmt"/>
        <line num="312" count="142" type="cond" truecount="2" falsecount="0"/>
        <line num="313" count="9" type="stmt"/>
        <line num="314" count="9" type="stmt"/>
        <line num="316" count="142" type="cond" truecount="2" falsecount="0"/>
        <line num="317" count="30" type="stmt"/>
        <line num="318" count="30" type="stmt"/>
        <line num="320" count="142" type="cond" truecount="2" falsecount="0"/>
        <line num="321" count="39" type="stmt"/>
        <line num="322" count="39" type="stmt"/>
        <line num="325" count="142" type="cond" truecount="2" falsecount="0"/>
        <line num="326" count="11" type="stmt"/>
        <line num="328" count="142" type="cond" truecount="2" falsecount="0"/>
        <line num="329" count="4" type="stmt"/>
        <line num="331" count="142" type="cond" truecount="2" falsecount="0"/>
        <line num="332" count="7" type="stmt"/>
        <line num="333" count="7" type="stmt"/>
        <line num="336" count="142" type="cond" truecount="2" falsecount="0"/>
        <line num="337" count="4" type="stmt"/>
        <line num="338" count="4" type="stmt"/>
        <line num="341" count="142" type="stmt"/>
        <line num="342" count="142" type="stmt"/>
        <line num="344" count="142" type="stmt"/>
        <line num="348" count="126" type="stmt"/>
        <line num="349" count="504" type="stmt"/>
        <line num="351" count="126" type="cond" truecount="2" falsecount="0"/>
        <line num="352" count="125" type="stmt"/>
        <line num="357" count="143" type="cond" truecount="2" falsecount="0"/>
        <line num="358" count="126" type="stmt"/>
        <line num="359" count="126" type="stmt"/>
        <line num="360" count="126" type="stmt"/>
        <line num="361" count="143" type="stmt"/>
        <line num="362" count="143" type="stmt"/>
        <line num="363" count="143" type="stmt"/>
        <line num="367" count="126" type="stmt"/>
        <line num="368" count="378" type="stmt"/>
        <line num="369" count="1134" type="stmt"/>
        <line num="374" count="1" type="stmt"/>
        <line num="375" count="1" type="cond" truecount="1" falsecount="1"/>
        <line num="376" count="1" type="stmt"/>
        <line num="377" count="1" type="stmt"/>
        <line num="384" count="3" type="stmt"/>
        <line num="389" count="2" type="stmt"/>
        <line num="390" count="2" type="stmt"/>
        <line num="391" count="2" type="stmt"/>
        <line num="398" count="3" type="stmt"/>
        <line num="399" count="3" type="stmt"/>
        <line num="400" count="3" type="stmt"/>
        <line num="405" count="2" type="stmt"/>
        <line num="406" count="2" type="stmt"/>
        <line num="407" count="6" type="stmt"/>
        <line num="408" count="18" type="cond" truecount="2" falsecount="0"/>
        <line num="409" count="2" type="stmt"/>
        <line num="413" count="2" type="stmt"/>
        <line num="418" count="10" type="stmt"/>
        <line num="419" count="10" type="stmt"/>
        <line num="421" count="10" type="stmt"/>
        <line num="430" count="16" type="stmt"/>
        <line num="431" count="16" type="stmt"/>
        <line num="433" count="16" type="stmt"/>
        <line num="442" count="11" type="stmt"/>
        <line num="443" count="11" type="stmt"/>
        <line num="445" count="11" type="stmt"/>
        <line num="454" count="8" type="stmt"/>
        <line num="455" count="8" type="stmt"/>
        <line num="457" count="8" type="stmt"/>
        <line num="466" count="142" type="stmt"/>
        <line num="467" count="142" type="stmt"/>
        <line num="468" count="142" type="cond" truecount="2" falsecount="0"/>
        <line num="469" count="1" type="stmt"/>
        <line num="471" count="142" type="stmt"/>
        <line num="485" count="142" type="stmt"/>
        <line num="486" count="142" type="stmt"/>
        <line num="487" count="142" type="stmt"/>
        <line num="488" count="142" type="stmt"/>
        <line num="492" count="142" type="cond" truecount="2" falsecount="0"/>
        <line num="493" count="4" type="cond" truecount="2" falsecount="0"/>
        <line num="494" count="2" type="stmt"/>
        <line num="495" count="2" type="stmt"/>
        <line num="496" count="2" type="stmt"/>
        <line num="497" count="2" type="stmt"/>
        <line num="499" count="2" type="stmt"/>
        <line num="500" count="2" type="stmt"/>
        <line num="501" count="2" type="stmt"/>
        <line num="502" count="2" type="stmt"/>
        <line num="504" count="138" type="cond" truecount="2" falsecount="0"/>
        <line num="505" count="2" type="cond" truecount="2" falsecount="0"/>
        <line num="506" count="1" type="stmt"/>
        <line num="507" count="1" type="stmt"/>
        <line num="508" count="1" type="stmt"/>
        <line num="509" count="1" type="stmt"/>
        <line num="511" count="1" type="stmt"/>
        <line num="512" count="1" type="stmt"/>
        <line num="513" count="1" type="stmt"/>
        <line num="514" count="1" type="stmt"/>
        <line num="517" count="136" type="stmt"/>
        <line num="520" count="142" type="stmt"/>
        <line num="521" count="142" type="cond" truecount="3" falsecount="1"/>
        <line num="523" count="142" type="stmt"/>
        <line num="524" count="142" type="cond" truecount="2" falsecount="0"/>
        <line num="525" count="3" type="cond" truecount="1" falsecount="1"/>
        <line num="526" count="3" type="stmt"/>
        <line num="527" count="3" type="stmt"/>
        <line num="528" count="3" type="stmt"/>
        <line num="529" count="3" type="stmt"/>
        <line num="531" count="0" type="stmt"/>
        <line num="532" count="0" type="stmt"/>
        <line num="533" count="0" type="stmt"/>
        <line num="534" count="0" type="stmt"/>
        <line num="536" count="139" type="cond" truecount="2" falsecount="0"/>
        <line num="537" count="2" type="cond" truecount="2" falsecount="0"/>
        <line num="538" count="1" type="stmt"/>
        <line num="539" count="1" type="stmt"/>
        <line num="540" count="1" type="stmt"/>
        <line num="541" count="1" type="stmt"/>
        <line num="543" count="1" type="stmt"/>
        <line num="544" count="1" type="stmt"/>
        <line num="545" count="1" type="stmt"/>
        <line num="546" count="1" type="stmt"/>
        <line num="549" count="137" type="stmt"/>
        <line num="552" count="142" type="cond" truecount="1" falsecount="1"/>
        <line num="553" count="142" type="stmt"/>
        <line num="555" count="142" type="stmt"/>
        <line num="566" count="426" type="cond" truecount="1" falsecount="1"/>
        <line num="570" count="142" type="stmt"/>
        <line num="571" count="142" type="cond" truecount="2" falsecount="0"/>
        <line num="572" count="134" type="stmt"/>
        <line num="573" count="134" type="cond" truecount="5" falsecount="0"/>
        <line num="574" count="133" type="stmt"/>
        <line num="578" count="284" type="cond" truecount="1" falsecount="1"/>
        <line num="583" count="9" type="cond" truecount="8" falsecount="0"/>
        <line num="586" count="1" type="stmt"/>
        <line num="587" count="1" type="stmt"/>
        <line num="591" count="1" type="stmt"/>
        <line num="592" count="1" type="stmt"/>
        <line num="596" count="2" type="stmt"/>
        <line num="597" count="2" type="stmt"/>
        <line num="601" count="1" type="stmt"/>
        <line num="602" count="1" type="stmt"/>
        <line num="606" count="1" type="stmt"/>
        <line num="607" count="1" type="stmt"/>
        <line num="611" count="1" type="stmt"/>
        <line num="612" count="1" type="stmt"/>
        <line num="616" count="1" type="stmt"/>
        <line num="617" count="1" type="stmt"/>
        <line num="621" count="1" type="stmt"/>
        <line num="622" count="1" type="stmt"/>
        <line num="627" count="9" type="stmt"/>
        <line num="628" count="9" type="cond" truecount="2" falsecount="0"/>
        <line num="629" count="5" type="cond" truecount="1" falsecount="1"/>
        <line num="635" count="5" type="stmt"/>
        <line num="636" count="5" type="stmt"/>
        <line num="639" count="9" type="cond" truecount="2" falsecount="0"/>
        <line num="640" count="4" type="cond" truecount="1" falsecount="1"/>
        <line num="646" count="4" type="stmt"/>
        <line num="647" count="4" type="stmt"/>
        <line num="652" count="2" type="stmt"/>
        <line num="653" count="2" type="stmt"/>
        <line num="654" count="2" type="cond" truecount="2" falsecount="0"/>
        <line num="655" count="1" type="cond" truecount="1" falsecount="1"/>
        <line num="656" count="1" type="stmt"/>
        <line num="657" count="1" type="cond" truecount="1" falsecount="1"/>
        <line num="658" count="1" type="stmt"/>
        <line num="659" count="1" type="cond" truecount="1" falsecount="1"/>
        <line num="660" count="1" type="stmt"/>
        <line num="662" count="0" type="stmt"/>
        <line num="665" count="0" type="stmt"/>
        <line num="670" count="0" type="stmt"/>
        <line num="671" count="0" type="stmt"/>
        <line num="677" count="6" type="stmt"/>
        <line num="681" count="3" type="stmt"/>
        <line num="685" count="70" type="stmt"/>
        <line num="686" count="70" type="stmt"/>
        <line num="687" count="70" type="cond" truecount="4" falsecount="0"/>
        <line num="688" count="55" type="stmt"/>
        <line num="689" count="55" type="stmt"/>
        <line num="690" count="55" type="stmt"/>
        <line num="691" count="55" type="stmt"/>
        <line num="692" count="55" type="stmt"/>
        <line num="693" count="55" type="stmt"/>
        <line num="695" count="70" type="stmt"/>
        <line num="696" count="70" type="stmt"/>
        <line num="701" count="1" type="stmt"/>
        <line num="706" count="2" type="stmt"/>
        <line num="710" count="96" type="stmt"/>
        <line num="711" count="96" type="cond" truecount="1" falsecount="1"/>
        <line num="712" count="96" type="stmt"/>
        <line num="713" count="96" type="stmt"/>
        <line num="714" count="96" type="stmt"/>
        <line num="719" count="56" type="stmt"/>
        <line num="720" count="56" type="cond" truecount="1" falsecount="1"/>
        <line num="721" count="56" type="stmt"/>
        <line num="722" count="56" type="stmt"/>
        <line num="723" count="56" type="stmt"/>
      </file>
      <file name="utils.ts" path="/home/tomsaporito/Github/game-grid/src/utils.ts">
        <metrics statements="19" coveredstatements="19" conditionals="14" coveredconditionals="13" methods="6" coveredmethods="6"/>
        <line num="20" count="867" type="stmt"/>
        <line num="21" count="2596" type="cond" truecount="2" falsecount="0"/>
        <line num="22" count="2" type="stmt"/>
        <line num="24" count="2594" type="stmt"/>
        <line num="38" count="4" type="stmt"/>
        <line num="39" count="4" type="cond" truecount="2" falsecount="0"/>
        <line num="40" count="6" type="stmt"/>
        <line num="41" count="3" type="cond" truecount="4" falsecount="0"/>
        <line num="42" count="2" type="stmt"/>
        <line num="66" count="566" type="stmt"/>
        <line num="70" count="566" type="stmt"/>
        <line num="78" count="9" type="stmt"/>
        <line num="88" count="99" type="cond" truecount="1" falsecount="1"/>
        <line num="89" count="99" type="cond" truecount="2" falsecount="0"/>
        <line num="91" count="7" type="stmt"/>
        <line num="92" count="7" type="stmt"/>
        <line num="93" count="7" type="stmt"/>
        <line num="94" count="7" type="stmt"/>
        <line num="131" count="7" type="stmt"/>
      </file>
    </package>
    <package name="src.__mocks__">
      <metrics statements="2" coveredstatements="2" conditionals="0" coveredconditionals="0" methods="1" coveredmethods="1"/>
      <file name="matrix.ts" path="/home/tomsaporito/Github/game-grid/src/__mocks__/matrix.ts">
        <metrics statements="2" coveredstatements="2" conditionals="0" coveredconditionals="0" methods="1" coveredmethods="1"/>
        <line num="3" count="8" type="stmt"/>
        <line num="20" count="96" type="stmt"/>
      </file>
    </package>
  </project>
</coverage>
