{"/home/tomsaporito/Github/game-grid/src/enums.ts": {"path":"/home/tomsaporito/Github/game-grid/src/enums.ts","statementMap":{"0":{"start":{"line":21,"column":30},"end":{"line":57,"column":null}},"1":{"start":{"line":69,"column":28},"end":{"line":73,"column":null}},"2":{"start":{"line":80,"column":7},"end":{"line":85,"column":null}},"3":{"start":{"line":81,"column":2},"end":{"line":81,"column":null}},"4":{"start":{"line":82,"column":2},"end":{"line":82,"column":null}},"5":{"start":{"line":83,"column":2},"end":{"line":83,"column":null}},"6":{"start":{"line":84,"column":2},"end":{"line":84,"column":null}},"7":{"start":{"line":92,"column":61},"end":{"line":97,"column":null}},"8":{"start":{"line":100,"column":37},"end":{"line":106,"column":null}},"9":{"start":{"line":113,"column":7},"end":{"line":118,"column":null}},"10":{"start":{"line":114,"column":2},"end":{"line":114,"column":null}},"11":{"start":{"line":115,"column":2},"end":{"line":115,"column":null}},"12":{"start":{"line":116,"column":2},"end":{"line":116,"column":null}},"13":{"start":{"line":117,"column":2},"end":{"line":117,"column":null}},"14":{"start":{"line":130,"column":7},"end":{"line":139,"column":null}},"15":{"start":{"line":131,"column":2},"end":{"line":131,"column":null}},"16":{"start":{"line":132,"column":2},"end":{"line":132,"column":null}},"17":{"start":{"line":133,"column":2},"end":{"line":133,"column":null}},"18":{"start":{"line":134,"column":2},"end":{"line":134,"column":null}},"19":{"start":{"line":135,"column":2},"end":{"line":135,"column":null}},"20":{"start":{"line":136,"column":2},"end":{"line":136,"column":null}},"21":{"start":{"line":137,"column":2},"end":{"line":137,"column":null}},"22":{"start":{"line":138,"column":2},"end":{"line":138,"column":null}}},"fnMap":{"0":{"name":"(anonymous_0)","decl":{"start":{"line":80,"column":7},"end":{"line":80,"column":12}},"loc":{"start":{"line":80,"column":7},"end":{"line":85,"column":null}},"line":80},"1":{"name":"(anonymous_1)","decl":{"start":{"line":113,"column":7},"end":{"line":113,"column":12}},"loc":{"start":{"line":113,"column":7},"end":{"line":118,"column":null}},"line":113},"2":{"name":"(anonymous_2)","decl":{"start":{"line":130,"column":7},"end":{"line":130,"column":12}},"loc":{"start":{"line":130,"column":7},"end":{"line":139,"column":null}},"line":130}},"branchMap":{},"s":{"0":8,"1":8,"2":8,"3":8,"4":8,"5":8,"6":8,"7":8,"8":8,"9":8,"10":8,"11":8,"12":8,"13":8,"14":8,"15":8,"16":8,"17":8,"18":8,"19":8,"20":8,"21":8,"22":8},"f":{"0":8,"1":8,"2":8},"b":{},"meta":{"lastBranch":0,"lastFunction":3,"lastStatement":23,"seen":{"s:21:30:57:Infinity":0,"s:69:28:73:Infinity":1,"s:80:7:85:Infinity":2,"f:80:7:80:12":0,"s:81:2:81:Infinity":3,"s:82:2:82:Infinity":4,"s:83:2:83:Infinity":5,"s:84:2:84:Infinity":6,"s:92:61:97:Infinity":7,"s:100:37:106:Infinity":8,"s:113:7:118:Infinity":9,"f:113:7:113:12":1,"s:114:2:114:Infinity":10,"s:115:2:115:Infinity":11,"s:116:2:116:Infinity":12,"s:117:2:117:Infinity":13,"s:130:7:139:Infinity":14,"f:130:7:130:12":2,"s:131:2:131:Infinity":15,"s:132:2:132:Infinity":16,"s:133:2:133:Infinity":17,"s:134:2:134:Infinity":18,"s:135:2:135:Infinity":19,"s:136:2:136:Infinity":20,"s:137:2:137:Infinity":21,"s:138:2:138:Infinity":22},"fnNames":{}}}
,"/home/tomsaporito/Github/game-grid/src/index.ts": {"path":"/home/tomsaporito/Github/game-grid/src/index.ts","statementMap":{"0":{"start":{"line":57,"column":34},"end":{"line":57,"column":null}},"1":{"start":{"line":83,"column":26},"end":{"line":83,"column":null}},"2":{"start":{"line":374,"column":10},"end":{"line":380,"column":null}},"3":{"start":{"line":627,"column":10},"end":{"line":650,"column":null}},"4":{"start":{"line":652,"column":10},"end":{"line":673,"column":null}},"5":{"start":{"line":88,"column":4},"end":{"line":90,"column":null}},"6":{"start":{"line":95,"column":4},"end":{"line":95,"column":null}},"7":{"start":{"line":105,"column":4},"end":{"line":117,"column":null}},"8":{"start":{"line":119,"column":4},"end":{"line":119,"column":null}},"9":{"start":{"line":121,"column":4},"end":{"line":121,"column":null}},"10":{"start":{"line":122,"column":4},"end":{"line":125,"column":null}},"11":{"start":{"line":127,"column":4},"end":{"line":132,"column":null}},"12":{"start":{"line":128,"column":6},"end":{"line":128,"column":null}},"13":{"start":{"line":130,"column":6},"end":{"line":130,"column":null}},"14":{"start":{"line":131,"column":6},"end":{"line":131,"column":null}},"15":{"start":{"line":133,"column":4},"end":{"line":133,"column":null}},"16":{"start":{"line":138,"column":29},"end":{"line":138,"column":null}},"17":{"start":{"line":139,"column":4},"end":{"line":139,"column":null}},"18":{"start":{"line":143,"column":4},"end":{"line":147,"column":null}},"19":{"start":{"line":144,"column":6},"end":{"line":146,"column":null}},"20":{"start":{"line":145,"column":8},"end":{"line":145,"column":null}},"21":{"start":{"line":148,"column":4},"end":{"line":148,"column":null}},"22":{"start":{"line":149,"column":4},"end":{"line":153,"column":null}},"23":{"start":{"line":150,"column":6},"end":{"line":152,"column":null}},"24":{"start":{"line":151,"column":8},"end":{"line":151,"column":null}},"25":{"start":{"line":157,"column":4},"end":{"line":157,"column":null}},"26":{"start":{"line":163,"column":4},"end":{"line":167,"column":null}},"27":{"start":{"line":172,"column":22},"end":{"line":172,"column":null}},"28":{"start":{"line":173,"column":4},"end":{"line":175,"column":null}},"29":{"start":{"line":174,"column":6},"end":{"line":174,"column":null}},"30":{"start":{"line":176,"column":4},"end":{"line":176,"column":null}},"31":{"start":{"line":177,"column":4},"end":{"line":177,"column":null}},"32":{"start":{"line":178,"column":4},"end":{"line":178,"column":null}},"33":{"start":{"line":179,"column":4},"end":{"line":179,"column":null}},"34":{"start":{"line":180,"column":4},"end":{"line":180,"column":null}},"35":{"start":{"line":181,"column":21},"end":{"line":181,"column":null}},"36":{"start":{"line":182,"column":4},"end":{"line":182,"column":null}},"37":{"start":{"line":183,"column":4},"end":{"line":183,"column":null}},"38":{"start":{"line":184,"column":4},"end":{"line":184,"column":null}},"39":{"start":{"line":189,"column":4},"end":{"line":189,"column":null}},"40":{"start":{"line":190,"column":4},"end":{"line":190,"column":null}},"41":{"start":{"line":191,"column":4},"end":{"line":191,"column":null}},"42":{"start":{"line":192,"column":4},"end":{"line":192,"column":null}},"43":{"start":{"line":193,"column":21},"end":{"line":193,"column":null}},"44":{"start":{"line":194,"column":4},"end":{"line":194,"column":null}},"45":{"start":{"line":195,"column":4},"end":{"line":195,"column":null}},"46":{"start":{"line":196,"column":4},"end":{"line":196,"column":null}},"47":{"start":{"line":197,"column":4},"end":{"line":197,"column":null}},"48":{"start":{"line":198,"column":4},"end":{"line":202,"column":null}},"49":{"start":{"line":206,"column":4},"end":{"line":206,"column":null}},"50":{"start":{"line":207,"column":21},"end":{"line":207,"column":null}},"51":{"start":{"line":209,"column":4},"end":{"line":229,"column":null}},"52":{"start":{"line":210,"column":34},"end":{"line":210,"column":null}},"53":{"start":{"line":211,"column":6},"end":{"line":211,"column":null}},"54":{"start":{"line":213,"column":6},"end":{"line":221,"column":null}},"55":{"start":{"line":214,"column":37},"end":{"line":214,"column":null}},"56":{"start":{"line":215,"column":8},"end":{"line":215,"column":null}},"57":{"start":{"line":216,"column":8},"end":{"line":220,"column":null}},"58":{"start":{"line":222,"column":6},"end":{"line":227,"column":null}},"59":{"start":{"line":228,"column":6},"end":{"line":228,"column":null}},"60":{"start":{"line":231,"column":4},"end":{"line":231,"column":null}},"61":{"start":{"line":235,"column":4},"end":{"line":246,"column":null}},"62":{"start":{"line":236,"column":6},"end":{"line":236,"column":null}},"63":{"start":{"line":237,"column":6},"end":{"line":241,"column":null}},"64":{"start":{"line":238,"column":8},"end":{"line":240,"column":null}},"65":{"start":{"line":239,"column":10},"end":{"line":239,"column":null}},"66":{"start":{"line":242,"column":6},"end":{"line":242,"column":null}},"67":{"start":{"line":243,"column":6},"end":{"line":243,"column":null}},"68":{"start":{"line":245,"column":6},"end":{"line":245,"column":null}},"69":{"start":{"line":250,"column":32},"end":{"line":250,"column":null}},"70":{"start":{"line":251,"column":4},"end":{"line":253,"column":null}},"71":{"start":{"line":252,"column":6},"end":{"line":252,"column":null}},"72":{"start":{"line":252,"column":60},"end":{"line":252,"column":87}},"73":{"start":{"line":254,"column":4},"end":{"line":254,"column":null}},"74":{"start":{"line":255,"column":4},"end":{"line":255,"column":null}},"75":{"start":{"line":256,"column":4},"end":{"line":256,"column":null}},"76":{"start":{"line":257,"column":4},"end":{"line":257,"column":null}},"77":{"start":{"line":261,"column":33},"end":{"line":261,"column":null}},"78":{"start":{"line":262,"column":4},"end":{"line":266,"column":null}},"79":{"start":{"line":268,"column":4},"end":{"line":268,"column":null}},"80":{"start":{"line":269,"column":4},"end":{"line":271,"column":null}},"81":{"start":{"line":270,"column":6},"end":{"line":270,"column":null}},"82":{"start":{"line":273,"column":4},"end":{"line":273,"column":null}},"83":{"start":{"line":274,"column":4},"end":{"line":278,"column":null}},"84":{"start":{"line":275,"column":6},"end":{"line":277,"column":null}},"85":{"start":{"line":276,"column":8},"end":{"line":276,"column":null}},"86":{"start":{"line":280,"column":4},"end":{"line":288,"column":null}},"87":{"start":{"line":281,"column":6},"end":{"line":287,"column":null}},"88":{"start":{"line":289,"column":4},"end":{"line":289,"column":null}},"89":{"start":{"line":294,"column":30},"end":{"line":294,"column":null}},"90":{"start":{"line":296,"column":4},"end":{"line":296,"column":null}},"91":{"start":{"line":297,"column":4},"end":{"line":297,"column":null}},"92":{"start":{"line":299,"column":33},"end":{"line":299,"column":null}},"93":{"start":{"line":301,"column":22},"end":{"line":301,"column":null}},"94":{"start":{"line":302,"column":24},"end":{"line":302,"column":null}},"95":{"start":{"line":303,"column":24},"end":{"line":303,"column":null}},"96":{"start":{"line":305,"column":4},"end":{"line":310,"column":null}},"97":{"start":{"line":312,"column":4},"end":{"line":315,"column":null}},"98":{"start":{"line":313,"column":6},"end":{"line":313,"column":null}},"99":{"start":{"line":314,"column":6},"end":{"line":314,"column":null}},"100":{"start":{"line":316,"column":4},"end":{"line":319,"column":null}},"101":{"start":{"line":317,"column":6},"end":{"line":317,"column":null}},"102":{"start":{"line":318,"column":6},"end":{"line":318,"column":null}},"103":{"start":{"line":320,"column":4},"end":{"line":323,"column":null}},"104":{"start":{"line":321,"column":6},"end":{"line":321,"column":null}},"105":{"start":{"line":322,"column":6},"end":{"line":322,"column":null}},"106":{"start":{"line":325,"column":4},"end":{"line":327,"column":null}},"107":{"start":{"line":326,"column":6},"end":{"line":326,"column":null}},"108":{"start":{"line":328,"column":4},"end":{"line":330,"column":null}},"109":{"start":{"line":329,"column":6},"end":{"line":329,"column":null}},"110":{"start":{"line":331,"column":4},"end":{"line":334,"column":null}},"111":{"start":{"line":332,"column":6},"end":{"line":332,"column":null}},"112":{"start":{"line":333,"column":6},"end":{"line":333,"column":null}},"113":{"start":{"line":336,"column":4},"end":{"line":339,"column":null}},"114":{"start":{"line":337,"column":6},"end":{"line":337,"column":null}},"115":{"start":{"line":338,"column":6},"end":{"line":338,"column":null}},"116":{"start":{"line":341,"column":4},"end":{"line":341,"column":null}},"117":{"start":{"line":342,"column":4},"end":{"line":342,"column":null}},"118":{"start":{"line":344,"column":4},"end":{"line":344,"column":null}},"119":{"start":{"line":348,"column":4},"end":{"line":350,"column":null}},"120":{"start":{"line":349,"column":6},"end":{"line":349,"column":null}},"121":{"start":{"line":351,"column":4},"end":{"line":353,"column":null}},"122":{"start":{"line":352,"column":6},"end":{"line":352,"column":null}},"123":{"start":{"line":357,"column":4},"end":{"line":357,"column":null}},"124":{"start":{"line":357,"column":35},"end":{"line":357,"column":null}},"125":{"start":{"line":358,"column":4},"end":{"line":358,"column":null}},"126":{"start":{"line":359,"column":21},"end":{"line":359,"column":null}},"127":{"start":{"line":360,"column":17},"end":{"line":360,"column":null}},"128":{"start":{"line":361,"column":4},"end":{"line":361,"column":null}},"129":{"start":{"line":362,"column":4},"end":{"line":362,"column":null}},"130":{"start":{"line":363,"column":4},"end":{"line":363,"column":null}},"131":{"start":{"line":363,"column":47},"end":{"line":363,"column":78}},"132":{"start":{"line":367,"column":4},"end":{"line":371,"column":null}},"133":{"start":{"line":368,"column":6},"end":{"line":370,"column":null}},"134":{"start":{"line":369,"column":8},"end":{"line":369,"column":null}},"135":{"start":{"line":375,"column":4},"end":{"line":379,"column":null}},"136":{"start":{"line":376,"column":6},"end":{"line":378,"column":null}},"137":{"start":{"line":377,"column":8},"end":{"line":377,"column":null}},"138":{"start":{"line":384,"column":4},"end":{"line":384,"column":null}},"139":{"start":{"line":389,"column":14},"end":{"line":389,"column":null}},"140":{"start":{"line":390,"column":14},"end":{"line":390,"column":null}},"141":{"start":{"line":391,"column":4},"end":{"line":393,"column":null}},"142":{"start":{"line":398,"column":14},"end":{"line":398,"column":null}},"143":{"start":{"line":399,"column":14},"end":{"line":399,"column":null}},"144":{"start":{"line":400,"column":4},"end":{"line":400,"column":null}},"145":{"start":{"line":405,"column":27},"end":{"line":405,"column":null}},"146":{"start":{"line":406,"column":4},"end":{"line":412,"column":null}},"147":{"start":{"line":407,"column":6},"end":{"line":411,"column":null}},"148":{"start":{"line":408,"column":8},"end":{"line":410,"column":null}},"149":{"start":{"line":409,"column":10},"end":{"line":409,"column":null}},"150":{"start":{"line":413,"column":4},"end":{"line":413,"column":null}},"151":{"start":{"line":418,"column":4},"end":{"line":418,"column":null}},"152":{"start":{"line":419,"column":4},"end":{"line":419,"column":null}},"153":{"start":{"line":421,"column":4},"end":{"line":425,"column":null}},"154":{"start":{"line":430,"column":4},"end":{"line":430,"column":null}},"155":{"start":{"line":431,"column":4},"end":{"line":431,"column":null}},"156":{"start":{"line":433,"column":4},"end":{"line":437,"column":null}},"157":{"start":{"line":442,"column":4},"end":{"line":442,"column":null}},"158":{"start":{"line":443,"column":4},"end":{"line":443,"column":null}},"159":{"start":{"line":445,"column":4},"end":{"line":449,"column":null}},"160":{"start":{"line":454,"column":4},"end":{"line":454,"column":null}},"161":{"start":{"line":455,"column":4},"end":{"line":455,"column":null}},"162":{"start":{"line":457,"column":4},"end":{"line":461,"column":null}},"163":{"start":{"line":466,"column":24},"end":{"line":466,"column":null}},"164":{"start":{"line":467,"column":4},"end":{"line":467,"column":null}},"165":{"start":{"line":468,"column":4},"end":{"line":470,"column":null}},"166":{"start":{"line":469,"column":6},"end":{"line":469,"column":null}},"167":{"start":{"line":471,"column":4},"end":{"line":471,"column":null}},"168":{"start":{"line":485,"column":19},"end":{"line":485,"column":null}},"169":{"start":{"line":486,"column":12},"end":{"line":486,"column":null}},"170":{"start":{"line":487,"column":18},"end":{"line":487,"column":null}},"171":{"start":{"line":488,"column":18},"end":{"line":488,"column":null}},"172":{"start":{"line":492,"column":4},"end":{"line":518,"column":null}},"173":{"start":{"line":493,"column":6},"end":{"line":503,"column":null}},"174":{"start":{"line":494,"column":8},"end":{"line":494,"column":null}},"175":{"start":{"line":495,"column":8},"end":{"line":495,"column":null}},"176":{"start":{"line":496,"column":8},"end":{"line":496,"column":null}},"177":{"start":{"line":497,"column":8},"end":{"line":497,"column":null}},"178":{"start":{"line":499,"column":8},"end":{"line":499,"column":null}},"179":{"start":{"line":500,"column":8},"end":{"line":500,"column":null}},"180":{"start":{"line":501,"column":8},"end":{"line":501,"column":null}},"181":{"start":{"line":502,"column":8},"end":{"line":502,"column":null}},"182":{"start":{"line":504,"column":11},"end":{"line":518,"column":null}},"183":{"start":{"line":505,"column":6},"end":{"line":515,"column":null}},"184":{"start":{"line":506,"column":8},"end":{"line":506,"column":null}},"185":{"start":{"line":507,"column":8},"end":{"line":507,"column":null}},"186":{"start":{"line":508,"column":8},"end":{"line":508,"column":null}},"187":{"start":{"line":509,"column":8},"end":{"line":509,"column":null}},"188":{"start":{"line":511,"column":8},"end":{"line":511,"column":null}},"189":{"start":{"line":512,"column":8},"end":{"line":512,"column":null}},"190":{"start":{"line":513,"column":8},"end":{"line":513,"column":null}},"191":{"start":{"line":514,"column":8},"end":{"line":514,"column":null}},"192":{"start":{"line":517,"column":6},"end":{"line":517,"column":null}},"193":{"start":{"line":520,"column":16},"end":{"line":520,"column":null}},"194":{"start":{"line":521,"column":19},"end":{"line":521,"column":null}},"195":{"start":{"line":523,"column":12},"end":{"line":523,"column":null}},"196":{"start":{"line":524,"column":4},"end":{"line":550,"column":null}},"197":{"start":{"line":525,"column":6},"end":{"line":535,"column":null}},"198":{"start":{"line":526,"column":8},"end":{"line":526,"column":null}},"199":{"start":{"line":527,"column":8},"end":{"line":527,"column":null}},"200":{"start":{"line":528,"column":8},"end":{"line":528,"column":null}},"201":{"start":{"line":529,"column":8},"end":{"line":529,"column":null}},"202":{"start":{"line":531,"column":8},"end":{"line":531,"column":null}},"203":{"start":{"line":532,"column":8},"end":{"line":532,"column":null}},"204":{"start":{"line":533,"column":8},"end":{"line":533,"column":null}},"205":{"start":{"line":534,"column":8},"end":{"line":534,"column":null}},"206":{"start":{"line":536,"column":11},"end":{"line":550,"column":null}},"207":{"start":{"line":537,"column":6},"end":{"line":547,"column":null}},"208":{"start":{"line":538,"column":8},"end":{"line":538,"column":null}},"209":{"start":{"line":539,"column":8},"end":{"line":539,"column":null}},"210":{"start":{"line":540,"column":8},"end":{"line":540,"column":null}},"211":{"start":{"line":541,"column":8},"end":{"line":541,"column":null}},"212":{"start":{"line":543,"column":8},"end":{"line":543,"column":null}},"213":{"start":{"line":544,"column":8},"end":{"line":544,"column":null}},"214":{"start":{"line":545,"column":8},"end":{"line":545,"column":null}},"215":{"start":{"line":546,"column":8},"end":{"line":546,"column":null}},"216":{"start":{"line":549,"column":6},"end":{"line":549,"column":null}},"217":{"start":{"line":552,"column":17},"end":{"line":552,"column":null}},"218":{"start":{"line":553,"column":4},"end":{"line":553,"column":null}},"219":{"start":{"line":555,"column":4},"end":{"line":562,"column":null}},"220":{"start":{"line":566,"column":4},"end":{"line":566,"column":null}},"221":{"start":{"line":570,"column":14},"end":{"line":570,"column":null}},"222":{"start":{"line":571,"column":4},"end":{"line":571,"column":null}},"223":{"start":{"line":571,"column":47},"end":{"line":571,"column":null}},"224":{"start":{"line":572,"column":18},"end":{"line":572,"column":null}},"225":{"start":{"line":573,"column":4},"end":{"line":573,"column":null}},"226":{"start":{"line":573,"column":57},"end":{"line":573,"column":null}},"227":{"start":{"line":574,"column":4},"end":{"line":574,"column":null}},"228":{"start":{"line":578,"column":4},"end":{"line":578,"column":null}},"229":{"start":{"line":583,"column":4},"end":{"line":624,"column":null}},"230":{"start":{"line":586,"column":8},"end":{"line":586,"column":null}},"231":{"start":{"line":587,"column":8},"end":{"line":587,"column":null}},"232":{"start":{"line":591,"column":8},"end":{"line":591,"column":null}},"233":{"start":{"line":592,"column":8},"end":{"line":592,"column":null}},"234":{"start":{"line":596,"column":8},"end":{"line":596,"column":null}},"235":{"start":{"line":597,"column":8},"end":{"line":597,"column":null}},"236":{"start":{"line":601,"column":8},"end":{"line":601,"column":null}},"237":{"start":{"line":602,"column":8},"end":{"line":602,"column":null}},"238":{"start":{"line":606,"column":8},"end":{"line":606,"column":null}},"239":{"start":{"line":607,"column":8},"end":{"line":607,"column":null}},"240":{"start":{"line":611,"column":8},"end":{"line":611,"column":null}},"241":{"start":{"line":612,"column":8},"end":{"line":612,"column":null}},"242":{"start":{"line":616,"column":8},"end":{"line":616,"column":null}},"243":{"start":{"line":617,"column":8},"end":{"line":617,"column":null}},"244":{"start":{"line":621,"column":8},"end":{"line":621,"column":null}},"245":{"start":{"line":622,"column":8},"end":{"line":622,"column":null}},"246":{"start":{"line":628,"column":4},"end":{"line":638,"column":null}},"247":{"start":{"line":629,"column":6},"end":{"line":637,"column":null}},"248":{"start":{"line":635,"column":8},"end":{"line":635,"column":null}},"249":{"start":{"line":636,"column":8},"end":{"line":636,"column":null}},"250":{"start":{"line":639,"column":4},"end":{"line":649,"column":null}},"251":{"start":{"line":640,"column":6},"end":{"line":648,"column":null}},"252":{"start":{"line":646,"column":8},"end":{"line":646,"column":null}},"253":{"start":{"line":647,"column":8},"end":{"line":647,"column":null}},"254":{"start":{"line":653,"column":4},"end":{"line":672,"column":null}},"255":{"start":{"line":654,"column":6},"end":{"line":668,"column":null}},"256":{"start":{"line":655,"column":8},"end":{"line":667,"column":null}},"257":{"start":{"line":656,"column":25},"end":{"line":656,"column":null}},"258":{"start":{"line":657,"column":10},"end":{"line":666,"column":null}},"259":{"start":{"line":658,"column":27},"end":{"line":658,"column":null}},"260":{"start":{"line":659,"column":12},"end":{"line":663,"column":null}},"261":{"start":{"line":660,"column":14},"end":{"line":660,"column":null}},"262":{"start":{"line":662,"column":14},"end":{"line":662,"column":null}},"263":{"start":{"line":665,"column":12},"end":{"line":665,"column":null}},"264":{"start":{"line":670,"column":6},"end":{"line":670,"column":null}},"265":{"start":{"line":671,"column":6},"end":{"line":671,"column":null}},"266":{"start":{"line":677,"column":4},"end":{"line":677,"column":null}},"267":{"start":{"line":681,"column":4},"end":{"line":681,"column":null}},"268":{"start":{"line":685,"column":21},"end":{"line":685,"column":null}},"269":{"start":{"line":686,"column":22},"end":{"line":686,"column":null}},"270":{"start":{"line":687,"column":4},"end":{"line":694,"column":null}},"271":{"start":{"line":688,"column":6},"end":{"line":688,"column":null}},"272":{"start":{"line":689,"column":6},"end":{"line":689,"column":null}},"273":{"start":{"line":690,"column":6},"end":{"line":690,"column":null}},"274":{"start":{"line":691,"column":6},"end":{"line":691,"column":null}},"275":{"start":{"line":691,"column":53},"end":{"line":691,"column":83}},"276":{"start":{"line":692,"column":6},"end":{"line":692,"column":null}},"277":{"start":{"line":693,"column":6},"end":{"line":693,"column":null}},"278":{"start":{"line":695,"column":4},"end":{"line":695,"column":null}},"279":{"start":{"line":696,"column":4},"end":{"line":696,"column":null}},"280":{"start":{"line":701,"column":4},"end":{"line":701,"column":null}},"281":{"start":{"line":706,"column":4},"end":{"line":706,"column":null}},"282":{"start":{"line":710,"column":22},"end":{"line":710,"column":null}},"283":{"start":{"line":711,"column":4},"end":{"line":715,"column":null}},"284":{"start":{"line":712,"column":6},"end":{"line":712,"column":null}},"285":{"start":{"line":713,"column":6},"end":{"line":713,"column":null}},"286":{"start":{"line":714,"column":6},"end":{"line":714,"column":null}},"287":{"start":{"line":719,"column":22},"end":{"line":719,"column":null}},"288":{"start":{"line":720,"column":4},"end":{"line":724,"column":null}},"289":{"start":{"line":721,"column":6},"end":{"line":721,"column":null}},"290":{"start":{"line":722,"column":6},"end":{"line":722,"column":null}},"291":{"start":{"line":723,"column":6},"end":{"line":723,"column":null}}},"fnMap":{"0":{"name":"getEventTarget","decl":{"start":{"line":87,"column":2},"end":{"line":87,"column":10}},"loc":{"start":{"line":87,"column":40},"end":{"line":92,"column":null}},"line":87},"1":{"name":"emit","decl":{"start":{"line":94,"column":2},"end":{"line":94,"column":10}},"loc":{"start":{"line":94,"column":72},"end":{"line":96,"column":null}},"line":94},"2":{"name":"constructor","decl":{"start":{"line":104,"column":2},"end":{"line":104,"column":14}},"loc":{"start":{"line":104,"column":56},"end":{"line":134,"column":null}},"line":104},"3":{"name":"updateState","decl":{"start":{"line":137,"column":2},"end":{"line":137,"column":10}},"loc":{"start":{"line":137,"column":45},"end":{"line":140,"column":null}},"line":137},"4":{"name":"setStateSync","decl":{"start":{"line":142,"column":2},"end":{"line":142,"column":9}},"loc":{"start":{"line":142,"column":45},"end":{"line":154,"column":null}},"line":142},"5":{"name":"getState","decl":{"start":{"line":156,"column":2},"end":{"line":156,"column":9}},"loc":{"start":{"line":156,"column":28},"end":{"line":158,"column":null}},"line":156},"6":{"name":"setEmptyRefs","decl":{"start":{"line":162,"column":2},"end":{"line":162,"column":10}},"loc":{"start":{"line":162,"column":38},"end":{"line":168,"column":null}},"line":162},"7":{"name":"refresh","decl":{"start":{"line":171,"column":2},"end":{"line":171,"column":9}},"loc":{"start":{"line":171,"column":25},"end":{"line":185,"column":null}},"line":171},"8":{"name":"render","decl":{"start":{"line":188,"column":2},"end":{"line":188,"column":9}},"loc":{"start":{"line":188,"column":46},"end":{"line":203,"column":null}},"line":188},"9":{"name":"renderGrid","decl":{"start":{"line":205,"column":2},"end":{"line":205,"column":10}},"loc":{"start":{"line":205,"column":41},"end":{"line":232,"column":null}},"line":205},"10":{"name":"(anonymous_10)","decl":{"start":{"line":209,"column":16},"end":{"line":209,"column":25}},"loc":{"start":{"line":209,"column":58},"end":{"line":229,"column":5}},"line":209},"11":{"name":"(anonymous_11)","decl":{"start":{"line":213,"column":14},"end":{"line":213,"column":23}},"loc":{"start":{"line":213,"column":55},"end":{"line":221,"column":7}},"line":213},"12":{"name":"augmentContainer","decl":{"start":{"line":234,"column":2},"end":{"line":234,"column":10}},"loc":{"start":{"line":234,"column":35},"end":{"line":247,"column":null}},"line":234},"13":{"name":"(anonymous_13)","decl":{"start":{"line":238,"column":38},"end":{"line":238,"column":47}},"loc":{"start":{"line":239,"column":10},"end":{"line":239,"column":null}},"line":239},"14":{"name":"renderRow","decl":{"start":{"line":249,"column":2},"end":{"line":249,"column":10}},"loc":{"start":{"line":249,"column":48},"end":{"line":258,"column":null}},"line":249},"15":{"name":"(anonymous_15)","decl":{"start":{"line":252,"column":30},"end":{"line":252,"column":39}},"loc":{"start":{"line":252,"column":60},"end":{"line":252,"column":87}},"line":252},"16":{"name":"renderCell","decl":{"start":{"line":260,"column":2},"end":{"line":260,"column":10}},"loc":{"start":{"line":260,"column":78},"end":{"line":290,"column":null}},"line":260},"17":{"name":"(anonymous_17)","decl":{"start":{"line":269,"column":29},"end":{"line":269,"column":38}},"loc":{"start":{"line":269,"column":57},"end":{"line":271,"column":5}},"line":269},"18":{"name":"(anonymous_18)","decl":{"start":{"line":275,"column":31},"end":{"line":275,"column":40}},"loc":{"start":{"line":275,"column":62},"end":{"line":277,"column":7}},"line":275},"19":{"name":"setActiveCell","decl":{"start":{"line":293,"column":2},"end":{"line":293,"column":9}},"loc":{"start":{"line":293,"column":71},"end":{"line":345,"column":null}},"line":293},"20":{"name":"syncActiveDirectionClasses","decl":{"start":{"line":347,"column":2},"end":{"line":347,"column":10}},"loc":{"start":{"line":347,"column":63},"end":{"line":354,"column":null}},"line":347},"21":{"name":"syncActiveDom","decl":{"start":{"line":356,"column":2},"end":{"line":356,"column":10}},"loc":{"start":{"line":356,"column":50},"end":{"line":364,"column":null}},"line":356},"22":{"name":"(anonymous_22)","decl":{"start":{"line":363,"column":32},"end":{"line":363,"column":41}},"loc":{"start":{"line":363,"column":47},"end":{"line":363,"column":78}},"line":363},"23":{"name":"removeActiveClasses","decl":{"start":{"line":366,"column":2},"end":{"line":366,"column":10}},"loc":{"start":{"line":366,"column":38},"end":{"line":372,"column":null}},"line":366},"24":{"name":"(anonymous_24)","decl":{"start":{"line":367,"column":20},"end":{"line":367,"column":29}},"loc":{"start":{"line":367,"column":41},"end":{"line":371,"column":5}},"line":367},"25":{"name":"(anonymous_25)","decl":{"start":{"line":368,"column":14},"end":{"line":368,"column":23}},"loc":{"start":{"line":368,"column":39},"end":{"line":370,"column":7}},"line":368},"26":{"name":"(anonymous_26)","decl":{"start":{"line":374,"column":10},"end":{"line":374,"column":38}},"loc":{"start":{"line":374,"column":38},"end":{"line":380,"column":null}},"line":374},"27":{"name":"(anonymous_27)","decl":{"start":{"line":376,"column":36},"end":{"line":376,"column":45}},"loc":{"start":{"line":376,"column":72},"end":{"line":378,"column":7}},"line":376},"28":{"name":"getActiveCell","decl":{"start":{"line":383,"column":2},"end":{"line":383,"column":9}},"loc":{"start":{"line":383,"column":32},"end":{"line":385,"column":null}},"line":383},"29":{"name":"getPreviousCell","decl":{"start":{"line":388,"column":2},"end":{"line":388,"column":9}},"loc":{"start":{"line":388,"column":34},"end":{"line":394,"column":null}},"line":388},"30":{"name":"getCell","decl":{"start":{"line":397,"column":2},"end":{"line":397,"column":9}},"loc":{"start":{"line":397,"column":70},"end":{"line":401,"column":null}},"line":397},"31":{"name":"getAllCellsByType","decl":{"start":{"line":404,"column":2},"end":{"line":404,"column":9}},"loc":{"start":{"line":404,"column":50},"end":{"line":414,"column":null}},"line":404},"32":{"name":"(anonymous_32)","decl":{"start":{"line":406,"column":16},"end":{"line":406,"column":25}},"loc":{"start":{"line":406,"column":54},"end":{"line":412,"column":5}},"line":406},"33":{"name":"(anonymous_33)","decl":{"start":{"line":407,"column":10},"end":{"line":407,"column":19}},"loc":{"start":{"line":407,"column":47},"end":{"line":411,"column":7}},"line":407},"34":{"name":"moveUp","decl":{"start":{"line":417,"column":2},"end":{"line":417,"column":9}},"loc":{"start":{"line":417,"column":24},"end":{"line":426,"column":null}},"line":417},"35":{"name":"moveRight","decl":{"start":{"line":429,"column":2},"end":{"line":429,"column":9}},"loc":{"start":{"line":429,"column":27},"end":{"line":438,"column":null}},"line":429},"36":{"name":"moveDown","decl":{"start":{"line":441,"column":2},"end":{"line":441,"column":9}},"loc":{"start":{"line":441,"column":26},"end":{"line":450,"column":null}},"line":441},"37":{"name":"moveLeft","decl":{"start":{"line":453,"column":2},"end":{"line":453,"column":9}},"loc":{"start":{"line":453,"column":26},"end":{"line":462,"column":null}},"line":453},"38":{"name":"createNewMovesArray","decl":{"start":{"line":465,"column":2},"end":{"line":465,"column":10}},"loc":{"start":{"line":465,"column":44},"end":{"line":472,"column":null}},"line":465},"39":{"name":"getValidXandY","decl":{"start":{"line":474,"column":2},"end":{"line":474,"column":10}},"loc":{"start":{"line":484,"column":4},"end":{"line":563,"column":null}},"line":484},"40":{"name":"normalizedCellType","decl":{"start":{"line":565,"column":2},"end":{"line":565,"column":10}},"loc":{"start":{"line":565,"column":59},"end":{"line":567,"column":null}},"line":565},"41":{"name":"isBlockingCell","decl":{"start":{"line":569,"column":2},"end":{"line":569,"column":10}},"loc":{"start":{"line":569,"column":56},"end":{"line":575,"column":null}},"line":569},"42":{"name":"isCollidingCell","decl":{"start":{"line":577,"column":2},"end":{"line":577,"column":10}},"loc":{"start":{"line":577,"column":57},"end":{"line":579,"column":null}},"line":577},"43":{"name":"handleDirection","decl":{"start":{"line":582,"column":2},"end":{"line":582,"column":10}},"loc":{"start":{"line":582,"column":54},"end":{"line":625,"column":null}},"line":582},"44":{"name":"(anonymous_44)","decl":{"start":{"line":627,"column":10},"end":{"line":627,"column":27}},"loc":{"start":{"line":627,"column":58},"end":{"line":650,"column":null}},"line":627},"45":{"name":"(anonymous_45)","decl":{"start":{"line":652,"column":10},"end":{"line":652,"column":29}},"loc":{"start":{"line":652,"column":57},"end":{"line":673,"column":null}},"line":652},"46":{"name":"getOptions","decl":{"start":{"line":676,"column":2},"end":{"line":676,"column":9}},"loc":{"start":{"line":676,"column":32},"end":{"line":678,"column":null}},"line":676},"47":{"name":"setOptions","decl":{"start":{"line":680,"column":2},"end":{"line":680,"column":9}},"loc":{"start":{"line":680,"column":48},"end":{"line":682,"column":null}},"line":680},"48":{"name":"destroy","decl":{"start":{"line":684,"column":2},"end":{"line":684,"column":9}},"loc":{"start":{"line":684,"column":25},"end":{"line":697,"column":null}},"line":684},"49":{"name":"(anonymous_49)","decl":{"start":{"line":691,"column":37},"end":{"line":691,"column":46}},"loc":{"start":{"line":691,"column":53},"end":{"line":691,"column":83}},"line":691},"50":{"name":"setMatrix","decl":{"start":{"line":700,"column":2},"end":{"line":700,"column":9}},"loc":{"start":{"line":700,"column":39},"end":{"line":702,"column":null}},"line":700},"51":{"name":"getMatrix","decl":{"start":{"line":705,"column":2},"end":{"line":705,"column":9}},"loc":{"start":{"line":705,"column":32},"end":{"line":707,"column":null}},"line":705},"52":{"name":"attachHandlers","decl":{"start":{"line":709,"column":2},"end":{"line":709,"column":10}},"loc":{"start":{"line":709,"column":33},"end":{"line":716,"column":null}},"line":709},"53":{"name":"dettachHandlers","decl":{"start":{"line":718,"column":2},"end":{"line":718,"column":10}},"loc":{"start":{"line":718,"column":34},"end":{"line":725,"column":null}},"line":718}},"branchMap":{"0":{"loc":{"start":{"line":89,"column":6},"end":{"line":90,"column":null}},"type":"binary-expr","locations":[{"start":{"line":89,"column":6},"end":{"line":89,"column":null}},{"start":{"line":90,"column":7},"end":{"line":90,"column":null}}],"line":89},"1":{"loc":{"start":{"line":90,"column":7},"end":{"line":90,"column":null}},"type":"cond-expr","locations":[{"start":{"line":90,"column":50},"end":{"line":90,"column":70}},{"start":{"line":90,"column":70},"end":{"line":90,"column":null}}],"line":90},"2":{"loc":{"start":{"line":127,"column":4},"end":{"line":132,"column":null}},"type":"if","locations":[{"start":{"line":127,"column":4},"end":{"line":132,"column":null}},{"start":{"line":129,"column":11},"end":{"line":132,"column":null}}],"line":127},"3":{"loc":{"start":{"line":143,"column":4},"end":{"line":147,"column":null}},"type":"if","locations":[{"start":{"line":143,"column":4},"end":{"line":147,"column":null}},{"start":{},"end":{}}],"line":143},"4":{"loc":{"start":{"line":149,"column":4},"end":{"line":153,"column":null}},"type":"if","locations":[{"start":{"line":149,"column":4},"end":{"line":153,"column":null}},{"start":{},"end":{}}],"line":149},"5":{"loc":{"start":{"line":173,"column":4},"end":{"line":175,"column":null}},"type":"if","locations":[{"start":{"line":173,"column":4},"end":{"line":175,"column":null}},{"start":{},"end":{}}],"line":173},"6":{"loc":{"start":{"line":235,"column":4},"end":{"line":246,"column":null}},"type":"if","locations":[{"start":{"line":235,"column":4},"end":{"line":246,"column":null}},{"start":{"line":244,"column":11},"end":{"line":246,"column":null}}],"line":235},"7":{"loc":{"start":{"line":237,"column":6},"end":{"line":241,"column":null}},"type":"if","locations":[{"start":{"line":237,"column":6},"end":{"line":241,"column":null}},{"start":{},"end":{}}],"line":237},"8":{"loc":{"start":{"line":251,"column":4},"end":{"line":253,"column":null}},"type":"if","locations":[{"start":{"line":251,"column":4},"end":{"line":253,"column":null}},{"start":{},"end":{}}],"line":251},"9":{"loc":{"start":{"line":265,"column":34},"end":{"line":265,"column":68}},"type":"binary-expr","locations":[{"start":{"line":265,"column":34},"end":{"line":265,"column":51}},{"start":{"line":265,"column":51},"end":{"line":265,"column":68}}],"line":265},"10":{"loc":{"start":{"line":274,"column":4},"end":{"line":278,"column":null}},"type":"if","locations":[{"start":{"line":274,"column":4},"end":{"line":278,"column":null}},{"start":{},"end":{}}],"line":274},"11":{"loc":{"start":{"line":280,"column":4},"end":{"line":288,"column":null}},"type":"if","locations":[{"start":{"line":280,"column":4},"end":{"line":288,"column":null}},{"start":{},"end":{}}],"line":280},"12":{"loc":{"start":{"line":306,"column":20},"end":{"line":306,"column":null}},"type":"cond-expr","locations":[{"start":{"line":306,"column":32},"end":{"line":306,"column":58}},{"start":{"line":306,"column":58},"end":{"line":306,"column":null}}],"line":306},"13":{"loc":{"start":{"line":312,"column":4},"end":{"line":315,"column":null}},"type":"if","locations":[{"start":{"line":312,"column":4},"end":{"line":315,"column":null}},{"start":{},"end":{}}],"line":312},"14":{"loc":{"start":{"line":316,"column":4},"end":{"line":319,"column":null}},"type":"if","locations":[{"start":{"line":316,"column":4},"end":{"line":319,"column":null}},{"start":{},"end":{}}],"line":316},"15":{"loc":{"start":{"line":320,"column":4},"end":{"line":323,"column":null}},"type":"if","locations":[{"start":{"line":320,"column":4},"end":{"line":323,"column":null}},{"start":{},"end":{}}],"line":320},"16":{"loc":{"start":{"line":325,"column":4},"end":{"line":327,"column":null}},"type":"if","locations":[{"start":{"line":325,"column":4},"end":{"line":327,"column":null}},{"start":{},"end":{}}],"line":325},"17":{"loc":{"start":{"line":328,"column":4},"end":{"line":330,"column":null}},"type":"if","locations":[{"start":{"line":328,"column":4},"end":{"line":330,"column":null}},{"start":{},"end":{}}],"line":328},"18":{"loc":{"start":{"line":331,"column":4},"end":{"line":334,"column":null}},"type":"if","locations":[{"start":{"line":331,"column":4},"end":{"line":334,"column":null}},{"start":{},"end":{}}],"line":331},"19":{"loc":{"start":{"line":336,"column":4},"end":{"line":339,"column":null}},"type":"if","locations":[{"start":{"line":336,"column":4},"end":{"line":339,"column":null}},{"start":{},"end":{}}],"line":336},"20":{"loc":{"start":{"line":351,"column":4},"end":{"line":353,"column":null}},"type":"if","locations":[{"start":{"line":351,"column":4},"end":{"line":353,"column":null}},{"start":{},"end":{}}],"line":351},"21":{"loc":{"start":{"line":357,"column":4},"end":{"line":357,"column":null}},"type":"if","locations":[{"start":{"line":357,"column":4},"end":{"line":357,"column":null}},{"start":{},"end":{}}],"line":357},"22":{"loc":{"start":{"line":375,"column":4},"end":{"line":379,"column":null}},"type":"if","locations":[{"start":{"line":375,"column":4},"end":{"line":379,"column":null}},{"start":{},"end":{}}],"line":375},"23":{"loc":{"start":{"line":408,"column":8},"end":{"line":410,"column":null}},"type":"if","locations":[{"start":{"line":408,"column":8},"end":{"line":410,"column":null}},{"start":{},"end":{}}],"line":408},"24":{"loc":{"start":{"line":468,"column":4},"end":{"line":470,"column":null}},"type":"if","locations":[{"start":{"line":468,"column":4},"end":{"line":470,"column":null}},{"start":{},"end":{}}],"line":468},"25":{"loc":{"start":{"line":492,"column":4},"end":{"line":518,"column":null}},"type":"if","locations":[{"start":{"line":492,"column":4},"end":{"line":518,"column":null}},{"start":{"line":504,"column":11},"end":{"line":518,"column":null}}],"line":492},"26":{"loc":{"start":{"line":493,"column":6},"end":{"line":503,"column":null}},"type":"if","locations":[{"start":{"line":493,"column":6},"end":{"line":503,"column":null}},{"start":{"line":498,"column":13},"end":{"line":503,"column":null}}],"line":493},"27":{"loc":{"start":{"line":504,"column":11},"end":{"line":518,"column":null}},"type":"if","locations":[{"start":{"line":504,"column":11},"end":{"line":518,"column":null}},{"start":{"line":516,"column":11},"end":{"line":518,"column":null}}],"line":504},"28":{"loc":{"start":{"line":505,"column":6},"end":{"line":515,"column":null}},"type":"if","locations":[{"start":{"line":505,"column":6},"end":{"line":515,"column":null}},{"start":{"line":510,"column":13},"end":{"line":515,"column":null}}],"line":505},"29":{"loc":{"start":{"line":521,"column":19},"end":{"line":521,"column":null}},"type":"cond-expr","locations":[{"start":{"line":521,"column":43},"end":{"line":521,"column":60}},{"start":{"line":521,"column":60},"end":{"line":521,"column":null}}],"line":521},"30":{"loc":{"start":{"line":521,"column":19},"end":{"line":521,"column":43}},"type":"binary-expr","locations":[{"start":{"line":521,"column":19},"end":{"line":521,"column":26}},{"start":{"line":521,"column":26},"end":{"line":521,"column":43}}],"line":521},"31":{"loc":{"start":{"line":524,"column":4},"end":{"line":550,"column":null}},"type":"if","locations":[{"start":{"line":524,"column":4},"end":{"line":550,"column":null}},{"start":{"line":536,"column":11},"end":{"line":550,"column":null}}],"line":524},"32":{"loc":{"start":{"line":525,"column":6},"end":{"line":535,"column":null}},"type":"if","locations":[{"start":{"line":525,"column":6},"end":{"line":535,"column":null}},{"start":{"line":530,"column":13},"end":{"line":535,"column":null}}],"line":525},"33":{"loc":{"start":{"line":536,"column":11},"end":{"line":550,"column":null}},"type":"if","locations":[{"start":{"line":536,"column":11},"end":{"line":550,"column":null}},{"start":{"line":548,"column":11},"end":{"line":550,"column":null}}],"line":536},"34":{"loc":{"start":{"line":537,"column":6},"end":{"line":547,"column":null}},"type":"if","locations":[{"start":{"line":537,"column":6},"end":{"line":547,"column":null}},{"start":{"line":542,"column":13},"end":{"line":547,"column":null}}],"line":537},"35":{"loc":{"start":{"line":552,"column":30},"end":{"line":552,"column":61}},"type":"binary-expr","locations":[{"start":{"line":552,"column":30},"end":{"line":552,"column":56}},{"start":{"line":552,"column":56},"end":{"line":552,"column":61}}],"line":552},"36":{"loc":{"start":{"line":566,"column":11},"end":{"line":566,"column":null}},"type":"binary-expr","locations":[{"start":{"line":566,"column":11},"end":{"line":566,"column":40}},{"start":{"line":566,"column":40},"end":{"line":566,"column":null}}],"line":566},"37":{"loc":{"start":{"line":571,"column":4},"end":{"line":571,"column":null}},"type":"if","locations":[{"start":{"line":571,"column":4},"end":{"line":571,"column":null}},{"start":{},"end":{}}],"line":571},"38":{"loc":{"start":{"line":573,"column":4},"end":{"line":573,"column":null}},"type":"if","locations":[{"start":{"line":573,"column":4},"end":{"line":573,"column":null}},{"start":{},"end":{}}],"line":573},"39":{"loc":{"start":{"line":573,"column":8},"end":{"line":573,"column":57}},"type":"binary-expr","locations":[{"start":{"line":573,"column":8},"end":{"line":573,"column":17}},{"start":{"line":573,"column":17},"end":{"line":573,"column":37}},{"start":{"line":573,"column":37},"end":{"line":573,"column":57}}],"line":573},"40":{"loc":{"start":{"line":578,"column":11},"end":{"line":578,"column":null}},"type":"binary-expr","locations":[{"start":{"line":578,"column":11},"end":{"line":578,"column":82}},{"start":{"line":578,"column":82},"end":{"line":578,"column":null}}],"line":578},"41":{"loc":{"start":{"line":583,"column":4},"end":{"line":624,"column":null}},"type":"switch","locations":[{"start":{"line":584,"column":6},"end":{"line":588,"column":null}},{"start":{"line":589,"column":6},"end":{"line":593,"column":null}},{"start":{"line":594,"column":6},"end":{"line":598,"column":null}},{"start":{"line":599,"column":6},"end":{"line":603,"column":null}},{"start":{"line":604,"column":6},"end":{"line":608,"column":null}},{"start":{"line":609,"column":6},"end":{"line":613,"column":null}},{"start":{"line":614,"column":6},"end":{"line":618,"column":null}},{"start":{"line":619,"column":6},"end":{"line":623,"column":null}}],"line":583},"42":{"loc":{"start":{"line":628,"column":4},"end":{"line":638,"column":null}},"type":"if","locations":[{"start":{"line":628,"column":4},"end":{"line":638,"column":null}},{"start":{},"end":{}}],"line":628},"43":{"loc":{"start":{"line":629,"column":6},"end":{"line":637,"column":null}},"type":"if","locations":[{"start":{"line":629,"column":6},"end":{"line":637,"column":null}},{"start":{},"end":{}}],"line":629},"44":{"loc":{"start":{"line":630,"column":8},"end":{"line":633,"column":null}},"type":"binary-expr","locations":[{"start":{"line":630,"column":8},"end":{"line":630,"column":null}},{"start":{"line":631,"column":8},"end":{"line":631,"column":null}},{"start":{"line":632,"column":8},"end":{"line":632,"column":null}},{"start":{"line":633,"column":8},"end":{"line":633,"column":null}}],"line":630},"45":{"loc":{"start":{"line":639,"column":4},"end":{"line":649,"column":null}},"type":"if","locations":[{"start":{"line":639,"column":4},"end":{"line":649,"column":null}},{"start":{},"end":{}}],"line":639},"46":{"loc":{"start":{"line":640,"column":6},"end":{"line":648,"column":null}},"type":"if","locations":[{"start":{"line":640,"column":6},"end":{"line":648,"column":null}},{"start":{},"end":{}}],"line":640},"47":{"loc":{"start":{"line":641,"column":8},"end":{"line":644,"column":null}},"type":"binary-expr","locations":[{"start":{"line":641,"column":8},"end":{"line":641,"column":null}},{"start":{"line":642,"column":8},"end":{"line":642,"column":null}},{"start":{"line":643,"column":8},"end":{"line":643,"column":null}},{"start":{"line":644,"column":8},"end":{"line":644,"column":null}}],"line":641},"48":{"loc":{"start":{"line":654,"column":6},"end":{"line":668,"column":null}},"type":"if","locations":[{"start":{"line":654,"column":6},"end":{"line":668,"column":null}},{"start":{},"end":{}}],"line":654},"49":{"loc":{"start":{"line":655,"column":8},"end":{"line":667,"column":null}},"type":"if","locations":[{"start":{"line":655,"column":8},"end":{"line":667,"column":null}},{"start":{},"end":{}}],"line":655},"50":{"loc":{"start":{"line":657,"column":10},"end":{"line":666,"column":null}},"type":"if","locations":[{"start":{"line":657,"column":10},"end":{"line":666,"column":null}},{"start":{"line":664,"column":17},"end":{"line":666,"column":null}}],"line":657},"51":{"loc":{"start":{"line":659,"column":12},"end":{"line":663,"column":null}},"type":"if","locations":[{"start":{"line":659,"column":12},"end":{"line":663,"column":null}},{"start":{"line":661,"column":19},"end":{"line":663,"column":null}}],"line":659},"52":{"loc":{"start":{"line":687,"column":4},"end":{"line":694,"column":null}},"type":"if","locations":[{"start":{"line":687,"column":4},"end":{"line":694,"column":null}},{"start":{},"end":{}}],"line":687},"53":{"loc":{"start":{"line":687,"column":8},"end":{"line":687,"column":31}},"type":"binary-expr","locations":[{"start":{"line":687,"column":8},"end":{"line":687,"column":21}},{"start":{"line":687,"column":21},"end":{"line":687,"column":31}}],"line":687},"54":{"loc":{"start":{"line":711,"column":4},"end":{"line":715,"column":null}},"type":"if","locations":[{"start":{"line":711,"column":4},"end":{"line":715,"column":null}},{"start":{},"end":{}}],"line":711},"55":{"loc":{"start":{"line":720,"column":4},"end":{"line":724,"column":null}},"type":"if","locations":[{"start":{"line":720,"column":4},"end":{"line":724,"column":null}},{"start":{},"end":{}}],"line":720}},"s":{"0":8,"1":113,"2":1,"3":9,"4":2,"5":565,"6":565,"7":113,"8":113,"9":113,"10":113,"11":113,"12":93,"13":20,"14":20,"15":113,"16":337,"17":337,"18":267,"19":9,"20":12,"21":267,"22":267,"23":11,"24":14,"25":627,"26":113,"27":2,"28":2,"29":1,"30":1,"31":1,"32":1,"33":1,"34":1,"35":1,"36":1,"37":1,"38":1,"39":95,"40":95,"41":95,"42":95,"43":95,"44":95,"45":95,"46":95,"47":95,"48":95,"49":96,"50":96,"51":96,"52":288,"53":288,"54":288,"55":864,"56":864,"57":864,"58":288,"59":288,"60":96,"61":96,"62":96,"63":96,"64":22,"65":42,"66":96,"67":96,"68":0,"69":288,"70":288,"71":60,"72":120,"73":288,"74":288,"75":288,"76":288,"77":864,"78":864,"79":864,"80":864,"81":288,"82":864,"83":864,"84":180,"85":360,"86":864,"87":96,"88":864,"89":142,"90":142,"91":142,"92":142,"93":142,"94":142,"95":142,"96":142,"97":142,"98":9,"99":9,"100":142,"101":30,"102":30,"103":142,"104":39,"105":39,"106":142,"107":11,"108":142,"109":4,"110":142,"111":7,"112":7,"113":142,"114":4,"115":4,"116":142,"117":142,"118":142,"119":126,"120":504,"121":126,"122":125,"123":143,"124":17,"125":126,"126":126,"127":126,"128":143,"129":143,"130":143,"131":40,"132":126,"133":378,"134":1134,"135":1,"136":1,"137":1,"138":3,"139":2,"140":2,"141":2,"142":3,"143":3,"144":3,"145":2,"146":2,"147":6,"148":18,"149":2,"150":2,"151":10,"152":10,"153":10,"154":16,"155":16,"156":16,"157":11,"158":11,"159":11,"160":8,"161":8,"162":8,"163":142,"164":142,"165":142,"166":1,"167":142,"168":142,"169":142,"170":142,"171":142,"172":142,"173":4,"174":2,"175":2,"176":2,"177":2,"178":2,"179":2,"180":2,"181":2,"182":138,"183":2,"184":1,"185":1,"186":1,"187":1,"188":1,"189":1,"190":1,"191":1,"192":136,"193":142,"194":142,"195":142,"196":142,"197":3,"198":3,"199":3,"200":3,"201":3,"202":0,"203":0,"204":0,"205":0,"206":139,"207":2,"208":1,"209":1,"210":1,"211":1,"212":1,"213":1,"214":1,"215":1,"216":137,"217":142,"218":142,"219":142,"220":426,"221":142,"222":142,"223":8,"224":134,"225":134,"226":1,"227":133,"228":284,"229":9,"230":1,"231":1,"232":1,"233":1,"234":2,"235":2,"236":1,"237":1,"238":1,"239":1,"240":1,"241":1,"242":1,"243":1,"244":1,"245":1,"246":9,"247":5,"248":5,"249":5,"250":9,"251":4,"252":4,"253":4,"254":2,"255":2,"256":1,"257":1,"258":1,"259":1,"260":1,"261":1,"262":0,"263":0,"264":0,"265":0,"266":6,"267":3,"268":70,"269":70,"270":70,"271":55,"272":55,"273":55,"274":55,"275":2,"276":55,"277":55,"278":70,"279":70,"280":1,"281":2,"282":96,"283":96,"284":96,"285":96,"286":96,"287":56,"288":56,"289":56,"290":56,"291":56},"f":{"0":565,"1":565,"2":113,"3":337,"4":267,"5":627,"6":113,"7":2,"8":95,"9":96,"10":288,"11":864,"12":96,"13":42,"14":288,"15":120,"16":864,"17":288,"18":360,"19":142,"20":126,"21":143,"22":40,"23":126,"24":378,"25":1134,"26":1,"27":1,"28":3,"29":2,"30":3,"31":2,"32":6,"33":18,"34":10,"35":16,"36":11,"37":8,"38":142,"39":142,"40":426,"41":142,"42":284,"43":9,"44":9,"45":2,"46":6,"47":3,"48":70,"49":2,"50":1,"51":2,"52":96,"53":56},"b":{"0":[565,552],"1":[552,0],"2":[93,20],"3":[9,258],"4":[11,256],"5":[1,1],"6":[96,0],"7":[22,74],"8":[60,228],"9":[864,0],"10":[180,684],"11":[96,768],"12":[9,133],"13":[9,133],"14":[30,112],"15":[39,103],"16":[11,131],"17":[4,138],"18":[7,135],"19":[4,138],"20":[125,1],"21":[17,126],"22":[1,0],"23":[2,16],"24":[1,141],"25":[4,138],"26":[2,2],"27":[2,136],"28":[1,1],"29":[142,0],"30":[142,142],"31":[3,139],"32":[3,0],"33":[2,137],"34":[1,1],"35":[142,0],"36":[426,0],"37":[8,134],"38":[1,133],"39":[134,134,2],"40":[284,0],"41":[1,1,2,1,1,1,1,1],"42":[5,4],"43":[5,0],"44":[5,3,2,1],"45":[4,5],"46":[4,0],"47":[4,3,2,1],"48":[1,1],"49":[1,0],"50":[1,0],"51":[1,0],"52":[55,15],"53":[70,55],"54":[96,0],"55":[56,0]},"meta":{"lastBranch":56,"lastFunction":54,"lastStatement":292,"seen":{"s:57:34:57:Infinity":0,"s:83:26:83:Infinity":1,"s:374:10:380:Infinity":2,"s:627:10:650:Infinity":3,"s:652:10:673:Infinity":4,"f:87:2:87:10":0,"s:88:4:90:Infinity":5,"b:89:6:89:Infinity:90:7:90:Infinity":0,"b:90:50:90:70:90:70:90:Infinity":1,"f:94:2:94:10":1,"s:95:4:95:Infinity":6,"f:104:2:104:14":2,"s:105:4:117:Infinity":7,"s:119:4:119:Infinity":8,"s:121:4:121:Infinity":9,"s:122:4:125:Infinity":10,"b:127:4:132:Infinity:129:11:132:Infinity":2,"s:127:4:132:Infinity":11,"s:128:6:128:Infinity":12,"s:130:6:130:Infinity":13,"s:131:6:131:Infinity":14,"s:133:4:133:Infinity":15,"f:137:2:137:10":3,"s:138:29:138:Infinity":16,"s:139:4:139:Infinity":17,"f:142:2:142:9":4,"b:143:4:147:Infinity:undefined:undefined:undefined:undefined":3,"s:143:4:147:Infinity":18,"s:144:6:146:Infinity":19,"s:145:8:145:Infinity":20,"s:148:4:148:Infinity":21,"b:149:4:153:Infinity:undefined:undefined:undefined:undefined":4,"s:149:4:153:Infinity":22,"s:150:6:152:Infinity":23,"s:151:8:151:Infinity":24,"f:156:2:156:9":5,"s:157:4:157:Infinity":25,"f:162:2:162:10":6,"s:163:4:167:Infinity":26,"f:171:2:171:9":7,"s:172:22:172:Infinity":27,"b:173:4:175:Infinity:undefined:undefined:undefined:undefined":5,"s:173:4:175:Infinity":28,"s:174:6:174:Infinity":29,"s:176:4:176:Infinity":30,"s:177:4:177:Infinity":31,"s:178:4:178:Infinity":32,"s:179:4:179:Infinity":33,"s:180:4:180:Infinity":34,"s:181:21:181:Infinity":35,"s:182:4:182:Infinity":36,"s:183:4:183:Infinity":37,"s:184:4:184:Infinity":38,"f:188:2:188:9":8,"s:189:4:189:Infinity":39,"s:190:4:190:Infinity":40,"s:191:4:191:Infinity":41,"s:192:4:192:Infinity":42,"s:193:21:193:Infinity":43,"s:194:4:194:Infinity":44,"s:195:4:195:Infinity":45,"s:196:4:196:Infinity":46,"s:197:4:197:Infinity":47,"s:198:4:202:Infinity":48,"f:205:2:205:10":9,"s:206:4:206:Infinity":49,"s:207:21:207:Infinity":50,"s:209:4:229:Infinity":51,"f:209:16:209:25":10,"s:210:34:210:Infinity":52,"s:211:6:211:Infinity":53,"s:213:6:221:Infinity":54,"f:213:14:213:23":11,"s:214:37:214:Infinity":55,"s:215:8:215:Infinity":56,"s:216:8:220:Infinity":57,"s:222:6:227:Infinity":58,"s:228:6:228:Infinity":59,"s:231:4:231:Infinity":60,"f:234:2:234:10":12,"b:235:4:246:Infinity:244:11:246:Infinity":6,"s:235:4:246:Infinity":61,"s:236:6:236:Infinity":62,"b:237:6:241:Infinity:undefined:undefined:undefined:undefined":7,"s:237:6:241:Infinity":63,"s:238:8:240:Infinity":64,"f:238:38:238:47":13,"s:239:10:239:Infinity":65,"s:242:6:242:Infinity":66,"s:243:6:243:Infinity":67,"s:245:6:245:Infinity":68,"f:249:2:249:10":14,"s:250:32:250:Infinity":69,"b:251:4:253:Infinity:undefined:undefined:undefined:undefined":8,"s:251:4:253:Infinity":70,"s:252:6:252:Infinity":71,"f:252:30:252:39":15,"s:252:60:252:87":72,"s:254:4:254:Infinity":73,"s:255:4:255:Infinity":74,"s:256:4:256:Infinity":75,"s:257:4:257:Infinity":76,"f:260:2:260:10":16,"s:261:33:261:Infinity":77,"s:262:4:266:Infinity":78,"b:265:34:265:51:265:51:265:68":9,"s:268:4:268:Infinity":79,"s:269:4:271:Infinity":80,"f:269:29:269:38":17,"s:270:6:270:Infinity":81,"s:273:4:273:Infinity":82,"b:274:4:278:Infinity:undefined:undefined:undefined:undefined":10,"s:274:4:278:Infinity":83,"s:275:6:277:Infinity":84,"f:275:31:275:40":18,"s:276:8:276:Infinity":85,"b:280:4:288:Infinity:undefined:undefined:undefined:undefined":11,"s:280:4:288:Infinity":86,"s:281:6:287:Infinity":87,"s:289:4:289:Infinity":88,"f:293:2:293:9":19,"s:294:30:294:Infinity":89,"s:296:4:296:Infinity":90,"s:297:4:297:Infinity":91,"s:299:33:299:Infinity":92,"s:301:22:301:Infinity":93,"s:302:24:302:Infinity":94,"s:303:24:303:Infinity":95,"s:305:4:310:Infinity":96,"b:306:32:306:58:306:58:306:Infinity":12,"b:312:4:315:Infinity:undefined:undefined:undefined:undefined":13,"s:312:4:315:Infinity":97,"s:313:6:313:Infinity":98,"s:314:6:314:Infinity":99,"b:316:4:319:Infinity:undefined:undefined:undefined:undefined":14,"s:316:4:319:Infinity":100,"s:317:6:317:Infinity":101,"s:318:6:318:Infinity":102,"b:320:4:323:Infinity:undefined:undefined:undefined:undefined":15,"s:320:4:323:Infinity":103,"s:321:6:321:Infinity":104,"s:322:6:322:Infinity":105,"b:325:4:327:Infinity:undefined:undefined:undefined:undefined":16,"s:325:4:327:Infinity":106,"s:326:6:326:Infinity":107,"b:328:4:330:Infinity:undefined:undefined:undefined:undefined":17,"s:328:4:330:Infinity":108,"s:329:6:329:Infinity":109,"b:331:4:334:Infinity:undefined:undefined:undefined:undefined":18,"s:331:4:334:Infinity":110,"s:332:6:332:Infinity":111,"s:333:6:333:Infinity":112,"b:336:4:339:Infinity:undefined:undefined:undefined:undefined":19,"s:336:4:339:Infinity":113,"s:337:6:337:Infinity":114,"s:338:6:338:Infinity":115,"s:341:4:341:Infinity":116,"s:342:4:342:Infinity":117,"s:344:4:344:Infinity":118,"f:347:2:347:10":20,"s:348:4:350:Infinity":119,"s:349:6:349:Infinity":120,"b:351:4:353:Infinity:undefined:undefined:undefined:undefined":20,"s:351:4:353:Infinity":121,"s:352:6:352:Infinity":122,"f:356:2:356:10":21,"b:357:4:357:Infinity:undefined:undefined:undefined:undefined":21,"s:357:4:357:Infinity":123,"s:357:35:357:Infinity":124,"s:358:4:358:Infinity":125,"s:359:21:359:Infinity":126,"s:360:17:360:Infinity":127,"s:361:4:361:Infinity":128,"s:362:4:362:Infinity":129,"s:363:4:363:Infinity":130,"f:363:32:363:41":22,"s:363:47:363:78":131,"f:366:2:366:10":23,"s:367:4:371:Infinity":132,"f:367:20:367:29":24,"s:368:6:370:Infinity":133,"f:368:14:368:23":25,"s:369:8:369:Infinity":134,"f:374:10:374:38":26,"b:375:4:379:Infinity:undefined:undefined:undefined:undefined":22,"s:375:4:379:Infinity":135,"s:376:6:378:Infinity":136,"f:376:36:376:45":27,"s:377:8:377:Infinity":137,"f:383:2:383:9":28,"s:384:4:384:Infinity":138,"f:388:2:388:9":29,"s:389:14:389:Infinity":139,"s:390:14:390:Infinity":140,"s:391:4:393:Infinity":141,"f:397:2:397:9":30,"s:398:14:398:Infinity":142,"s:399:14:399:Infinity":143,"s:400:4:400:Infinity":144,"f:404:2:404:9":31,"s:405:27:405:Infinity":145,"s:406:4:412:Infinity":146,"f:406:16:406:25":32,"s:407:6:411:Infinity":147,"f:407:10:407:19":33,"b:408:8:410:Infinity:undefined:undefined:undefined:undefined":23,"s:408:8:410:Infinity":148,"s:409:10:409:Infinity":149,"s:413:4:413:Infinity":150,"f:417:2:417:9":34,"s:418:4:418:Infinity":151,"s:419:4:419:Infinity":152,"s:421:4:425:Infinity":153,"f:429:2:429:9":35,"s:430:4:430:Infinity":154,"s:431:4:431:Infinity":155,"s:433:4:437:Infinity":156,"f:441:2:441:9":36,"s:442:4:442:Infinity":157,"s:443:4:443:Infinity":158,"s:445:4:449:Infinity":159,"f:453:2:453:9":37,"s:454:4:454:Infinity":160,"s:455:4:455:Infinity":161,"s:457:4:461:Infinity":162,"f:465:2:465:10":38,"s:466:24:466:Infinity":163,"s:467:4:467:Infinity":164,"b:468:4:470:Infinity:undefined:undefined:undefined:undefined":24,"s:468:4:470:Infinity":165,"s:469:6:469:Infinity":166,"s:471:4:471:Infinity":167,"f:474:2:474:10":39,"s:485:19:485:Infinity":168,"s:486:12:486:Infinity":169,"s:487:18:487:Infinity":170,"s:488:18:488:Infinity":171,"b:492:4:518:Infinity:504:11:518:Infinity":25,"s:492:4:518:Infinity":172,"b:493:6:503:Infinity:498:13:503:Infinity":26,"s:493:6:503:Infinity":173,"s:494:8:494:Infinity":174,"s:495:8:495:Infinity":175,"s:496:8:496:Infinity":176,"s:497:8:497:Infinity":177,"s:499:8:499:Infinity":178,"s:500:8:500:Infinity":179,"s:501:8:501:Infinity":180,"s:502:8:502:Infinity":181,"b:504:11:518:Infinity:516:11:518:Infinity":27,"s:504:11:518:Infinity":182,"b:505:6:515:Infinity:510:13:515:Infinity":28,"s:505:6:515:Infinity":183,"s:506:8:506:Infinity":184,"s:507:8:507:Infinity":185,"s:508:8:508:Infinity":186,"s:509:8:509:Infinity":187,"s:511:8:511:Infinity":188,"s:512:8:512:Infinity":189,"s:513:8:513:Infinity":190,"s:514:8:514:Infinity":191,"s:517:6:517:Infinity":192,"s:520:16:520:Infinity":193,"s:521:19:521:Infinity":194,"b:521:43:521:60:521:60:521:Infinity":29,"b:521:19:521:26:521:26:521:43":30,"s:523:12:523:Infinity":195,"b:524:4:550:Infinity:536:11:550:Infinity":31,"s:524:4:550:Infinity":196,"b:525:6:535:Infinity:530:13:535:Infinity":32,"s:525:6:535:Infinity":197,"s:526:8:526:Infinity":198,"s:527:8:527:Infinity":199,"s:528:8:528:Infinity":200,"s:529:8:529:Infinity":201,"s:531:8:531:Infinity":202,"s:532:8:532:Infinity":203,"s:533:8:533:Infinity":204,"s:534:8:534:Infinity":205,"b:536:11:550:Infinity:548:11:550:Infinity":33,"s:536:11:550:Infinity":206,"b:537:6:547:Infinity:542:13:547:Infinity":34,"s:537:6:547:Infinity":207,"s:538:8:538:Infinity":208,"s:539:8:539:Infinity":209,"s:540:8:540:Infinity":210,"s:541:8:541:Infinity":211,"s:543:8:543:Infinity":212,"s:544:8:544:Infinity":213,"s:545:8:545:Infinity":214,"s:546:8:546:Infinity":215,"s:549:6:549:Infinity":216,"s:552:17:552:Infinity":217,"b:552:30:552:56:552:56:552:61":35,"s:553:4:553:Infinity":218,"s:555:4:562:Infinity":219,"f:565:2:565:10":40,"s:566:4:566:Infinity":220,"b:566:11:566:40:566:40:566:Infinity":36,"f:569:2:569:10":41,"s:570:14:570:Infinity":221,"b:571:4:571:Infinity:undefined:undefined:undefined:undefined":37,"s:571:4:571:Infinity":222,"s:571:47:571:Infinity":223,"s:572:18:572:Infinity":224,"b:573:4:573:Infinity:undefined:undefined:undefined:undefined":38,"s:573:4:573:Infinity":225,"b:573:8:573:17:573:17:573:37:573:37:573:57":39,"s:573:57:573:Infinity":226,"s:574:4:574:Infinity":227,"f:577:2:577:10":42,"s:578:4:578:Infinity":228,"b:578:11:578:82:578:82:578:Infinity":40,"f:582:2:582:10":43,"b:584:6:588:Infinity:589:6:593:Infinity:594:6:598:Infinity:599:6:603:Infinity:604:6:608:Infinity:609:6:613:Infinity:614:6:618:Infinity:619:6:623:Infinity":41,"s:583:4:624:Infinity":229,"s:586:8:586:Infinity":230,"s:587:8:587:Infinity":231,"s:591:8:591:Infinity":232,"s:592:8:592:Infinity":233,"s:596:8:596:Infinity":234,"s:597:8:597:Infinity":235,"s:601:8:601:Infinity":236,"s:602:8:602:Infinity":237,"s:606:8:606:Infinity":238,"s:607:8:607:Infinity":239,"s:611:8:611:Infinity":240,"s:612:8:612:Infinity":241,"s:616:8:616:Infinity":242,"s:617:8:617:Infinity":243,"s:621:8:621:Infinity":244,"s:622:8:622:Infinity":245,"f:627:10:627:27":44,"b:628:4:638:Infinity:undefined:undefined:undefined:undefined":42,"s:628:4:638:Infinity":246,"b:629:6:637:Infinity:undefined:undefined:undefined:undefined":43,"s:629:6:637:Infinity":247,"b:630:8:630:Infinity:631:8:631:Infinity:632:8:632:Infinity:633:8:633:Infinity":44,"s:635:8:635:Infinity":248,"s:636:8:636:Infinity":249,"b:639:4:649:Infinity:undefined:undefined:undefined:undefined":45,"s:639:4:649:Infinity":250,"b:640:6:648:Infinity:undefined:undefined:undefined:undefined":46,"s:640:6:648:Infinity":251,"b:641:8:641:Infinity:642:8:642:Infinity:643:8:643:Infinity:644:8:644:Infinity":47,"s:646:8:646:Infinity":252,"s:647:8:647:Infinity":253,"f:652:10:652:29":45,"s:653:4:672:Infinity":254,"b:654:6:668:Infinity:undefined:undefined:undefined:undefined":48,"s:654:6:668:Infinity":255,"b:655:8:667:Infinity:undefined:undefined:undefined:undefined":49,"s:655:8:667:Infinity":256,"s:656:25:656:Infinity":257,"b:657:10:666:Infinity:664:17:666:Infinity":50,"s:657:10:666:Infinity":258,"s:658:27:658:Infinity":259,"b:659:12:663:Infinity:661:19:663:Infinity":51,"s:659:12:663:Infinity":260,"s:660:14:660:Infinity":261,"s:662:14:662:Infinity":262,"s:665:12:665:Infinity":263,"s:670:6:670:Infinity":264,"s:671:6:671:Infinity":265,"f:676:2:676:9":46,"s:677:4:677:Infinity":266,"f:680:2:680:9":47,"s:681:4:681:Infinity":267,"f:684:2:684:9":48,"s:685:21:685:Infinity":268,"s:686:22:686:Infinity":269,"b:687:4:694:Infinity:undefined:undefined:undefined:undefined":52,"s:687:4:694:Infinity":270,"b:687:8:687:21:687:21:687:31":53,"s:688:6:688:Infinity":271,"s:689:6:689:Infinity":272,"s:690:6:690:Infinity":273,"s:691:6:691:Infinity":274,"f:691:37:691:46":49,"s:691:53:691:83":275,"s:692:6:692:Infinity":276,"s:693:6:693:Infinity":277,"s:695:4:695:Infinity":278,"s:696:4:696:Infinity":279,"f:700:2:700:9":50,"s:701:4:701:Infinity":280,"f:705:2:705:9":51,"s:706:4:706:Infinity":281,"f:709:2:709:10":52,"s:710:22:710:Infinity":282,"b:711:4:715:Infinity:undefined:undefined:undefined:undefined":54,"s:711:4:715:Infinity":283,"s:712:6:712:Infinity":284,"s:713:6:713:Infinity":285,"s:714:6:714:Infinity":286,"f:718:2:718:10":53,"s:719:22:719:Infinity":287,"b:720:4:724:Infinity:undefined:undefined:undefined:undefined":55,"s:720:4:724:Infinity":288,"s:721:6:721:Infinity":289,"s:722:6:722:Infinity":290,"s:723:6:723:Infinity":291},"fnNames":{}}}
,"/home/tomsaporito/Github/game-grid/src/utils.ts": {"path":"/home/tomsaporito/Github/game-grid/src/utils.ts","statementMap":{"0":{"start":{"line":20,"column":2},"end":{"line":26,"column":null}},"1":{"start":{"line":21,"column":4},"end":{"line":25,"column":null}},"2":{"start":{"line":22,"column":6},"end":{"line":22,"column":null}},"3":{"start":{"line":24,"column":6},"end":{"line":24,"column":null}},"4":{"start":{"line":38,"column":14},"end":{"line":38,"column":null}},"5":{"start":{"line":39,"column":2},"end":{"line":39,"column":null}},"6":{"start":{"line":39,"column":20},"end":{"line":39,"column":null}},"7":{"start":{"line":40,"column":16},"end":{"line":40,"column":null}},"8":{"start":{"line":40,"column":52},"end":{"line":40,"column":76}},"9":{"start":{"line":41,"column":2},"end":{"line":41,"column":null}},"10":{"start":{"line":41,"column":54},"end":{"line":41,"column":null}},"11":{"start":{"line":42,"column":2},"end":{"line":42,"column":null}},"12":{"start":{"line":66,"column":39},"end":{"line":69,"column":null}},"13":{"start":{"line":70,"column":2},"end":{"line":75,"column":null}},"14":{"start":{"line":78,"column":28},"end":{"line":78,"column":null}},"15":{"start":{"line":88,"column":2},"end":{"line":88,"column":null}},"16":{"start":{"line":88,"column":39},"end":{"line":88,"column":null}},"17":{"start":{"line":89,"column":2},"end":{"line":89,"column":null}},"18":{"start":{"line":89,"column":68},"end":{"line":89,"column":null}},"19":{"start":{"line":91,"column":16},"end":{"line":91,"column":null}},"20":{"start":{"line":92,"column":2},"end":{"line":92,"column":null}},"21":{"start":{"line":93,"column":2},"end":{"line":93,"column":null}},"22":{"start":{"line":94,"column":2},"end":{"line":94,"column":null}},"23":{"start":{"line":131,"column":2},"end":{"line":131,"column":null}}},"fnMap":{"0":{"name":"renderAttributes","decl":{"start":{"line":19,"column":16},"end":{"line":19,"column":33}},"loc":{"start":{"line":19,"column":84},"end":{"line":27,"column":null}},"line":19},"1":{"name":"(anonymous_1)","decl":{"start":{"line":20,"column":9},"end":{"line":20,"column":18}},"loc":{"start":{"line":20,"column":46},"end":{"line":26,"column":3}},"line":20},"2":{"name":"getCoordsFromElement","decl":{"start":{"line":37,"column":16},"end":{"line":37,"column":37}},"loc":{"start":{"line":37,"column":84},"end":{"line":43,"column":null}},"line":37},"3":{"name":"(anonymous_3)","decl":{"start":{"line":40,"column":31},"end":{"line":40,"column":36}},"loc":{"start":{"line":40,"column":52},"end":{"line":40,"column":76}},"line":40},"4":{"name":"fireGameGridEvent","decl":{"start":{"line":60,"column":16},"end":{"line":60,"column":null}},"loc":{"start":{"line":65,"column":8},"end":{"line":76,"column":null}},"line":65},"5":{"name":"insertStyles","decl":{"start":{"line":87,"column":16},"end":{"line":87,"column":37}},"loc":{"start":{"line":87,"column":37},"end":{"line":132,"column":null}},"line":87}},"branchMap":{"0":{"loc":{"start":{"line":21,"column":4},"end":{"line":25,"column":null}},"type":"if","locations":[{"start":{"line":21,"column":4},"end":{"line":25,"column":null}},{"start":{"line":23,"column":11},"end":{"line":25,"column":null}}],"line":21},"1":{"loc":{"start":{"line":39,"column":2},"end":{"line":39,"column":null}},"type":"if","locations":[{"start":{"line":39,"column":2},"end":{"line":39,"column":null}},{"start":{},"end":{}}],"line":39},"2":{"loc":{"start":{"line":41,"column":2},"end":{"line":41,"column":null}},"type":"if","locations":[{"start":{"line":41,"column":2},"end":{"line":41,"column":null}},{"start":{},"end":{}}],"line":41},"3":{"loc":{"start":{"line":41,"column":6},"end":{"line":41,"column":54}},"type":"binary-expr","locations":[{"start":{"line":41,"column":6},"end":{"line":41,"column":28}},{"start":{"line":41,"column":28},"end":{"line":41,"column":54}}],"line":41},"4":{"loc":{"start":{"line":67,"column":8},"end":{"line":67,"column":null}},"type":"binary-expr","locations":[{"start":{"line":67,"column":8},"end":{"line":67,"column":16}},{"start":{"line":67,"column":16},"end":{"line":67,"column":null}}],"line":67},"5":{"loc":{"start":{"line":88,"column":2},"end":{"line":88,"column":null}},"type":"if","locations":[{"start":{"line":88,"column":2},"end":{"line":88,"column":null}},{"start":{},"end":{}}],"line":88},"6":{"loc":{"start":{"line":89,"column":2},"end":{"line":89,"column":null}},"type":"if","locations":[{"start":{"line":89,"column":2},"end":{"line":89,"column":null}},{"start":{},"end":{}}],"line":89}},"s":{"0":867,"1":2596,"2":2,"3":2594,"4":4,"5":4,"6":1,"7":3,"8":6,"9":3,"10":1,"11":2,"12":566,"13":566,"14":9,"15":99,"16":0,"17":99,"18":92,"19":7,"20":7,"21":7,"22":7,"23":7},"f":{"0":867,"1":2596,"2":4,"3":6,"4":566,"5":99},"b":{"0":[2,2594],"1":[1,3],"2":[1,2],"3":[3,3],"4":[566,565],"5":[0,99],"6":[92,7]},"meta":{"lastBranch":7,"lastFunction":6,"lastStatement":24,"seen":{"f:19:16:19:33":0,"s:20:2:26:Infinity":0,"f:20:9:20:18":1,"b:21:4:25:Infinity:23:11:25:Infinity":0,"s:21:4:25:Infinity":1,"s:22:6:22:Infinity":2,"s:24:6:24:Infinity":3,"f:37:16:37:37":2,"s:38:14:38:Infinity":4,"b:39:2:39:Infinity:undefined:undefined:undefined:undefined":1,"s:39:2:39:Infinity":5,"s:39:20:39:Infinity":6,"s:40:16:40:Infinity":7,"f:40:31:40:36":3,"s:40:52:40:76":8,"b:41:2:41:Infinity:undefined:undefined:undefined:undefined":2,"s:41:2:41:Infinity":9,"b:41:6:41:28:41:28:41:54":3,"s:41:54:41:Infinity":10,"s:42:2:42:Infinity":11,"f:60:16:60:Infinity":4,"s:66:39:69:Infinity":12,"b:67:8:67:16:67:16:67:Infinity":4,"s:70:2:75:Infinity":13,"s:78:28:78:Infinity":14,"f:87:16:87:37":5,"b:88:2:88:Infinity:undefined:undefined:undefined:undefined":5,"s:88:2:88:Infinity":15,"s:88:39:88:Infinity":16,"b:89:2:89:Infinity:undefined:undefined:undefined:undefined":6,"s:89:2:89:Infinity":17,"s:89:68:89:Infinity":18,"s:91:16:91:Infinity":19,"s:92:2:92:Infinity":20,"s:93:2:93:Infinity":21,"s:94:2:94:Infinity":22,"s:131:2:131:Infinity":23},"fnNames":{}}}
,"/home/tomsaporito/Github/game-grid/src/__mocks__/matrix.ts": {"path":"/home/tomsaporito/Github/game-grid/src/__mocks__/matrix.ts","statementMap":{"0":{"start":{"line":3,"column":33},"end":{"line":27,"column":null}},"1":{"start":{"line":20,"column":8},"end":{"line":20,"column":null}}},"fnMap":{"0":{"name":"render","decl":{"start":{"line":19,"column":6},"end":{"line":19,"column":15}},"loc":{"start":{"line":19,"column":15},"end":{"line":21,"column":null}},"line":19}},"branchMap":{},"s":{"0":8,"1":96},"f":{"0":96},"b":{},"meta":{"lastBranch":0,"lastFunction":1,"lastStatement":2,"seen":{"s:3:33:27:Infinity":0,"f:19:6:19:15":0,"s:20:8:20:Infinity":1},"fnNames":{}}}
}
