{"/home/tomsaporito/Github/game-grid/src/enums.ts": {"path":"/home/tomsaporito/Github/game-grid/src/enums.ts","statementMap":{"0":{"start":{"line":21,"column":30},"end":{"line":68,"column":null}},"1":{"start":{"line":80,"column":28},"end":{"line":84,"column":null}},"2":{"start":{"line":91,"column":7},"end":{"line":96,"column":null}},"3":{"start":{"line":92,"column":2},"end":{"line":92,"column":null}},"4":{"start":{"line":93,"column":2},"end":{"line":93,"column":null}},"5":{"start":{"line":94,"column":2},"end":{"line":94,"column":null}},"6":{"start":{"line":95,"column":2},"end":{"line":95,"column":null}},"7":{"start":{"line":103,"column":61},"end":{"line":108,"column":null}},"8":{"start":{"line":111,"column":37},"end":{"line":119,"column":null}},"9":{"start":{"line":126,"column":7},"end":{"line":135,"column":null}},"10":{"start":{"line":127,"column":2},"end":{"line":127,"column":null}},"11":{"start":{"line":128,"column":2},"end":{"line":128,"column":null}},"12":{"start":{"line":129,"column":2},"end":{"line":129,"column":null}},"13":{"start":{"line":130,"column":2},"end":{"line":130,"column":null}},"14":{"start":{"line":131,"column":2},"end":{"line":131,"column":null}},"15":{"start":{"line":132,"column":2},"end":{"line":132,"column":null}},"16":{"start":{"line":133,"column":2},"end":{"line":133,"column":null}},"17":{"start":{"line":134,"column":2},"end":{"line":134,"column":null}},"18":{"start":{"line":147,"column":7},"end":{"line":156,"column":null}},"19":{"start":{"line":148,"column":2},"end":{"line":148,"column":null}},"20":{"start":{"line":149,"column":2},"end":{"line":149,"column":null}},"21":{"start":{"line":150,"column":2},"end":{"line":150,"column":null}},"22":{"start":{"line":151,"column":2},"end":{"line":151,"column":null}},"23":{"start":{"line":152,"column":2},"end":{"line":152,"column":null}},"24":{"start":{"line":153,"column":2},"end":{"line":153,"column":null}},"25":{"start":{"line":154,"column":2},"end":{"line":154,"column":null}},"26":{"start":{"line":155,"column":2},"end":{"line":155,"column":null}}},"fnMap":{"0":{"name":"(anonymous_0)","decl":{"start":{"line":91,"column":7},"end":{"line":91,"column":12}},"loc":{"start":{"line":91,"column":7},"end":{"line":96,"column":null}},"line":91},"1":{"name":"(anonymous_1)","decl":{"start":{"line":126,"column":7},"end":{"line":126,"column":12}},"loc":{"start":{"line":126,"column":7},"end":{"line":135,"column":null}},"line":126},"2":{"name":"(anonymous_2)","decl":{"start":{"line":147,"column":7},"end":{"line":147,"column":12}},"loc":{"start":{"line":147,"column":7},"end":{"line":156,"column":null}},"line":147}},"branchMap":{},"s":{"0":10,"1":10,"2":10,"3":10,"4":10,"5":10,"6":10,"7":10,"8":10,"9":10,"10":10,"11":10,"12":10,"13":10,"14":10,"15":10,"16":10,"17":10,"18":10,"19":10,"20":10,"21":10,"22":10,"23":10,"24":10,"25":10,"26":10},"f":{"0":10,"1":10,"2":10},"b":{},"meta":{"lastBranch":0,"lastFunction":3,"lastStatement":27,"seen":{"s:21:30:68:Infinity":0,"s:80:28:84:Infinity":1,"s:91:7:96:Infinity":2,"f:91:7:91:12":0,"s:92:2:92:Infinity":3,"s:93:2:93:Infinity":4,"s:94:2:94:Infinity":5,"s:95:2:95:Infinity":6,"s:103:61:108:Infinity":7,"s:111:37:119:Infinity":8,"s:126:7:135:Infinity":9,"f:126:7:126:12":1,"s:127:2:127:Infinity":10,"s:128:2:128:Infinity":11,"s:129:2:129:Infinity":12,"s:130:2:130:Infinity":13,"s:131:2:131:Infinity":14,"s:132:2:132:Infinity":15,"s:133:2:133:Infinity":16,"s:134:2:134:Infinity":17,"s:147:7:156:Infinity":18,"f:147:7:147:12":2,"s:148:2:148:Infinity":19,"s:149:2:149:Infinity":20,"s:150:2:150:Infinity":21,"s:151:2:151:Infinity":22,"s:152:2:152:Infinity":23,"s:153:2:153:Infinity":24,"s:154:2:154:Infinity":25,"s:155:2:155:Infinity":26},"fnNames":{}}}
,"/home/tomsaporito/Github/game-grid/src/index.ts": {"path":"/home/tomsaporito/Github/game-grid/src/index.ts","statementMap":{"0":{"start":{"line":78,"column":34},"end":{"line":78,"column":null}},"1":{"start":{"line":104,"column":26},"end":{"line":104,"column":null}},"2":{"start":{"line":107,"column":49},"end":{"line":107,"column":null}},"3":{"start":{"line":108,"column":77},"end":{"line":108,"column":null}},"4":{"start":{"line":608,"column":10},"end":{"line":614,"column":null}},"5":{"start":{"line":894,"column":10},"end":{"line":917,"column":null}},"6":{"start":{"line":919,"column":10},"end":{"line":940,"column":null}},"7":{"start":{"line":111,"column":4},"end":{"line":113,"column":null}},"8":{"start":{"line":118,"column":4},"end":{"line":118,"column":null}},"9":{"start":{"line":128,"column":4},"end":{"line":144,"column":null}},"10":{"start":{"line":146,"column":4},"end":{"line":146,"column":null}},"11":{"start":{"line":148,"column":4},"end":{"line":148,"column":null}},"12":{"start":{"line":149,"column":4},"end":{"line":152,"column":null}},"13":{"start":{"line":154,"column":4},"end":{"line":159,"column":null}},"14":{"start":{"line":155,"column":6},"end":{"line":155,"column":null}},"15":{"start":{"line":157,"column":6},"end":{"line":157,"column":null}},"16":{"start":{"line":158,"column":6},"end":{"line":158,"column":null}},"17":{"start":{"line":160,"column":4},"end":{"line":160,"column":null}},"18":{"start":{"line":165,"column":29},"end":{"line":165,"column":null}},"19":{"start":{"line":166,"column":4},"end":{"line":166,"column":null}},"20":{"start":{"line":170,"column":4},"end":{"line":174,"column":null}},"21":{"start":{"line":171,"column":6},"end":{"line":173,"column":null}},"22":{"start":{"line":172,"column":8},"end":{"line":172,"column":null}},"23":{"start":{"line":175,"column":4},"end":{"line":175,"column":null}},"24":{"start":{"line":176,"column":4},"end":{"line":180,"column":null}},"25":{"start":{"line":177,"column":6},"end":{"line":179,"column":null}},"26":{"start":{"line":178,"column":8},"end":{"line":178,"column":null}},"27":{"start":{"line":184,"column":4},"end":{"line":184,"column":null}},"28":{"start":{"line":190,"column":4},"end":{"line":194,"column":null}},"29":{"start":{"line":199,"column":22},"end":{"line":199,"column":null}},"30":{"start":{"line":200,"column":4},"end":{"line":202,"column":null}},"31":{"start":{"line":201,"column":6},"end":{"line":201,"column":null}},"32":{"start":{"line":203,"column":4},"end":{"line":203,"column":null}},"33":{"start":{"line":204,"column":4},"end":{"line":204,"column":null}},"34":{"start":{"line":208,"column":22},"end":{"line":208,"column":null}},"35":{"start":{"line":209,"column":4},"end":{"line":211,"column":null}},"36":{"start":{"line":210,"column":6},"end":{"line":210,"column":null}},"37":{"start":{"line":212,"column":4},"end":{"line":212,"column":null}},"38":{"start":{"line":213,"column":4},"end":{"line":213,"column":null}},"39":{"start":{"line":214,"column":4},"end":{"line":214,"column":null}},"40":{"start":{"line":215,"column":4},"end":{"line":215,"column":null}},"41":{"start":{"line":216,"column":4},"end":{"line":216,"column":null}},"42":{"start":{"line":217,"column":21},"end":{"line":217,"column":null}},"43":{"start":{"line":218,"column":4},"end":{"line":218,"column":null}},"44":{"start":{"line":219,"column":4},"end":{"line":219,"column":null}},"45":{"start":{"line":224,"column":4},"end":{"line":224,"column":null}},"46":{"start":{"line":225,"column":4},"end":{"line":225,"column":null}},"47":{"start":{"line":226,"column":4},"end":{"line":226,"column":null}},"48":{"start":{"line":227,"column":4},"end":{"line":227,"column":null}},"49":{"start":{"line":228,"column":21},"end":{"line":228,"column":null}},"50":{"start":{"line":229,"column":4},"end":{"line":229,"column":null}},"51":{"start":{"line":230,"column":4},"end":{"line":230,"column":null}},"52":{"start":{"line":231,"column":4},"end":{"line":231,"column":null}},"53":{"start":{"line":232,"column":4},"end":{"line":232,"column":null}},"54":{"start":{"line":233,"column":4},"end":{"line":237,"column":null}},"55":{"start":{"line":241,"column":4},"end":{"line":241,"column":null}},"56":{"start":{"line":242,"column":21},"end":{"line":242,"column":null}},"57":{"start":{"line":243,"column":21},"end":{"line":243,"column":null}},"58":{"start":{"line":244,"column":4},"end":{"line":244,"column":null}},"59":{"start":{"line":245,"column":4},"end":{"line":245,"column":null}},"60":{"start":{"line":247,"column":17},"end":{"line":247,"column":null}},"61":{"start":{"line":248,"column":18},"end":{"line":248,"column":null}},"62":{"start":{"line":249,"column":25},"end":{"line":249,"column":null}},"63":{"start":{"line":250,"column":19},"end":{"line":250,"column":null}},"64":{"start":{"line":251,"column":17},"end":{"line":251,"column":null}},"65":{"start":{"line":252,"column":10},"end":{"line":252,"column":null}},"66":{"start":{"line":252,"column":52},"end":{"line":252,"column":null}},"67":{"start":{"line":253,"column":28},"end":{"line":253,"column":null}},"68":{"start":{"line":255,"column":4},"end":{"line":261,"column":null}},"69":{"start":{"line":256,"column":6},"end":{"line":260,"column":null}},"70":{"start":{"line":256,"column":52},"end":{"line":260,"column":8}},"71":{"start":{"line":262,"column":4},"end":{"line":262,"column":null}},"72":{"start":{"line":264,"column":4},"end":{"line":298,"column":null}},"73":{"start":{"line":264,"column":18},"end":{"line":264,"column":26}},"74":{"start":{"line":265,"column":22},"end":{"line":265,"column":null}},"75":{"start":{"line":266,"column":6},"end":{"line":268,"column":null}},"76":{"start":{"line":267,"column":8},"end":{"line":267,"column":null}},"77":{"start":{"line":270,"column":21},"end":{"line":270,"column":null}},"78":{"start":{"line":271,"column":19},"end":{"line":273,"column":null}},"79":{"start":{"line":274,"column":23},"end":{"line":274,"column":null}},"80":{"start":{"line":275,"column":34},"end":{"line":275,"column":null}},"81":{"start":{"line":277,"column":6},"end":{"line":290,"column":null}},"82":{"start":{"line":277,"column":20},"end":{"line":277,"column":28}},"83":{"start":{"line":278,"column":25},"end":{"line":278,"column":null}},"84":{"start":{"line":279,"column":8},"end":{"line":281,"column":null}},"85":{"start":{"line":280,"column":10},"end":{"line":280,"column":null}},"86":{"start":{"line":282,"column":27},"end":{"line":282,"column":null}},"87":{"start":{"line":283,"column":37},"end":{"line":283,"column":null}},"88":{"start":{"line":284,"column":8},"end":{"line":284,"column":null}},"89":{"start":{"line":285,"column":8},"end":{"line":289,"column":null}},"90":{"start":{"line":292,"column":6},"end":{"line":296,"column":null}},"91":{"start":{"line":297,"column":6},"end":{"line":297,"column":null}},"92":{"start":{"line":300,"column":4},"end":{"line":300,"column":null}},"93":{"start":{"line":301,"column":4},"end":{"line":301,"column":null}},"94":{"start":{"line":302,"column":4},"end":{"line":302,"column":null}},"95":{"start":{"line":306,"column":4},"end":{"line":306,"column":null}},"96":{"start":{"line":310,"column":4},"end":{"line":315,"column":null}},"97":{"start":{"line":319,"column":19},"end":{"line":319,"column":null}},"98":{"start":{"line":320,"column":16},"end":{"line":320,"column":null}},"99":{"start":{"line":321,"column":4},"end":{"line":323,"column":null}},"100":{"start":{"line":322,"column":6},"end":{"line":322,"column":null}},"101":{"start":{"line":324,"column":4},"end":{"line":329,"column":null}},"102":{"start":{"line":333,"column":22},"end":{"line":333,"column":null}},"103":{"start":{"line":334,"column":4},"end":{"line":336,"column":null}},"104":{"start":{"line":335,"column":6},"end":{"line":335,"column":null}},"105":{"start":{"line":339,"column":6},"end":{"line":340,"column":null}},"106":{"start":{"line":341,"column":4},"end":{"line":343,"column":null}},"107":{"start":{"line":342,"column":6},"end":{"line":342,"column":null}},"108":{"start":{"line":345,"column":4},"end":{"line":347,"column":null}},"109":{"start":{"line":346,"column":6},"end":{"line":346,"column":null}},"110":{"start":{"line":348,"column":4},"end":{"line":348,"column":null}},"111":{"start":{"line":350,"column":17},"end":{"line":350,"column":null}},"112":{"start":{"line":351,"column":4},"end":{"line":372,"column":null}},"113":{"start":{"line":352,"column":6},"end":{"line":352,"column":null}},"114":{"start":{"line":353,"column":6},"end":{"line":356,"column":null}},"115":{"start":{"line":357,"column":6},"end":{"line":361,"column":null}},"116":{"start":{"line":358,"column":8},"end":{"line":358,"column":null}},"117":{"start":{"line":360,"column":8},"end":{"line":360,"column":null}},"118":{"start":{"line":362,"column":6},"end":{"line":367,"column":null}},"119":{"start":{"line":363,"column":8},"end":{"line":366,"column":null}},"120":{"start":{"line":364,"column":10},"end":{"line":364,"column":null}},"121":{"start":{"line":365,"column":10},"end":{"line":365,"column":null}},"122":{"start":{"line":369,"column":6},"end":{"line":369,"column":null}},"123":{"start":{"line":370,"column":6},"end":{"line":370,"column":null}},"124":{"start":{"line":371,"column":6},"end":{"line":371,"column":null}},"125":{"start":{"line":376,"column":4},"end":{"line":387,"column":null}},"126":{"start":{"line":377,"column":6},"end":{"line":377,"column":null}},"127":{"start":{"line":378,"column":6},"end":{"line":382,"column":null}},"128":{"start":{"line":379,"column":8},"end":{"line":381,"column":null}},"129":{"start":{"line":380,"column":10},"end":{"line":380,"column":null}},"130":{"start":{"line":383,"column":6},"end":{"line":383,"column":null}},"131":{"start":{"line":384,"column":6},"end":{"line":384,"column":null}},"132":{"start":{"line":386,"column":6},"end":{"line":386,"column":null}},"133":{"start":{"line":391,"column":32},"end":{"line":391,"column":null}},"134":{"start":{"line":392,"column":4},"end":{"line":394,"column":null}},"135":{"start":{"line":393,"column":6},"end":{"line":393,"column":null}},"136":{"start":{"line":393,"column":60},"end":{"line":393,"column":87}},"137":{"start":{"line":395,"column":4},"end":{"line":395,"column":null}},"138":{"start":{"line":396,"column":4},"end":{"line":396,"column":null}},"139":{"start":{"line":397,"column":4},"end":{"line":397,"column":null}},"140":{"start":{"line":398,"column":4},"end":{"line":398,"column":null}},"141":{"start":{"line":408,"column":33},"end":{"line":408,"column":null}},"142":{"start":{"line":409,"column":4},"end":{"line":413,"column":null}},"143":{"start":{"line":415,"column":4},"end":{"line":415,"column":null}},"144":{"start":{"line":416,"column":4},"end":{"line":418,"column":null}},"145":{"start":{"line":417,"column":6},"end":{"line":417,"column":null}},"146":{"start":{"line":420,"column":4},"end":{"line":420,"column":null}},"147":{"start":{"line":421,"column":4},"end":{"line":423,"column":null}},"148":{"start":{"line":422,"column":6},"end":{"line":422,"column":null}},"149":{"start":{"line":424,"column":4},"end":{"line":428,"column":null}},"150":{"start":{"line":425,"column":6},"end":{"line":427,"column":null}},"151":{"start":{"line":426,"column":8},"end":{"line":426,"column":null}},"152":{"start":{"line":430,"column":4},"end":{"line":438,"column":null}},"153":{"start":{"line":431,"column":6},"end":{"line":437,"column":null}},"154":{"start":{"line":439,"column":4},"end":{"line":439,"column":null}},"155":{"start":{"line":444,"column":30},"end":{"line":444,"column":null}},"156":{"start":{"line":446,"column":4},"end":{"line":446,"column":null}},"157":{"start":{"line":447,"column":4},"end":{"line":447,"column":null}},"158":{"start":{"line":449,"column":33},"end":{"line":449,"column":null}},"159":{"start":{"line":450,"column":41},"end":{"line":450,"column":null}},"160":{"start":{"line":452,"column":22},"end":{"line":452,"column":null}},"161":{"start":{"line":453,"column":24},"end":{"line":453,"column":null}},"162":{"start":{"line":454,"column":24},"end":{"line":454,"column":null}},"163":{"start":{"line":456,"column":4},"end":{"line":461,"column":null}},"164":{"start":{"line":463,"column":4},"end":{"line":466,"column":null}},"165":{"start":{"line":464,"column":6},"end":{"line":464,"column":null}},"166":{"start":{"line":465,"column":6},"end":{"line":465,"column":null}},"167":{"start":{"line":467,"column":4},"end":{"line":470,"column":null}},"168":{"start":{"line":468,"column":6},"end":{"line":468,"column":null}},"169":{"start":{"line":469,"column":6},"end":{"line":469,"column":null}},"170":{"start":{"line":471,"column":4},"end":{"line":474,"column":null}},"171":{"start":{"line":472,"column":6},"end":{"line":472,"column":null}},"172":{"start":{"line":473,"column":6},"end":{"line":473,"column":null}},"173":{"start":{"line":476,"column":4},"end":{"line":478,"column":null}},"174":{"start":{"line":477,"column":6},"end":{"line":477,"column":null}},"175":{"start":{"line":479,"column":4},"end":{"line":481,"column":null}},"176":{"start":{"line":480,"column":6},"end":{"line":480,"column":null}},"177":{"start":{"line":482,"column":4},"end":{"line":485,"column":null}},"178":{"start":{"line":483,"column":6},"end":{"line":483,"column":null}},"179":{"start":{"line":484,"column":6},"end":{"line":484,"column":null}},"180":{"start":{"line":487,"column":4},"end":{"line":490,"column":null}},"181":{"start":{"line":488,"column":6},"end":{"line":488,"column":null}},"182":{"start":{"line":489,"column":6},"end":{"line":489,"column":null}},"183":{"start":{"line":492,"column":29},"end":{"line":492,"column":null}},"184":{"start":{"line":493,"column":4},"end":{"line":502,"column":null}},"185":{"start":{"line":494,"column":19},"end":{"line":494,"column":null}},"186":{"start":{"line":495,"column":6},"end":{"line":499,"column":null}},"187":{"start":{"line":500,"column":6},"end":{"line":500,"column":null}},"188":{"start":{"line":501,"column":6},"end":{"line":501,"column":null}},"189":{"start":{"line":504,"column":4},"end":{"line":504,"column":null}},"190":{"start":{"line":505,"column":4},"end":{"line":505,"column":null}},"191":{"start":{"line":507,"column":4},"end":{"line":510,"column":null}},"192":{"start":{"line":508,"column":6},"end":{"line":508,"column":null}},"193":{"start":{"line":509,"column":6},"end":{"line":509,"column":null}},"194":{"start":{"line":512,"column":4},"end":{"line":514,"column":null}},"195":{"start":{"line":513,"column":6},"end":{"line":513,"column":null}},"196":{"start":{"line":518,"column":4},"end":{"line":520,"column":null}},"197":{"start":{"line":519,"column":6},"end":{"line":519,"column":null}},"198":{"start":{"line":522,"column":22},"end":{"line":522,"column":null}},"199":{"start":{"line":523,"column":4},"end":{"line":525,"column":null}},"200":{"start":{"line":524,"column":6},"end":{"line":524,"column":null}},"201":{"start":{"line":527,"column":25},"end":{"line":527,"column":null}},"202":{"start":{"line":528,"column":17},"end":{"line":528,"column":null}},"203":{"start":{"line":529,"column":17},"end":{"line":529,"column":null}},"204":{"start":{"line":530,"column":4},"end":{"line":532,"column":null}},"205":{"start":{"line":531,"column":6},"end":{"line":531,"column":null}},"206":{"start":{"line":534,"column":4},"end":{"line":536,"column":null}},"207":{"start":{"line":537,"column":4},"end":{"line":537,"column":null}},"208":{"start":{"line":541,"column":17},"end":{"line":541,"column":null}},"209":{"start":{"line":542,"column":4},"end":{"line":544,"column":null}},"210":{"start":{"line":543,"column":6},"end":{"line":543,"column":null}},"211":{"start":{"line":546,"column":25},"end":{"line":546,"column":null}},"212":{"start":{"line":547,"column":4},"end":{"line":555,"column":null}},"213":{"start":{"line":548,"column":6},"end":{"line":553,"column":null}},"214":{"start":{"line":554,"column":6},"end":{"line":554,"column":null}},"215":{"start":{"line":559,"column":22},"end":{"line":559,"column":null}},"216":{"start":{"line":560,"column":4},"end":{"line":562,"column":null}},"217":{"start":{"line":561,"column":6},"end":{"line":561,"column":null}},"218":{"start":{"line":564,"column":25},"end":{"line":564,"column":null}},"219":{"start":{"line":565,"column":4},"end":{"line":567,"column":null}},"220":{"start":{"line":566,"column":6},"end":{"line":566,"column":null}},"221":{"start":{"line":569,"column":17},"end":{"line":569,"column":null}},"222":{"start":{"line":570,"column":15},"end":{"line":570,"column":null}},"223":{"start":{"line":571,"column":4},"end":{"line":573,"column":null}},"224":{"start":{"line":572,"column":6},"end":{"line":572,"column":null}},"225":{"start":{"line":575,"column":4},"end":{"line":575,"column":null}},"226":{"start":{"line":576,"column":4},"end":{"line":576,"column":null}},"227":{"start":{"line":577,"column":4},"end":{"line":577,"column":null}},"228":{"start":{"line":578,"column":4},"end":{"line":578,"column":null}},"229":{"start":{"line":582,"column":4},"end":{"line":584,"column":null}},"230":{"start":{"line":583,"column":6},"end":{"line":583,"column":null}},"231":{"start":{"line":585,"column":4},"end":{"line":587,"column":null}},"232":{"start":{"line":586,"column":6},"end":{"line":586,"column":null}},"233":{"start":{"line":591,"column":4},"end":{"line":591,"column":null}},"234":{"start":{"line":591,"column":35},"end":{"line":591,"column":null}},"235":{"start":{"line":592,"column":4},"end":{"line":592,"column":null}},"236":{"start":{"line":593,"column":21},"end":{"line":593,"column":null}},"237":{"start":{"line":594,"column":17},"end":{"line":594,"column":null}},"238":{"start":{"line":595,"column":4},"end":{"line":595,"column":null}},"239":{"start":{"line":596,"column":4},"end":{"line":596,"column":null}},"240":{"start":{"line":597,"column":4},"end":{"line":597,"column":null}},"241":{"start":{"line":597,"column":47},"end":{"line":597,"column":78}},"242":{"start":{"line":601,"column":4},"end":{"line":605,"column":null}},"243":{"start":{"line":602,"column":6},"end":{"line":604,"column":null}},"244":{"start":{"line":603,"column":8},"end":{"line":603,"column":null}},"245":{"start":{"line":609,"column":4},"end":{"line":613,"column":null}},"246":{"start":{"line":610,"column":6},"end":{"line":612,"column":null}},"247":{"start":{"line":611,"column":8},"end":{"line":611,"column":null}},"248":{"start":{"line":618,"column":4},"end":{"line":618,"column":null}},"249":{"start":{"line":623,"column":14},"end":{"line":623,"column":null}},"250":{"start":{"line":624,"column":14},"end":{"line":624,"column":null}},"251":{"start":{"line":625,"column":4},"end":{"line":627,"column":null}},"252":{"start":{"line":632,"column":14},"end":{"line":632,"column":null}},"253":{"start":{"line":633,"column":14},"end":{"line":633,"column":null}},"254":{"start":{"line":634,"column":4},"end":{"line":634,"column":null}},"255":{"start":{"line":639,"column":27},"end":{"line":639,"column":null}},"256":{"start":{"line":640,"column":4},"end":{"line":646,"column":null}},"257":{"start":{"line":641,"column":6},"end":{"line":645,"column":null}},"258":{"start":{"line":642,"column":8},"end":{"line":644,"column":null}},"259":{"start":{"line":643,"column":10},"end":{"line":643,"column":null}},"260":{"start":{"line":647,"column":4},"end":{"line":647,"column":null}},"261":{"start":{"line":652,"column":4},"end":{"line":652,"column":null}},"262":{"start":{"line":653,"column":4},"end":{"line":653,"column":null}},"263":{"start":{"line":655,"column":4},"end":{"line":659,"column":null}},"264":{"start":{"line":664,"column":4},"end":{"line":664,"column":null}},"265":{"start":{"line":665,"column":4},"end":{"line":665,"column":null}},"266":{"start":{"line":667,"column":4},"end":{"line":671,"column":null}},"267":{"start":{"line":676,"column":4},"end":{"line":676,"column":null}},"268":{"start":{"line":677,"column":4},"end":{"line":677,"column":null}},"269":{"start":{"line":679,"column":4},"end":{"line":683,"column":null}},"270":{"start":{"line":688,"column":4},"end":{"line":688,"column":null}},"271":{"start":{"line":689,"column":4},"end":{"line":689,"column":null}},"272":{"start":{"line":691,"column":4},"end":{"line":695,"column":null}},"273":{"start":{"line":700,"column":24},"end":{"line":700,"column":null}},"274":{"start":{"line":701,"column":4},"end":{"line":701,"column":null}},"275":{"start":{"line":702,"column":4},"end":{"line":704,"column":null}},"276":{"start":{"line":703,"column":6},"end":{"line":703,"column":null}},"277":{"start":{"line":705,"column":4},"end":{"line":705,"column":null}},"278":{"start":{"line":720,"column":17},"end":{"line":720,"column":null}},"279":{"start":{"line":721,"column":20},"end":{"line":721,"column":null}},"280":{"start":{"line":723,"column":15},"end":{"line":723,"column":null}},"281":{"start":{"line":724,"column":15},"end":{"line":724,"column":null}},"282":{"start":{"line":725,"column":4},"end":{"line":728,"column":null}},"283":{"start":{"line":726,"column":6},"end":{"line":726,"column":null}},"284":{"start":{"line":727,"column":6},"end":{"line":727,"column":null}},"285":{"start":{"line":730,"column":12},"end":{"line":730,"column":null}},"286":{"start":{"line":731,"column":18},"end":{"line":731,"column":null}},"287":{"start":{"line":732,"column":18},"end":{"line":732,"column":null}},"288":{"start":{"line":733,"column":19},"end":{"line":733,"column":null}},"289":{"start":{"line":737,"column":4},"end":{"line":769,"column":null}},"290":{"start":{"line":738,"column":6},"end":{"line":751,"column":null}},"291":{"start":{"line":739,"column":8},"end":{"line":739,"column":null}},"292":{"start":{"line":740,"column":8},"end":{"line":740,"column":null}},"293":{"start":{"line":741,"column":8},"end":{"line":741,"column":null}},"294":{"start":{"line":742,"column":8},"end":{"line":742,"column":null}},"295":{"start":{"line":744,"column":8},"end":{"line":744,"column":null}},"296":{"start":{"line":745,"column":8},"end":{"line":745,"column":null}},"297":{"start":{"line":746,"column":8},"end":{"line":746,"column":null}},"298":{"start":{"line":747,"column":8},"end":{"line":747,"column":null}},"299":{"start":{"line":748,"column":8},"end":{"line":750,"column":null}},"300":{"start":{"line":749,"column":10},"end":{"line":749,"column":null}},"301":{"start":{"line":752,"column":11},"end":{"line":769,"column":null}},"302":{"start":{"line":753,"column":6},"end":{"line":766,"column":null}},"303":{"start":{"line":754,"column":8},"end":{"line":754,"column":null}},"304":{"start":{"line":755,"column":8},"end":{"line":755,"column":null}},"305":{"start":{"line":756,"column":8},"end":{"line":756,"column":null}},"306":{"start":{"line":757,"column":8},"end":{"line":757,"column":null}},"307":{"start":{"line":759,"column":8},"end":{"line":759,"column":null}},"308":{"start":{"line":760,"column":8},"end":{"line":760,"column":null}},"309":{"start":{"line":761,"column":8},"end":{"line":761,"column":null}},"310":{"start":{"line":762,"column":8},"end":{"line":762,"column":null}},"311":{"start":{"line":763,"column":8},"end":{"line":765,"column":null}},"312":{"start":{"line":764,"column":10},"end":{"line":764,"column":null}},"313":{"start":{"line":768,"column":6},"end":{"line":768,"column":null}},"314":{"start":{"line":771,"column":16},"end":{"line":771,"column":null}},"315":{"start":{"line":772,"column":15},"end":{"line":772,"column":null}},"316":{"start":{"line":773,"column":15},"end":{"line":773,"column":null}},"317":{"start":{"line":774,"column":4},"end":{"line":777,"column":null}},"318":{"start":{"line":775,"column":6},"end":{"line":775,"column":null}},"319":{"start":{"line":776,"column":6},"end":{"line":776,"column":null}},"320":{"start":{"line":779,"column":12},"end":{"line":779,"column":null}},"321":{"start":{"line":780,"column":4},"end":{"line":812,"column":null}},"322":{"start":{"line":781,"column":6},"end":{"line":794,"column":null}},"323":{"start":{"line":782,"column":8},"end":{"line":782,"column":null}},"324":{"start":{"line":783,"column":8},"end":{"line":783,"column":null}},"325":{"start":{"line":784,"column":8},"end":{"line":784,"column":null}},"326":{"start":{"line":785,"column":8},"end":{"line":785,"column":null}},"327":{"start":{"line":787,"column":8},"end":{"line":787,"column":null}},"328":{"start":{"line":788,"column":8},"end":{"line":788,"column":null}},"329":{"start":{"line":789,"column":8},"end":{"line":789,"column":null}},"330":{"start":{"line":790,"column":8},"end":{"line":790,"column":null}},"331":{"start":{"line":791,"column":8},"end":{"line":793,"column":null}},"332":{"start":{"line":792,"column":10},"end":{"line":792,"column":null}},"333":{"start":{"line":795,"column":11},"end":{"line":812,"column":null}},"334":{"start":{"line":796,"column":6},"end":{"line":809,"column":null}},"335":{"start":{"line":797,"column":8},"end":{"line":797,"column":null}},"336":{"start":{"line":798,"column":8},"end":{"line":798,"column":null}},"337":{"start":{"line":799,"column":8},"end":{"line":799,"column":null}},"338":{"start":{"line":800,"column":8},"end":{"line":800,"column":null}},"339":{"start":{"line":802,"column":8},"end":{"line":802,"column":null}},"340":{"start":{"line":803,"column":8},"end":{"line":803,"column":null}},"341":{"start":{"line":804,"column":8},"end":{"line":804,"column":null}},"342":{"start":{"line":805,"column":8},"end":{"line":805,"column":null}},"343":{"start":{"line":806,"column":8},"end":{"line":808,"column":null}},"344":{"start":{"line":807,"column":10},"end":{"line":807,"column":null}},"345":{"start":{"line":811,"column":6},"end":{"line":811,"column":null}},"346":{"start":{"line":814,"column":17},"end":{"line":814,"column":null}},"347":{"start":{"line":815,"column":4},"end":{"line":819,"column":null}},"348":{"start":{"line":816,"column":6},"end":{"line":816,"column":null}},"349":{"start":{"line":818,"column":6},"end":{"line":818,"column":null}},"350":{"start":{"line":821,"column":4},"end":{"line":829,"column":null}},"351":{"start":{"line":833,"column":4},"end":{"line":833,"column":null}},"352":{"start":{"line":837,"column":14},"end":{"line":837,"column":null}},"353":{"start":{"line":838,"column":4},"end":{"line":838,"column":null}},"354":{"start":{"line":838,"column":47},"end":{"line":838,"column":null}},"355":{"start":{"line":839,"column":18},"end":{"line":839,"column":null}},"356":{"start":{"line":840,"column":4},"end":{"line":840,"column":null}},"357":{"start":{"line":840,"column":57},"end":{"line":840,"column":null}},"358":{"start":{"line":841,"column":4},"end":{"line":841,"column":null}},"359":{"start":{"line":845,"column":4},"end":{"line":845,"column":null}},"360":{"start":{"line":850,"column":4},"end":{"line":891,"column":null}},"361":{"start":{"line":853,"column":8},"end":{"line":853,"column":null}},"362":{"start":{"line":854,"column":8},"end":{"line":854,"column":null}},"363":{"start":{"line":858,"column":8},"end":{"line":858,"column":null}},"364":{"start":{"line":859,"column":8},"end":{"line":859,"column":null}},"365":{"start":{"line":863,"column":8},"end":{"line":863,"column":null}},"366":{"start":{"line":864,"column":8},"end":{"line":864,"column":null}},"367":{"start":{"line":868,"column":8},"end":{"line":868,"column":null}},"368":{"start":{"line":869,"column":8},"end":{"line":869,"column":null}},"369":{"start":{"line":873,"column":8},"end":{"line":873,"column":null}},"370":{"start":{"line":874,"column":8},"end":{"line":874,"column":null}},"371":{"start":{"line":878,"column":8},"end":{"line":878,"column":null}},"372":{"start":{"line":879,"column":8},"end":{"line":879,"column":null}},"373":{"start":{"line":883,"column":8},"end":{"line":883,"column":null}},"374":{"start":{"line":884,"column":8},"end":{"line":884,"column":null}},"375":{"start":{"line":888,"column":8},"end":{"line":888,"column":null}},"376":{"start":{"line":889,"column":8},"end":{"line":889,"column":null}},"377":{"start":{"line":895,"column":4},"end":{"line":905,"column":null}},"378":{"start":{"line":896,"column":6},"end":{"line":904,"column":null}},"379":{"start":{"line":902,"column":8},"end":{"line":902,"column":null}},"380":{"start":{"line":903,"column":8},"end":{"line":903,"column":null}},"381":{"start":{"line":906,"column":4},"end":{"line":916,"column":null}},"382":{"start":{"line":907,"column":6},"end":{"line":915,"column":null}},"383":{"start":{"line":913,"column":8},"end":{"line":913,"column":null}},"384":{"start":{"line":914,"column":8},"end":{"line":914,"column":null}},"385":{"start":{"line":920,"column":4},"end":{"line":939,"column":null}},"386":{"start":{"line":921,"column":6},"end":{"line":935,"column":null}},"387":{"start":{"line":922,"column":8},"end":{"line":934,"column":null}},"388":{"start":{"line":923,"column":25},"end":{"line":923,"column":null}},"389":{"start":{"line":924,"column":10},"end":{"line":933,"column":null}},"390":{"start":{"line":925,"column":27},"end":{"line":925,"column":null}},"391":{"start":{"line":926,"column":12},"end":{"line":930,"column":null}},"392":{"start":{"line":927,"column":14},"end":{"line":927,"column":null}},"393":{"start":{"line":929,"column":14},"end":{"line":929,"column":null}},"394":{"start":{"line":932,"column":12},"end":{"line":932,"column":null}},"395":{"start":{"line":937,"column":6},"end":{"line":937,"column":null}},"396":{"start":{"line":938,"column":6},"end":{"line":938,"column":null}},"397":{"start":{"line":944,"column":4},"end":{"line":944,"column":null}},"398":{"start":{"line":948,"column":4},"end":{"line":948,"column":null}},"399":{"start":{"line":952,"column":21},"end":{"line":952,"column":null}},"400":{"start":{"line":953,"column":22},"end":{"line":953,"column":null}},"401":{"start":{"line":954,"column":4},"end":{"line":963,"column":null}},"402":{"start":{"line":955,"column":6},"end":{"line":955,"column":null}},"403":{"start":{"line":956,"column":6},"end":{"line":956,"column":null}},"404":{"start":{"line":957,"column":6},"end":{"line":957,"column":null}},"405":{"start":{"line":958,"column":6},"end":{"line":958,"column":null}},"406":{"start":{"line":959,"column":6},"end":{"line":959,"column":null}},"407":{"start":{"line":960,"column":6},"end":{"line":960,"column":null}},"408":{"start":{"line":960,"column":53},"end":{"line":960,"column":83}},"409":{"start":{"line":961,"column":6},"end":{"line":961,"column":null}},"410":{"start":{"line":962,"column":6},"end":{"line":962,"column":null}},"411":{"start":{"line":964,"column":4},"end":{"line":964,"column":null}},"412":{"start":{"line":965,"column":4},"end":{"line":965,"column":null}},"413":{"start":{"line":970,"column":4},"end":{"line":970,"column":null}},"414":{"start":{"line":975,"column":4},"end":{"line":975,"column":null}},"415":{"start":{"line":980,"column":4},"end":{"line":980,"column":null}},"416":{"start":{"line":985,"column":21},"end":{"line":985,"column":null}},"417":{"start":{"line":986,"column":23},"end":{"line":986,"column":null}},"418":{"start":{"line":987,"column":20},"end":{"line":987,"column":null}},"419":{"start":{"line":988,"column":25},"end":{"line":988,"column":null}},"420":{"start":{"line":989,"column":20},"end":{"line":989,"column":null}},"421":{"start":{"line":990,"column":30},"end":{"line":990,"column":null}},"422":{"start":{"line":992,"column":4},"end":{"line":995,"column":null}},"423":{"start":{"line":993,"column":6},"end":{"line":993,"column":null}},"424":{"start":{"line":994,"column":6},"end":{"line":994,"column":null}},"425":{"start":{"line":997,"column":22},"end":{"line":997,"column":null}},"426":{"start":{"line":998,"column":4},"end":{"line":1000,"column":null}},"427":{"start":{"line":999,"column":6},"end":{"line":999,"column":null}},"428":{"start":{"line":1002,"column":4},"end":{"line":1002,"column":null}},"429":{"start":{"line":1004,"column":4},"end":{"line":1026,"column":null}},"430":{"start":{"line":1005,"column":24},"end":{"line":1005,"column":null}},"431":{"start":{"line":1006,"column":23},"end":{"line":1008,"column":null}},"432":{"start":{"line":1010,"column":6},"end":{"line":1023,"column":null}},"433":{"start":{"line":1011,"column":25},"end":{"line":1011,"column":null}},"434":{"start":{"line":1012,"column":8},"end":{"line":1012,"column":null}},"435":{"start":{"line":1013,"column":8},"end":{"line":1021,"column":null}},"436":{"start":{"line":1014,"column":10},"end":{"line":1014,"column":null}},"437":{"start":{"line":1015,"column":10},"end":{"line":1015,"column":null}},"438":{"start":{"line":1017,"column":10},"end":{"line":1017,"column":null}},"439":{"start":{"line":1018,"column":10},"end":{"line":1018,"column":null}},"440":{"start":{"line":1019,"column":10},"end":{"line":1019,"column":null}},"441":{"start":{"line":1020,"column":10},"end":{"line":1020,"column":null}},"442":{"start":{"line":1022,"column":8},"end":{"line":1022,"column":null}},"443":{"start":{"line":1025,"column":6},"end":{"line":1025,"column":null}},"444":{"start":{"line":1028,"column":4},"end":{"line":1028,"column":null}},"445":{"start":{"line":1029,"column":4},"end":{"line":1029,"column":null}},"446":{"start":{"line":1034,"column":21},"end":{"line":1034,"column":null}},"447":{"start":{"line":1035,"column":20},"end":{"line":1035,"column":null}},"448":{"start":{"line":1036,"column":23},"end":{"line":1036,"column":null}},"449":{"start":{"line":1038,"column":4},"end":{"line":1038,"column":null}},"450":{"start":{"line":1040,"column":4},"end":{"line":1062,"column":null}},"451":{"start":{"line":1041,"column":24},"end":{"line":1041,"column":null}},"452":{"start":{"line":1042,"column":23},"end":{"line":1044,"column":null}},"453":{"start":{"line":1046,"column":6},"end":{"line":1059,"column":null}},"454":{"start":{"line":1047,"column":25},"end":{"line":1047,"column":null}},"455":{"start":{"line":1048,"column":8},"end":{"line":1048,"column":null}},"456":{"start":{"line":1049,"column":8},"end":{"line":1057,"column":null}},"457":{"start":{"line":1050,"column":10},"end":{"line":1050,"column":null}},"458":{"start":{"line":1051,"column":10},"end":{"line":1051,"column":null}},"459":{"start":{"line":1053,"column":10},"end":{"line":1053,"column":null}},"460":{"start":{"line":1054,"column":10},"end":{"line":1054,"column":null}},"461":{"start":{"line":1055,"column":10},"end":{"line":1055,"column":null}},"462":{"start":{"line":1056,"column":10},"end":{"line":1056,"column":null}},"463":{"start":{"line":1058,"column":8},"end":{"line":1058,"column":null}},"464":{"start":{"line":1061,"column":6},"end":{"line":1061,"column":null}},"465":{"start":{"line":1064,"column":4},"end":{"line":1064,"column":null}},"466":{"start":{"line":1065,"column":4},"end":{"line":1065,"column":null}},"467":{"start":{"line":1069,"column":4},"end":{"line":1069,"column":null}},"468":{"start":{"line":1070,"column":4},"end":{"line":1070,"column":null}},"469":{"start":{"line":1074,"column":4},"end":{"line":1074,"column":null}},"470":{"start":{"line":1075,"column":4},"end":{"line":1075,"column":null}},"471":{"start":{"line":1084,"column":4},"end":{"line":1084,"column":null}},"472":{"start":{"line":1089,"column":4},"end":{"line":1089,"column":null}},"473":{"start":{"line":1094,"column":4},"end":{"line":1094,"column":null}},"474":{"start":{"line":1104,"column":4},"end":{"line":1104,"column":null}},"475":{"start":{"line":1109,"column":4},"end":{"line":1109,"column":null}},"476":{"start":{"line":1119,"column":4},"end":{"line":1119,"column":null}},"477":{"start":{"line":1127,"column":30},"end":{"line":1127,"column":null}},"478":{"start":{"line":1128,"column":4},"end":{"line":1130,"column":null}},"479":{"start":{"line":1129,"column":6},"end":{"line":1129,"column":null}},"480":{"start":{"line":1131,"column":4},"end":{"line":1131,"column":null}},"481":{"start":{"line":1136,"column":4},"end":{"line":1138,"column":null}},"482":{"start":{"line":1137,"column":6},"end":{"line":1137,"column":null}},"483":{"start":{"line":1139,"column":22},"end":{"line":1139,"column":null}},"484":{"start":{"line":1140,"column":4},"end":{"line":1142,"column":null}},"485":{"start":{"line":1141,"column":6},"end":{"line":1141,"column":null}},"486":{"start":{"line":1143,"column":4},"end":{"line":1143,"column":null}},"487":{"start":{"line":1147,"column":22},"end":{"line":1147,"column":null}},"488":{"start":{"line":1148,"column":4},"end":{"line":1152,"column":null}},"489":{"start":{"line":1149,"column":6},"end":{"line":1149,"column":null}},"490":{"start":{"line":1150,"column":6},"end":{"line":1150,"column":null}},"491":{"start":{"line":1151,"column":6},"end":{"line":1151,"column":null}},"492":{"start":{"line":1156,"column":22},"end":{"line":1156,"column":null}},"493":{"start":{"line":1157,"column":4},"end":{"line":1161,"column":null}},"494":{"start":{"line":1158,"column":6},"end":{"line":1158,"column":null}},"495":{"start":{"line":1159,"column":6},"end":{"line":1159,"column":null}},"496":{"start":{"line":1160,"column":6},"end":{"line":1160,"column":null}}},"fnMap":{"0":{"name":"getEventTarget","decl":{"start":{"line":110,"column":2},"end":{"line":110,"column":10}},"loc":{"start":{"line":110,"column":40},"end":{"line":115,"column":null}},"line":110},"1":{"name":"emit","decl":{"start":{"line":117,"column":2},"end":{"line":117,"column":10}},"loc":{"start":{"line":117,"column":72},"end":{"line":119,"column":null}},"line":117},"2":{"name":"constructor","decl":{"start":{"line":127,"column":2},"end":{"line":127,"column":14}},"loc":{"start":{"line":127,"column":56},"end":{"line":161,"column":null}},"line":127},"3":{"name":"updateState","decl":{"start":{"line":164,"column":2},"end":{"line":164,"column":10}},"loc":{"start":{"line":164,"column":45},"end":{"line":167,"column":null}},"line":164},"4":{"name":"setStateSync","decl":{"start":{"line":169,"column":2},"end":{"line":169,"column":9}},"loc":{"start":{"line":169,"column":45},"end":{"line":181,"column":null}},"line":169},"5":{"name":"getState","decl":{"start":{"line":183,"column":2},"end":{"line":183,"column":9}},"loc":{"start":{"line":183,"column":28},"end":{"line":185,"column":null}},"line":183},"6":{"name":"setEmptyRefs","decl":{"start":{"line":189,"column":2},"end":{"line":189,"column":10}},"loc":{"start":{"line":189,"column":38},"end":{"line":195,"column":null}},"line":189},"7":{"name":"refresh","decl":{"start":{"line":198,"column":2},"end":{"line":198,"column":9}},"loc":{"start":{"line":198,"column":25},"end":{"line":205,"column":null}},"line":198},"8":{"name":"rebuildDom","decl":{"start":{"line":207,"column":2},"end":{"line":207,"column":10}},"loc":{"start":{"line":207,"column":29},"end":{"line":220,"column":null}},"line":207},"9":{"name":"render","decl":{"start":{"line":223,"column":2},"end":{"line":223,"column":9}},"loc":{"start":{"line":223,"column":46},"end":{"line":238,"column":null}},"line":223},"10":{"name":"renderGrid","decl":{"start":{"line":240,"column":2},"end":{"line":240,"column":10}},"loc":{"start":{"line":240,"column":41},"end":{"line":303,"column":null}},"line":240},"11":{"name":"(anonymous_11)","decl":{"start":{"line":252,"column":10},"end":{"line":252,"column":29}},"loc":{"start":{"line":252,"column":52},"end":{"line":252,"column":null}},"line":252},"12":{"name":"(anonymous_12)","decl":{"start":{"line":255,"column":34},"end":{"line":255,"column":39}},"loc":{"start":{"line":256,"column":6},"end":{"line":260,"column":null}},"line":256},"13":{"name":"(anonymous_13)","decl":{"start":{"line":256,"column":14},"end":{"line":256,"column":19}},"loc":{"start":{"line":256,"column":52},"end":{"line":260,"column":8}},"line":256},"14":{"name":"isZoomEdgeCell","decl":{"start":{"line":305,"column":2},"end":{"line":305,"column":10}},"loc":{"start":{"line":305,"column":77},"end":{"line":307,"column":null}},"line":305},"15":{"name":"unionSlideBounds","decl":{"start":{"line":309,"column":2},"end":{"line":309,"column":10}},"loc":{"start":{"line":309,"column":76},"end":{"line":316,"column":null}},"line":309},"16":{"name":"getFullMatrixBounds","decl":{"start":{"line":318,"column":2},"end":{"line":318,"column":10}},"loc":{"start":{"line":318,"column":45},"end":{"line":330,"column":null}},"line":318},"17":{"name":"syncZoomDom","decl":{"start":{"line":332,"column":2},"end":{"line":332,"column":10}},"loc":{"start":{"line":332,"column":61},"end":{"line":373,"column":null}},"line":332},"18":{"name":"augmentContainer","decl":{"start":{"line":375,"column":2},"end":{"line":375,"column":10}},"loc":{"start":{"line":375,"column":35},"end":{"line":388,"column":null}},"line":375},"19":{"name":"(anonymous_19)","decl":{"start":{"line":379,"column":38},"end":{"line":379,"column":47}},"loc":{"start":{"line":380,"column":10},"end":{"line":380,"column":null}},"line":380},"20":{"name":"renderRow","decl":{"start":{"line":390,"column":2},"end":{"line":390,"column":10}},"loc":{"start":{"line":390,"column":48},"end":{"line":399,"column":null}},"line":390},"21":{"name":"(anonymous_21)","decl":{"start":{"line":393,"column":30},"end":{"line":393,"column":39}},"loc":{"start":{"line":393,"column":60},"end":{"line":393,"column":87}},"line":393},"22":{"name":"renderCell","decl":{"start":{"line":401,"column":2},"end":{"line":401,"column":10}},"loc":{"start":{"line":407,"column":20},"end":{"line":440,"column":null}},"line":407},"23":{"name":"(anonymous_23)","decl":{"start":{"line":416,"column":29},"end":{"line":416,"column":38}},"loc":{"start":{"line":416,"column":57},"end":{"line":418,"column":5}},"line":416},"24":{"name":"(anonymous_24)","decl":{"start":{"line":425,"column":31},"end":{"line":425,"column":40}},"loc":{"start":{"line":425,"column":62},"end":{"line":427,"column":7}},"line":425},"25":{"name":"setActiveCell","decl":{"start":{"line":443,"column":2},"end":{"line":443,"column":9}},"loc":{"start":{"line":443,"column":71},"end":{"line":515,"column":null}},"line":443},"26":{"name":"handleSlideZoomOnEdge","decl":{"start":{"line":517,"column":2},"end":{"line":517,"column":10}},"loc":{"start":{"line":517,"column":61},"end":{"line":538,"column":null}},"line":517},"27":{"name":"handleZoomExit","decl":{"start":{"line":540,"column":2},"end":{"line":540,"column":10}},"loc":{"start":{"line":540,"column":81},"end":{"line":556,"column":null}},"line":540},"28":{"name":"handleRegionChange","decl":{"start":{"line":558,"column":2},"end":{"line":558,"column":10}},"loc":{"start":{"line":558,"column":65},"end":{"line":579,"column":null}},"line":558},"29":{"name":"syncActiveDirectionClasses","decl":{"start":{"line":581,"column":2},"end":{"line":581,"column":10}},"loc":{"start":{"line":581,"column":63},"end":{"line":588,"column":null}},"line":581},"30":{"name":"syncActiveDom","decl":{"start":{"line":590,"column":2},"end":{"line":590,"column":10}},"loc":{"start":{"line":590,"column":50},"end":{"line":598,"column":null}},"line":590},"31":{"name":"(anonymous_31)","decl":{"start":{"line":597,"column":32},"end":{"line":597,"column":41}},"loc":{"start":{"line":597,"column":47},"end":{"line":597,"column":78}},"line":597},"32":{"name":"removeActiveClasses","decl":{"start":{"line":600,"column":2},"end":{"line":600,"column":10}},"loc":{"start":{"line":600,"column":38},"end":{"line":606,"column":null}},"line":600},"33":{"name":"(anonymous_33)","decl":{"start":{"line":601,"column":20},"end":{"line":601,"column":29}},"loc":{"start":{"line":601,"column":41},"end":{"line":605,"column":5}},"line":601},"34":{"name":"(anonymous_34)","decl":{"start":{"line":602,"column":14},"end":{"line":602,"column":23}},"loc":{"start":{"line":602,"column":39},"end":{"line":604,"column":7}},"line":602},"35":{"name":"(anonymous_35)","decl":{"start":{"line":608,"column":10},"end":{"line":608,"column":38}},"loc":{"start":{"line":608,"column":38},"end":{"line":614,"column":null}},"line":608},"36":{"name":"(anonymous_36)","decl":{"start":{"line":610,"column":36},"end":{"line":610,"column":45}},"loc":{"start":{"line":610,"column":72},"end":{"line":612,"column":7}},"line":610},"37":{"name":"getActiveCell","decl":{"start":{"line":617,"column":2},"end":{"line":617,"column":9}},"loc":{"start":{"line":617,"column":32},"end":{"line":619,"column":null}},"line":617},"38":{"name":"getPreviousCell","decl":{"start":{"line":622,"column":2},"end":{"line":622,"column":9}},"loc":{"start":{"line":622,"column":34},"end":{"line":628,"column":null}},"line":622},"39":{"name":"getCell","decl":{"start":{"line":631,"column":2},"end":{"line":631,"column":9}},"loc":{"start":{"line":631,"column":70},"end":{"line":635,"column":null}},"line":631},"40":{"name":"getAllCellsByType","decl":{"start":{"line":638,"column":2},"end":{"line":638,"column":9}},"loc":{"start":{"line":638,"column":50},"end":{"line":648,"column":null}},"line":638},"41":{"name":"(anonymous_41)","decl":{"start":{"line":640,"column":16},"end":{"line":640,"column":25}},"loc":{"start":{"line":640,"column":54},"end":{"line":646,"column":5}},"line":640},"42":{"name":"(anonymous_42)","decl":{"start":{"line":641,"column":10},"end":{"line":641,"column":19}},"loc":{"start":{"line":641,"column":47},"end":{"line":645,"column":7}},"line":641},"43":{"name":"moveUp","decl":{"start":{"line":651,"column":2},"end":{"line":651,"column":9}},"loc":{"start":{"line":651,"column":24},"end":{"line":660,"column":null}},"line":651},"44":{"name":"moveRight","decl":{"start":{"line":663,"column":2},"end":{"line":663,"column":9}},"loc":{"start":{"line":663,"column":27},"end":{"line":672,"column":null}},"line":663},"45":{"name":"moveDown","decl":{"start":{"line":675,"column":2},"end":{"line":675,"column":9}},"loc":{"start":{"line":675,"column":26},"end":{"line":684,"column":null}},"line":675},"46":{"name":"moveLeft","decl":{"start":{"line":687,"column":2},"end":{"line":687,"column":9}},"loc":{"start":{"line":687,"column":26},"end":{"line":696,"column":null}},"line":687},"47":{"name":"createNewMovesArray","decl":{"start":{"line":699,"column":2},"end":{"line":699,"column":10}},"loc":{"start":{"line":699,"column":44},"end":{"line":706,"column":null}},"line":699},"48":{"name":"getValidXandY","decl":{"start":{"line":708,"column":2},"end":{"line":708,"column":10}},"loc":{"start":{"line":719,"column":4},"end":{"line":830,"column":null}},"line":719},"49":{"name":"normalizedCellType","decl":{"start":{"line":832,"column":2},"end":{"line":832,"column":10}},"loc":{"start":{"line":832,"column":59},"end":{"line":834,"column":null}},"line":832},"50":{"name":"isBlockingCell","decl":{"start":{"line":836,"column":2},"end":{"line":836,"column":10}},"loc":{"start":{"line":836,"column":56},"end":{"line":842,"column":null}},"line":836},"51":{"name":"isCollidingCell","decl":{"start":{"line":844,"column":2},"end":{"line":844,"column":10}},"loc":{"start":{"line":844,"column":57},"end":{"line":846,"column":null}},"line":844},"52":{"name":"handleDirection","decl":{"start":{"line":849,"column":2},"end":{"line":849,"column":10}},"loc":{"start":{"line":849,"column":54},"end":{"line":892,"column":null}},"line":849},"53":{"name":"(anonymous_53)","decl":{"start":{"line":894,"column":10},"end":{"line":894,"column":27}},"loc":{"start":{"line":894,"column":58},"end":{"line":917,"column":null}},"line":894},"54":{"name":"(anonymous_54)","decl":{"start":{"line":919,"column":10},"end":{"line":919,"column":29}},"loc":{"start":{"line":919,"column":57},"end":{"line":940,"column":null}},"line":919},"55":{"name":"getOptions","decl":{"start":{"line":943,"column":2},"end":{"line":943,"column":9}},"loc":{"start":{"line":943,"column":32},"end":{"line":945,"column":null}},"line":943},"56":{"name":"setOptions","decl":{"start":{"line":947,"column":2},"end":{"line":947,"column":9}},"loc":{"start":{"line":947,"column":48},"end":{"line":949,"column":null}},"line":947},"57":{"name":"destroy","decl":{"start":{"line":951,"column":2},"end":{"line":951,"column":9}},"loc":{"start":{"line":951,"column":25},"end":{"line":966,"column":null}},"line":951},"58":{"name":"(anonymous_58)","decl":{"start":{"line":960,"column":37},"end":{"line":960,"column":46}},"loc":{"start":{"line":960,"column":53},"end":{"line":960,"column":83}},"line":960},"59":{"name":"setMatrix","decl":{"start":{"line":969,"column":2},"end":{"line":969,"column":9}},"loc":{"start":{"line":969,"column":39},"end":{"line":971,"column":null}},"line":969},"60":{"name":"getMatrix","decl":{"start":{"line":974,"column":2},"end":{"line":974,"column":9}},"loc":{"start":{"line":974,"column":32},"end":{"line":976,"column":null}},"line":974},"61":{"name":"getZoom","decl":{"start":{"line":979,"column":2},"end":{"line":979,"column":9}},"loc":{"start":{"line":979,"column":39},"end":{"line":981,"column":null}},"line":979},"62":{"name":"setZoom","decl":{"start":{"line":984,"column":2},"end":{"line":984,"column":9}},"loc":{"start":{"line":984,"column":68},"end":{"line":1030,"column":null}},"line":984},"63":{"name":"(anonymous_63)","decl":{"start":{"line":1013,"column":64},"end":{"line":1013,"column":80}},"loc":{"start":{"line":1013,"column":80},"end":{"line":1016,"column":9}},"line":1013},"64":{"name":"(anonymous_64)","decl":{"start":{"line":1016,"column":11},"end":{"line":1016,"column":22}},"loc":{"start":{"line":1016,"column":22},"end":{"line":1021,"column":9}},"line":1016},"65":{"name":"clearZoom","decl":{"start":{"line":1033,"column":2},"end":{"line":1033,"column":9}},"loc":{"start":{"line":1033,"column":49},"end":{"line":1066,"column":null}},"line":1033},"66":{"name":"(anonymous_66)","decl":{"start":{"line":1049,"column":64},"end":{"line":1049,"column":80}},"loc":{"start":{"line":1049,"column":80},"end":{"line":1052,"column":9}},"line":1049},"67":{"name":"(anonymous_67)","decl":{"start":{"line":1052,"column":11},"end":{"line":1052,"column":22}},"loc":{"start":{"line":1052,"column":22},"end":{"line":1057,"column":9}},"line":1052},"68":{"name":"emitZoomSet","decl":{"start":{"line":1068,"column":2},"end":{"line":1068,"column":10}},"loc":{"start":{"line":1068,"column":65},"end":{"line":1071,"column":null}},"line":1068},"69":{"name":"emitZoomCleared","decl":{"start":{"line":1073,"column":2},"end":{"line":1073,"column":10}},"loc":{"start":{"line":1073,"column":50},"end":{"line":1076,"column":null}},"line":1073},"70":{"name":"getZoomAround","decl":{"start":{"line":1079,"column":2},"end":{"line":1079,"column":9}},"loc":{"start":{"line":1083,"column":17},"end":{"line":1085,"column":null}},"line":1083},"71":{"name":"getQuadrantZoom","decl":{"start":{"line":1088,"column":2},"end":{"line":1088,"column":9}},"loc":{"start":{"line":1088,"column":62},"end":{"line":1090,"column":null}},"line":1088},"72":{"name":"getFractionZoom","decl":{"start":{"line":1093,"column":2},"end":{"line":1093,"column":9}},"loc":{"start":{"line":1093,"column":87},"end":{"line":1095,"column":null}},"line":1093},"73":{"name":"zoomAround","decl":{"start":{"line":1098,"column":2},"end":{"line":1098,"column":9}},"loc":{"start":{"line":1103,"column":10},"end":{"line":1105,"column":null}},"line":1103},"74":{"name":"zoomQuadrant","decl":{"start":{"line":1108,"column":2},"end":{"line":1108,"column":9}},"loc":{"start":{"line":1108,"column":76},"end":{"line":1110,"column":null}},"line":1108},"75":{"name":"zoomFraction","decl":{"start":{"line":1113,"column":2},"end":{"line":1113,"column":9}},"loc":{"start":{"line":1118,"column":10},"end":{"line":1120,"column":null}},"line":1118},"76":{"name":"getRegionAt","decl":{"start":{"line":1123,"column":2},"end":{"line":1123,"column":9}},"loc":{"start":{"line":1126,"column":17},"end":{"line":1132,"column":null}},"line":1126},"77":{"name":"getActiveRegion","decl":{"start":{"line":1135,"column":2},"end":{"line":1135,"column":9}},"loc":{"start":{"line":1135,"column":47},"end":{"line":1144,"column":null}},"line":1135},"78":{"name":"attachHandlers","decl":{"start":{"line":1146,"column":2},"end":{"line":1146,"column":10}},"loc":{"start":{"line":1146,"column":33},"end":{"line":1153,"column":null}},"line":1146},"79":{"name":"dettachHandlers","decl":{"start":{"line":1155,"column":2},"end":{"line":1155,"column":10}},"loc":{"start":{"line":1155,"column":34},"end":{"line":1162,"column":null}},"line":1155}},"branchMap":{"0":{"loc":{"start":{"line":112,"column":6},"end":{"line":113,"column":null}},"type":"binary-expr","locations":[{"start":{"line":112,"column":6},"end":{"line":112,"column":null}},{"start":{"line":113,"column":7},"end":{"line":113,"column":null}}],"line":112},"1":{"loc":{"start":{"line":113,"column":7},"end":{"line":113,"column":null}},"type":"cond-expr","locations":[{"start":{"line":113,"column":50},"end":{"line":113,"column":70}},{"start":{"line":113,"column":70},"end":{"line":113,"column":null}}],"line":113},"2":{"loc":{"start":{"line":154,"column":4},"end":{"line":159,"column":null}},"type":"if","locations":[{"start":{"line":154,"column":4},"end":{"line":159,"column":null}},{"start":{"line":156,"column":11},"end":{"line":159,"column":null}}],"line":154},"3":{"loc":{"start":{"line":170,"column":4},"end":{"line":174,"column":null}},"type":"if","locations":[{"start":{"line":170,"column":4},"end":{"line":174,"column":null}},{"start":{},"end":{}}],"line":170},"4":{"loc":{"start":{"line":176,"column":4},"end":{"line":180,"column":null}},"type":"if","locations":[{"start":{"line":176,"column":4},"end":{"line":180,"column":null}},{"start":{},"end":{}}],"line":176},"5":{"loc":{"start":{"line":200,"column":4},"end":{"line":202,"column":null}},"type":"if","locations":[{"start":{"line":200,"column":4},"end":{"line":202,"column":null}},{"start":{},"end":{}}],"line":200},"6":{"loc":{"start":{"line":209,"column":4},"end":{"line":211,"column":null}},"type":"if","locations":[{"start":{"line":209,"column":4},"end":{"line":211,"column":null}},{"start":{},"end":{}}],"line":209},"7":{"loc":{"start":{"line":249,"column":25},"end":{"line":249,"column":null}},"type":"cond-expr","locations":[{"start":{"line":249,"column":33},"end":{"line":249,"column":79}},{"start":{"line":249,"column":79},"end":{"line":249,"column":null}}],"line":249},"8":{"loc":{"start":{"line":250,"column":19},"end":{"line":250,"column":null}},"type":"binary-expr","locations":[{"start":{"line":250,"column":19},"end":{"line":250,"column":41}},{"start":{"line":250,"column":41},"end":{"line":250,"column":null}}],"line":250},"9":{"loc":{"start":{"line":251,"column":17},"end":{"line":251,"column":null}},"type":"binary-expr","locations":[{"start":{"line":251,"column":17},"end":{"line":251,"column":39}},{"start":{"line":251,"column":39},"end":{"line":251,"column":null}}],"line":251},"10":{"loc":{"start":{"line":252,"column":52},"end":{"line":252,"column":null}},"type":"binary-expr","locations":[{"start":{"line":252,"column":52},"end":{"line":252,"column":79}},{"start":{"line":252,"column":79},"end":{"line":252,"column":null}}],"line":252},"11":{"loc":{"start":{"line":253,"column":28},"end":{"line":253,"column":null}},"type":"cond-expr","locations":[{"start":{"line":253,"column":35},"end":{"line":253,"column":63}},{"start":{"line":253,"column":63},"end":{"line":253,"column":null}}],"line":253},"12":{"loc":{"start":{"line":266,"column":6},"end":{"line":268,"column":null}},"type":"if","locations":[{"start":{"line":266,"column":6},"end":{"line":268,"column":null}},{"start":{},"end":{}}],"line":266},"13":{"loc":{"start":{"line":270,"column":21},"end":{"line":270,"column":null}},"type":"cond-expr","locations":[{"start":{"line":270,"column":36},"end":{"line":270,"column":56}},{"start":{"line":270,"column":56},"end":{"line":270,"column":null}}],"line":270},"14":{"loc":{"start":{"line":271,"column":19},"end":{"line":273,"column":null}},"type":"cond-expr","locations":[{"start":{"line":272,"column":10},"end":{"line":272,"column":null}},{"start":{"line":273,"column":10},"end":{"line":273,"column":null}}],"line":271},"15":{"loc":{"start":{"line":274,"column":23},"end":{"line":274,"column":null}},"type":"binary-expr","locations":[{"start":{"line":274,"column":23},"end":{"line":274,"column":42}},{"start":{"line":274,"column":42},"end":{"line":274,"column":null}}],"line":274},"16":{"loc":{"start":{"line":279,"column":8},"end":{"line":281,"column":null}},"type":"if","locations":[{"start":{"line":279,"column":8},"end":{"line":281,"column":null}},{"start":{},"end":{}}],"line":279},"17":{"loc":{"start":{"line":282,"column":27},"end":{"line":282,"column":null}},"type":"cond-expr","locations":[{"start":{"line":282,"column":44},"end":{"line":282,"column":80}},{"start":{"line":282,"column":80},"end":{"line":282,"column":null}}],"line":282},"18":{"loc":{"start":{"line":282,"column":27},"end":{"line":282,"column":44}},"type":"binary-expr","locations":[{"start":{"line":282,"column":27},"end":{"line":282,"column":35}},{"start":{"line":282,"column":35},"end":{"line":282,"column":44}}],"line":282},"19":{"loc":{"start":{"line":306,"column":11},"end":{"line":306,"column":null}},"type":"binary-expr","locations":[{"start":{"line":306,"column":11},"end":{"line":306,"column":31}},{"start":{"line":306,"column":31},"end":{"line":306,"column":51}},{"start":{"line":306,"column":51},"end":{"line":306,"column":71}},{"start":{"line":306,"column":71},"end":{"line":306,"column":null}}],"line":306},"20":{"loc":{"start":{"line":334,"column":4},"end":{"line":336,"column":null}},"type":"if","locations":[{"start":{"line":334,"column":4},"end":{"line":336,"column":null}},{"start":{},"end":{}}],"line":334},"21":{"loc":{"start":{"line":339,"column":6},"end":{"line":340,"column":null}},"type":"binary-expr","locations":[{"start":{"line":339,"column":6},"end":{"line":339,"column":null}},{"start":{"line":340,"column":7},"end":{"line":340,"column":null}}],"line":339},"22":{"loc":{"start":{"line":341,"column":4},"end":{"line":343,"column":null}},"type":"if","locations":[{"start":{"line":341,"column":4},"end":{"line":343,"column":null}},{"start":{},"end":{}}],"line":341},"23":{"loc":{"start":{"line":351,"column":4},"end":{"line":372,"column":null}},"type":"if","locations":[{"start":{"line":351,"column":4},"end":{"line":372,"column":null}},{"start":{"line":368,"column":11},"end":{"line":372,"column":null}}],"line":351},"24":{"loc":{"start":{"line":357,"column":6},"end":{"line":361,"column":null}},"type":"if","locations":[{"start":{"line":357,"column":6},"end":{"line":361,"column":null}},{"start":{"line":359,"column":13},"end":{"line":361,"column":null}}],"line":357},"25":{"loc":{"start":{"line":362,"column":6},"end":{"line":367,"column":null}},"type":"if","locations":[{"start":{"line":362,"column":6},"end":{"line":367,"column":null}},{"start":{},"end":{}}],"line":362},"26":{"loc":{"start":{"line":376,"column":4},"end":{"line":387,"column":null}},"type":"if","locations":[{"start":{"line":376,"column":4},"end":{"line":387,"column":null}},{"start":{"line":385,"column":11},"end":{"line":387,"column":null}}],"line":376},"27":{"loc":{"start":{"line":378,"column":6},"end":{"line":382,"column":null}},"type":"if","locations":[{"start":{"line":378,"column":6},"end":{"line":382,"column":null}},{"start":{},"end":{}}],"line":378},"28":{"loc":{"start":{"line":392,"column":4},"end":{"line":394,"column":null}},"type":"if","locations":[{"start":{"line":392,"column":4},"end":{"line":394,"column":null}},{"start":{},"end":{}}],"line":392},"29":{"loc":{"start":{"line":406,"column":4},"end":{"line":406,"column":null}},"type":"default-arg","locations":[{"start":{"line":406,"column":17},"end":{"line":406,"column":null}}],"line":406},"30":{"loc":{"start":{"line":412,"column":34},"end":{"line":412,"column":68}},"type":"binary-expr","locations":[{"start":{"line":412,"column":34},"end":{"line":412,"column":51}},{"start":{"line":412,"column":51},"end":{"line":412,"column":68}}],"line":412},"31":{"loc":{"start":{"line":421,"column":4},"end":{"line":423,"column":null}},"type":"if","locations":[{"start":{"line":421,"column":4},"end":{"line":423,"column":null}},{"start":{},"end":{}}],"line":421},"32":{"loc":{"start":{"line":424,"column":4},"end":{"line":428,"column":null}},"type":"if","locations":[{"start":{"line":424,"column":4},"end":{"line":428,"column":null}},{"start":{},"end":{}}],"line":424},"33":{"loc":{"start":{"line":430,"column":4},"end":{"line":438,"column":null}},"type":"if","locations":[{"start":{"line":430,"column":4},"end":{"line":438,"column":null}},{"start":{},"end":{}}],"line":430},"34":{"loc":{"start":{"line":457,"column":20},"end":{"line":457,"column":null}},"type":"cond-expr","locations":[{"start":{"line":457,"column":32},"end":{"line":457,"column":58}},{"start":{"line":457,"column":58},"end":{"line":457,"column":null}}],"line":457},"35":{"loc":{"start":{"line":463,"column":4},"end":{"line":466,"column":null}},"type":"if","locations":[{"start":{"line":463,"column":4},"end":{"line":466,"column":null}},{"start":{},"end":{}}],"line":463},"36":{"loc":{"start":{"line":467,"column":4},"end":{"line":470,"column":null}},"type":"if","locations":[{"start":{"line":467,"column":4},"end":{"line":470,"column":null}},{"start":{},"end":{}}],"line":467},"37":{"loc":{"start":{"line":471,"column":4},"end":{"line":474,"column":null}},"type":"if","locations":[{"start":{"line":471,"column":4},"end":{"line":474,"column":null}},{"start":{},"end":{}}],"line":471},"38":{"loc":{"start":{"line":476,"column":4},"end":{"line":478,"column":null}},"type":"if","locations":[{"start":{"line":476,"column":4},"end":{"line":478,"column":null}},{"start":{},"end":{}}],"line":476},"39":{"loc":{"start":{"line":479,"column":4},"end":{"line":481,"column":null}},"type":"if","locations":[{"start":{"line":479,"column":4},"end":{"line":481,"column":null}},{"start":{},"end":{}}],"line":479},"40":{"loc":{"start":{"line":482,"column":4},"end":{"line":485,"column":null}},"type":"if","locations":[{"start":{"line":482,"column":4},"end":{"line":485,"column":null}},{"start":{},"end":{}}],"line":482},"41":{"loc":{"start":{"line":487,"column":4},"end":{"line":490,"column":null}},"type":"if","locations":[{"start":{"line":487,"column":4},"end":{"line":490,"column":null}},{"start":{},"end":{}}],"line":487},"42":{"loc":{"start":{"line":493,"column":4},"end":{"line":502,"column":null}},"type":"if","locations":[{"start":{"line":493,"column":4},"end":{"line":502,"column":null}},{"start":{},"end":{}}],"line":493},"43":{"loc":{"start":{"line":507,"column":4},"end":{"line":510,"column":null}},"type":"if","locations":[{"start":{"line":507,"column":4},"end":{"line":510,"column":null}},{"start":{},"end":{}}],"line":507},"44":{"loc":{"start":{"line":512,"column":4},"end":{"line":514,"column":null}},"type":"if","locations":[{"start":{"line":512,"column":4},"end":{"line":514,"column":null}},{"start":{},"end":{}}],"line":512},"45":{"loc":{"start":{"line":518,"column":4},"end":{"line":520,"column":null}},"type":"if","locations":[{"start":{"line":518,"column":4},"end":{"line":520,"column":null}},{"start":{},"end":{}}],"line":518},"46":{"loc":{"start":{"line":518,"column":8},"end":{"line":518,"column":53}},"type":"binary-expr","locations":[{"start":{"line":518,"column":8},"end":{"line":518,"column":41}},{"start":{"line":518,"column":41},"end":{"line":518,"column":53}}],"line":518},"47":{"loc":{"start":{"line":523,"column":4},"end":{"line":525,"column":null}},"type":"if","locations":[{"start":{"line":523,"column":4},"end":{"line":525,"column":null}},{"start":{},"end":{}}],"line":523},"48":{"loc":{"start":{"line":523,"column":8},"end":{"line":523,"column":37}},"type":"binary-expr","locations":[{"start":{"line":523,"column":8},"end":{"line":523,"column":22}},{"start":{"line":523,"column":22},"end":{"line":523,"column":37}}],"line":523},"49":{"loc":{"start":{"line":528,"column":17},"end":{"line":528,"column":null}},"type":"binary-expr","locations":[{"start":{"line":528,"column":17},"end":{"line":528,"column":38}},{"start":{"line":528,"column":38},"end":{"line":528,"column":null}}],"line":528},"50":{"loc":{"start":{"line":530,"column":4},"end":{"line":532,"column":null}},"type":"if","locations":[{"start":{"line":530,"column":4},"end":{"line":532,"column":null}},{"start":{},"end":{}}],"line":530},"51":{"loc":{"start":{"line":542,"column":4},"end":{"line":544,"column":null}},"type":"if","locations":[{"start":{"line":542,"column":4},"end":{"line":544,"column":null}},{"start":{},"end":{}}],"line":542},"52":{"loc":{"start":{"line":542,"column":8},"end":{"line":542,"column":57}},"type":"binary-expr","locations":[{"start":{"line":542,"column":8},"end":{"line":542,"column":17}},{"start":{"line":542,"column":17},"end":{"line":542,"column":57}}],"line":542},"53":{"loc":{"start":{"line":547,"column":4},"end":{"line":555,"column":null}},"type":"if","locations":[{"start":{"line":547,"column":4},"end":{"line":555,"column":null}},{"start":{},"end":{}}],"line":547},"54":{"loc":{"start":{"line":547,"column":8},"end":{"line":547,"column":77}},"type":"binary-expr","locations":[{"start":{"line":547,"column":8},"end":{"line":547,"column":42}},{"start":{"line":547,"column":42},"end":{"line":547,"column":77}}],"line":547},"55":{"loc":{"start":{"line":560,"column":4},"end":{"line":562,"column":null}},"type":"if","locations":[{"start":{"line":560,"column":4},"end":{"line":562,"column":null}},{"start":{},"end":{}}],"line":560},"56":{"loc":{"start":{"line":560,"column":8},"end":{"line":560,"column":37}},"type":"binary-expr","locations":[{"start":{"line":560,"column":8},"end":{"line":560,"column":22}},{"start":{"line":560,"column":22},"end":{"line":560,"column":37}}],"line":560},"57":{"loc":{"start":{"line":565,"column":4},"end":{"line":567,"column":null}},"type":"if","locations":[{"start":{"line":565,"column":4},"end":{"line":567,"column":null}},{"start":{},"end":{}}],"line":565},"58":{"loc":{"start":{"line":565,"column":8},"end":{"line":565,"column":80}},"type":"binary-expr","locations":[{"start":{"line":565,"column":8},"end":{"line":565,"column":45}},{"start":{"line":565,"column":45},"end":{"line":565,"column":80}}],"line":565},"59":{"loc":{"start":{"line":571,"column":4},"end":{"line":573,"column":null}},"type":"if","locations":[{"start":{"line":571,"column":4},"end":{"line":573,"column":null}},{"start":{},"end":{}}],"line":571},"60":{"loc":{"start":{"line":585,"column":4},"end":{"line":587,"column":null}},"type":"if","locations":[{"start":{"line":585,"column":4},"end":{"line":587,"column":null}},{"start":{},"end":{}}],"line":585},"61":{"loc":{"start":{"line":591,"column":4},"end":{"line":591,"column":null}},"type":"if","locations":[{"start":{"line":591,"column":4},"end":{"line":591,"column":null}},{"start":{},"end":{}}],"line":591},"62":{"loc":{"start":{"line":609,"column":4},"end":{"line":613,"column":null}},"type":"if","locations":[{"start":{"line":609,"column":4},"end":{"line":613,"column":null}},{"start":{},"end":{}}],"line":609},"63":{"loc":{"start":{"line":642,"column":8},"end":{"line":644,"column":null}},"type":"if","locations":[{"start":{"line":642,"column":8},"end":{"line":644,"column":null}},{"start":{},"end":{}}],"line":642},"64":{"loc":{"start":{"line":702,"column":4},"end":{"line":704,"column":null}},"type":"if","locations":[{"start":{"line":702,"column":4},"end":{"line":704,"column":null}},{"start":{},"end":{}}],"line":702},"65":{"loc":{"start":{"line":721,"column":20},"end":{"line":721,"column":null}},"type":"binary-expr","locations":[{"start":{"line":721,"column":20},"end":{"line":721,"column":37}},{"start":{"line":721,"column":37},"end":{"line":721,"column":null}}],"line":721},"66":{"loc":{"start":{"line":725,"column":4},"end":{"line":728,"column":null}},"type":"if","locations":[{"start":{"line":725,"column":4},"end":{"line":728,"column":null}},{"start":{},"end":{}}],"line":725},"67":{"loc":{"start":{"line":737,"column":4},"end":{"line":769,"column":null}},"type":"if","locations":[{"start":{"line":737,"column":4},"end":{"line":769,"column":null}},{"start":{"line":752,"column":11},"end":{"line":769,"column":null}}],"line":737},"68":{"loc":{"start":{"line":738,"column":6},"end":{"line":751,"column":null}},"type":"if","locations":[{"start":{"line":738,"column":6},"end":{"line":751,"column":null}},{"start":{"line":743,"column":13},"end":{"line":751,"column":null}}],"line":738},"69":{"loc":{"start":{"line":748,"column":8},"end":{"line":750,"column":null}},"type":"if","locations":[{"start":{"line":748,"column":8},"end":{"line":750,"column":null}},{"start":{},"end":{}}],"line":748},"70":{"loc":{"start":{"line":752,"column":11},"end":{"line":769,"column":null}},"type":"if","locations":[{"start":{"line":752,"column":11},"end":{"line":769,"column":null}},{"start":{"line":767,"column":11},"end":{"line":769,"column":null}}],"line":752},"71":{"loc":{"start":{"line":753,"column":6},"end":{"line":766,"column":null}},"type":"if","locations":[{"start":{"line":753,"column":6},"end":{"line":766,"column":null}},{"start":{"line":758,"column":13},"end":{"line":766,"column":null}}],"line":753},"72":{"loc":{"start":{"line":763,"column":8},"end":{"line":765,"column":null}},"type":"if","locations":[{"start":{"line":763,"column":8},"end":{"line":765,"column":null}},{"start":{},"end":{}}],"line":763},"73":{"loc":{"start":{"line":773,"column":15},"end":{"line":773,"column":null}},"type":"cond-expr","locations":[{"start":{"line":773,"column":39},"end":{"line":773,"column":56}},{"start":{"line":773,"column":56},"end":{"line":773,"column":null}}],"line":773},"74":{"loc":{"start":{"line":773,"column":15},"end":{"line":773,"column":39}},"type":"binary-expr","locations":[{"start":{"line":773,"column":15},"end":{"line":773,"column":22}},{"start":{"line":773,"column":22},"end":{"line":773,"column":39}}],"line":773},"75":{"loc":{"start":{"line":774,"column":4},"end":{"line":777,"column":null}},"type":"if","locations":[{"start":{"line":774,"column":4},"end":{"line":777,"column":null}},{"start":{},"end":{}}],"line":774},"76":{"loc":{"start":{"line":780,"column":4},"end":{"line":812,"column":null}},"type":"if","locations":[{"start":{"line":780,"column":4},"end":{"line":812,"column":null}},{"start":{"line":795,"column":11},"end":{"line":812,"column":null}}],"line":780},"77":{"loc":{"start":{"line":781,"column":6},"end":{"line":794,"column":null}},"type":"if","locations":[{"start":{"line":781,"column":6},"end":{"line":794,"column":null}},{"start":{"line":786,"column":13},"end":{"line":794,"column":null}}],"line":781},"78":{"loc":{"start":{"line":791,"column":8},"end":{"line":793,"column":null}},"type":"if","locations":[{"start":{"line":791,"column":8},"end":{"line":793,"column":null}},{"start":{},"end":{}}],"line":791},"79":{"loc":{"start":{"line":795,"column":11},"end":{"line":812,"column":null}},"type":"if","locations":[{"start":{"line":795,"column":11},"end":{"line":812,"column":null}},{"start":{"line":810,"column":11},"end":{"line":812,"column":null}}],"line":795},"80":{"loc":{"start":{"line":796,"column":6},"end":{"line":809,"column":null}},"type":"if","locations":[{"start":{"line":796,"column":6},"end":{"line":809,"column":null}},{"start":{"line":801,"column":13},"end":{"line":809,"column":null}}],"line":796},"81":{"loc":{"start":{"line":806,"column":8},"end":{"line":808,"column":null}},"type":"if","locations":[{"start":{"line":806,"column":8},"end":{"line":808,"column":null}},{"start":{},"end":{}}],"line":806},"82":{"loc":{"start":{"line":814,"column":33},"end":{"line":814,"column":64}},"type":"binary-expr","locations":[{"start":{"line":814,"column":33},"end":{"line":814,"column":59}},{"start":{"line":814,"column":59},"end":{"line":814,"column":64}}],"line":814},"83":{"loc":{"start":{"line":815,"column":4},"end":{"line":819,"column":null}},"type":"if","locations":[{"start":{"line":815,"column":4},"end":{"line":819,"column":null}},{"start":{"line":817,"column":11},"end":{"line":819,"column":null}}],"line":815},"84":{"loc":{"start":{"line":833,"column":11},"end":{"line":833,"column":null}},"type":"binary-expr","locations":[{"start":{"line":833,"column":11},"end":{"line":833,"column":40}},{"start":{"line":833,"column":40},"end":{"line":833,"column":null}}],"line":833},"85":{"loc":{"start":{"line":838,"column":4},"end":{"line":838,"column":null}},"type":"if","locations":[{"start":{"line":838,"column":4},"end":{"line":838,"column":null}},{"start":{},"end":{}}],"line":838},"86":{"loc":{"start":{"line":840,"column":4},"end":{"line":840,"column":null}},"type":"if","locations":[{"start":{"line":840,"column":4},"end":{"line":840,"column":null}},{"start":{},"end":{}}],"line":840},"87":{"loc":{"start":{"line":840,"column":8},"end":{"line":840,"column":57}},"type":"binary-expr","locations":[{"start":{"line":840,"column":8},"end":{"line":840,"column":17}},{"start":{"line":840,"column":17},"end":{"line":840,"column":37}},{"start":{"line":840,"column":37},"end":{"line":840,"column":57}}],"line":840},"88":{"loc":{"start":{"line":845,"column":11},"end":{"line":845,"column":null}},"type":"binary-expr","locations":[{"start":{"line":845,"column":11},"end":{"line":845,"column":82}},{"start":{"line":845,"column":82},"end":{"line":845,"column":null}}],"line":845},"89":{"loc":{"start":{"line":850,"column":4},"end":{"line":891,"column":null}},"type":"switch","locations":[{"start":{"line":851,"column":6},"end":{"line":855,"column":null}},{"start":{"line":856,"column":6},"end":{"line":860,"column":null}},{"start":{"line":861,"column":6},"end":{"line":865,"column":null}},{"start":{"line":866,"column":6},"end":{"line":870,"column":null}},{"start":{"line":871,"column":6},"end":{"line":875,"column":null}},{"start":{"line":876,"column":6},"end":{"line":880,"column":null}},{"start":{"line":881,"column":6},"end":{"line":885,"column":null}},{"start":{"line":886,"column":6},"end":{"line":890,"column":null}}],"line":850},"90":{"loc":{"start":{"line":895,"column":4},"end":{"line":905,"column":null}},"type":"if","locations":[{"start":{"line":895,"column":4},"end":{"line":905,"column":null}},{"start":{},"end":{}}],"line":895},"91":{"loc":{"start":{"line":896,"column":6},"end":{"line":904,"column":null}},"type":"if","locations":[{"start":{"line":896,"column":6},"end":{"line":904,"column":null}},{"start":{},"end":{}}],"line":896},"92":{"loc":{"start":{"line":897,"column":8},"end":{"line":900,"column":null}},"type":"binary-expr","locations":[{"start":{"line":897,"column":8},"end":{"line":897,"column":null}},{"start":{"line":898,"column":8},"end":{"line":898,"column":null}},{"start":{"line":899,"column":8},"end":{"line":899,"column":null}},{"start":{"line":900,"column":8},"end":{"line":900,"column":null}}],"line":897},"93":{"loc":{"start":{"line":906,"column":4},"end":{"line":916,"column":null}},"type":"if","locations":[{"start":{"line":906,"column":4},"end":{"line":916,"column":null}},{"start":{},"end":{}}],"line":906},"94":{"loc":{"start":{"line":907,"column":6},"end":{"line":915,"column":null}},"type":"if","locations":[{"start":{"line":907,"column":6},"end":{"line":915,"column":null}},{"start":{},"end":{}}],"line":907},"95":{"loc":{"start":{"line":908,"column":8},"end":{"line":911,"column":null}},"type":"binary-expr","locations":[{"start":{"line":908,"column":8},"end":{"line":908,"column":null}},{"start":{"line":909,"column":8},"end":{"line":909,"column":null}},{"start":{"line":910,"column":8},"end":{"line":910,"column":null}},{"start":{"line":911,"column":8},"end":{"line":911,"column":null}}],"line":908},"96":{"loc":{"start":{"line":921,"column":6},"end":{"line":935,"column":null}},"type":"if","locations":[{"start":{"line":921,"column":6},"end":{"line":935,"column":null}},{"start":{},"end":{}}],"line":921},"97":{"loc":{"start":{"line":922,"column":8},"end":{"line":934,"column":null}},"type":"if","locations":[{"start":{"line":922,"column":8},"end":{"line":934,"column":null}},{"start":{},"end":{}}],"line":922},"98":{"loc":{"start":{"line":924,"column":10},"end":{"line":933,"column":null}},"type":"if","locations":[{"start":{"line":924,"column":10},"end":{"line":933,"column":null}},{"start":{"line":931,"column":17},"end":{"line":933,"column":null}}],"line":924},"99":{"loc":{"start":{"line":926,"column":12},"end":{"line":930,"column":null}},"type":"if","locations":[{"start":{"line":926,"column":12},"end":{"line":930,"column":null}},{"start":{"line":928,"column":19},"end":{"line":930,"column":null}}],"line":926},"100":{"loc":{"start":{"line":954,"column":4},"end":{"line":963,"column":null}},"type":"if","locations":[{"start":{"line":954,"column":4},"end":{"line":963,"column":null}},{"start":{},"end":{}}],"line":954},"101":{"loc":{"start":{"line":954,"column":8},"end":{"line":954,"column":31}},"type":"binary-expr","locations":[{"start":{"line":954,"column":8},"end":{"line":954,"column":21}},{"start":{"line":954,"column":21},"end":{"line":954,"column":31}}],"line":954},"102":{"loc":{"start":{"line":992,"column":4},"end":{"line":995,"column":null}},"type":"if","locations":[{"start":{"line":992,"column":4},"end":{"line":995,"column":null}},{"start":{},"end":{}}],"line":992},"103":{"loc":{"start":{"line":992,"column":8},"end":{"line":992,"column":74}},"type":"binary-expr","locations":[{"start":{"line":992,"column":8},"end":{"line":992,"column":42}},{"start":{"line":992,"column":42},"en
[...]
ull}},"52":{"start":{"line":143,"column":15},"end":{"line":143,"column":18}},"53":{"start":{"line":144,"column":27},"end":{"line":144,"column":null}},"54":{"start":{"line":145,"column":4},"end":{"line":147,"column":null}},"55":{"start":{"line":146,"column":6},"end":{"line":146,"column":null}},"56":{"start":{"line":149,"column":2},"end":{"line":149,"column":null}},"57":{"start":{"line":153,"column":2},"end":{"line":153,"column":null}},"58":{"start":{"line":153,"column":34},"end":{"line":153,"column":null}},"59":{"start":{"line":154,"column":2},"end":{"line":154,"column":null}},"60":{"start":{"line":154,"column":34},"end":{"line":154,"column":null}},"61":{"start":{"line":155,"column":2},"end":{"line":155,"column":null}},"62":{"start":{"line":155,"column":34},"end":{"line":155,"column":null}},"63":{"start":{"line":156,"column":2},"end":{"line":156,"column":null}},"64":{"start":{"line":164,"column":2},"end":{"line":166,"column":null}},"65":{"start":{"line":165,"column":4},"end":{"line":165,"column":null}},"66":{"start":{"line":168,"column":12},"end":{"line":168,"column":null}},"67":{"start":{"line":169,"column":12},"end":{"line":169,"column":null}},"68":{"start":{"line":170,"column":12},"end":{"line":170,"column":null}},"69":{"start":{"line":171,"column":12},"end":{"line":171,"column":null}},"70":{"start":{"line":172,"column":16},"end":{"line":172,"column":null}},"71":{"start":{"line":173,"column":16},"end":{"line":173,"column":null}},"72":{"start":{"line":174,"column":28},"end":{"line":174,"column":null}},"73":{"start":{"line":176,"column":2},"end":{"line":178,"column":null}},"74":{"start":{"line":177,"column":4},"end":{"line":177,"column":null}},"75":{"start":{"line":180,"column":2},"end":{"line":180,"column":null}},"76":{"start":{"line":184,"column":2},"end":{"line":184,"column":null}},"77":{"start":{"line":188,"column":28},"end":{"line":188,"column":null}},"78":{"start":{"line":189,"column":2},"end":{"line":191,"column":null}},"79":{"start":{"line":190,"column":4},"end":{"line":190,"column":null}},"80":{"start":{"line":192,"column":2},"end":{"line":192,"column":null}},"81":{"start":{"line":197,"column":36},"end":{"line":197,"column":null}},"82":{"start":{"line":199,"column":2},"end":{"line":214,"column":null}},"83":{"start":{"line":201,"column":6},"end":{"line":201,"column":null}},"84":{"start":{"line":202,"column":6},"end":{"line":202,"column":null}},"85":{"start":{"line":204,"column":6},"end":{"line":204,"column":null}},"86":{"start":{"line":205,"column":6},"end":{"line":205,"column":null}},"87":{"start":{"line":207,"column":6},"end":{"line":207,"column":null}},"88":{"start":{"line":208,"column":6},"end":{"line":208,"column":null}},"89":{"start":{"line":210,"column":6},"end":{"line":210,"column":null}},"90":{"start":{"line":211,"column":6},"end":{"line":211,"column":null}},"91":{"start":{"line":213,"column":6},"end":{"line":213,"column":null}},"92":{"start":{"line":216,"column":2},"end":{"line":218,"column":null}},"93":{"start":{"line":217,"column":4},"end":{"line":217,"column":null}},"94":{"start":{"line":220,"column":2},"end":{"line":220,"column":null}}},"fnMap":{"0":{"name":"getMatrixWidth","decl":{"start":{"line":3,"column":16},"end":{"line":3,"column":31}},"loc":{"start":{"line":3,"column":58},"end":{"line":5,"column":null}},"line":3},"1":{"name":"(anonymous_1)","decl":{"start":{"line":4,"column":16},"end":{"line":4,"column":24}},"loc":{"start":{"line":4,"column":37},"end":{"line":4,"column":64}},"line":4},"2":{"name":"getMatrixHeight","decl":{"start":{"line":7,"column":16},"end":{"line":7,"column":32}},"loc":{"start":{"line":7,"column":59},"end":{"line":9,"column":null}},"line":7},"3":{"name":"normalizeZoomBounds","decl":{"start":{"line":11,"column":16},"end":{"line":11,"column":36}},"loc":{"start":{"line":11,"column":89},"end":{"line":28,"column":null}},"line":11},"4":{"name":"clampCoordsToZoom","decl":{"start":{"line":30,"column":16},"end":{"line":30,"column":null}},"loc":{"start":{"line":33,"column":20},"end":{"line":37,"column":null}},"line":33},"5":{"name":"isInsideZoom","decl":{"start":{"line":39,"column":16},"end":{"line":39,"column":null}},"loc":{"start":{"line":42,"column":11},"end":{"line":46,"column":null}},"line":42},"6":{"name":"resolveAnimate","decl":{"start":{"line":48,"column":16},"end":{"line":48,"column":null}},"loc":{"start":{"line":51,"column":11},"end":{"line":53,"column":null}},"line":51},"7":{"name":"getTileBounds","decl":{"start":{"line":55,"column":9},"end":{"line":55,"column":null}},"loc":{"start":{"line":59,"column":34},"end":{"line":73,"column":null}},"line":59},"8":{"name":"getZoomAround","decl":{"start":{"line":75,"column":16},"end":{"line":75,"column":null}},"loc":{"start":{"line":80,"column":15},"end":{"line":102,"column":null}},"line":80},"9":{"name":"getFractionZoom","decl":{"start":{"line":104,"column":16},"end":{"line":104,"column":null}},"loc":{"start":{"line":109,"column":15},"end":{"line":128,"column":null}},"line":109},"10":{"name":"getQuadrantZoom","decl":{"start":{"line":137,"column":16},"end":{"line":137,"column":32}},"loc":{"start":{"line":137,"column":88},"end":{"line":140,"column":null}},"line":137},"11":{"name":"findTileIndex","decl":{"start":{"line":142,"column":9},"end":{"line":142,"column":23}},"loc":{"start":{"line":142,"column":80},"end":{"line":150,"column":null}},"line":142},"12":{"name":"tileToQuadrant","decl":{"start":{"line":152,"column":9},"end":{"line":152,"column":24}},"loc":{"start":{"line":152,"column":68},"end":{"line":157,"column":null}},"line":152},"13":{"name":"getRegionAt","decl":{"start":{"line":159,"column":16},"end":{"line":159,"column":null}},"loc":{"start":{"line":163,"column":15},"end":{"line":181,"column":null}},"line":163},"14":{"name":"regionsEqual","decl":{"start":{"line":183,"column":16},"end":{"line":183,"column":29}},"loc":{"start":{"line":183,"column":70},"end":{"line":185,"column":null}},"line":183},"15":{"name":"regionTileFromIndices","decl":{"start":{"line":187,"column":9},"end":{"line":187,"column":31}},"loc":{"start":{"line":187,"column":93},"end":{"line":193,"column":null}},"line":187},"16":{"name":"getAdjacentRegion","decl":{"start":{"line":196,"column":16},"end":{"line":196,"column":34}},"loc":{"start":{"line":196,"column":92},"end":{"line":221,"column":null}},"line":196}},"branchMap":{"0":{"loc":{"start":{"line":14,"column":2},"end":{"line":16,"column":null}},"type":"if","locations":[{"start":{"line":14,"column":2},"end":{"line":16,"column":null}},{"start":{},"end":{}}],"line":14},"1":{"loc":{"start":{"line":14,"column":6},"end":{"line":14,"column":26}},"type":"binary-expr","locations":[{"start":{"line":14,"column":6},"end":{"line":14,"column":17}},{"start":{"line":14,"column":17},"end":{"line":14,"column":26}}],"line":14},"2":{"loc":{"start":{"line":23,"column":2},"end":{"line":25,"column":null}},"type":"if","locations":[{"start":{"line":23,"column":2},"end":{"line":25,"column":null}},{"start":{},"end":{}}],"line":23},"3":{"loc":{"start":{"line":23,"column":6},"end":{"line":23,"column":34}},"type":"binary-expr","locations":[{"start":{"line":23,"column":6},"end":{"line":23,"column":21}},{"start":{"line":23,"column":21},"end":{"line":23,"column":34}}],"line":23},"4":{"loc":{"start":{"line":45,"column":9},"end":{"line":45,"column":null}},"type":"binary-expr","locations":[{"start":{"line":45,"column":9},"end":{"line":45,"column":27}},{"start":{"line":45,"column":27},"end":{"line":45,"column":45}},{"start":{"line":45,"column":45},"end":{"line":45,"column":63}},{"start":{"line":45,"column":63},"end":{"line":45,"column":null}}],"line":45},"5":{"loc":{"start":{"line":52,"column":9},"end":{"line":52,"column":null}},"type":"binary-expr","locations":[{"start":{"line":52,"column":9},"end":{"line":52,"column":29}},{"start":{"line":52,"column":29},"end":{"line":52,"column":44}},{"start":{"line":52,"column":44},"end":{"line":52,"column":null}}],"line":52},"6":{"loc":{"start":{"line":60,"column":2},"end":{"line":62,"column":null}},"type":"if","locations":[{"start":{"line":60,"column":2},"end":{"line":62,"column":null}},{"start":{},"end":{}}],"line":60},"7":{"loc":{"start":{"line":71,"column":14},"end":{"line":71,"column":null}},"type":"cond-expr","locations":[{"start":{"line":71,"column":23},"end":{"line":71,"column":35}},{"start":{"line":71,"column":35},"end":{"line":71,"column":null}}],"line":71},"8":{"loc":{"start":{"line":81,"column":2},"end":{"line":83,"column":null}},"type":"if","locations":[{"start":{"line":81,"column":2},"end":{"line":83,"column":null}},{"start":{},"end":{}}],"line":81},"9":{"loc":{"start":{"line":85,"column":13},"end":{"line":85,"column":null}},"type":"binary-expr","locations":[{"start":{"line":85,"column":13},"end":{"line":85,"column":24}},{"start":{"line":85,"column":24},"end":{"line":85,"column":null}}],"line":85},"10":{"loc":{"start":{"line":86,"column":2},"end":{"line":88,"column":null}},"type":"if","locations":[{"start":{"line":86,"column":2},"end":{"line":88,"column":null}},{"start":{},"end":{}}],"line":86},"11":{"loc":{"start":{"line":110,"column":2},"end":{"line":112,"column":null}},"type":"if","locations":[{"start":{"line":110,"column":2},"end":{"line":112,"column":null}},{"start":{},"end":{}}],"line":110},"12":{"loc":{"start":{"line":113,"column":2},"end":{"line":115,"column":null}},"type":"if","locations":[{"start":{"line":113,"column":2},"end":{"line":115,"column":null}},{"start":{},"end":{}}],"line":113},"13":{"loc":{"start":{"line":113,"column":6},"end":{"line":113,"column":74}},"type":"binary-expr","locations":[{"start":{"line":113,"column":6},"end":{"line":113,"column":19}},{"start":{"line":113,"column":19},"end":{"line":113,"column":41}},{"start":{"line":113,"column":41},"end":{"line":113,"column":54}},{"start":{"line":113,"column":54},"end":{"line":113,"column":74}}],"line":113},"14":{"loc":{"start":{"line":145,"column":4},"end":{"line":147,"column":null}},"type":"if","locations":[{"start":{"line":145,"column":4},"end":{"line":147,"column":null}},{"start":{},"end":{}}],"line":145},"15":{"loc":{"start":{"line":145,"column":8},"end":{"line":145,"column":40}},"type":"binary-expr","locations":[{"start":{"line":145,"column":8},"end":{"line":145,"column":26}},{"start":{"line":145,"column":26},"end":{"line":145,"column":40}}],"line":145},"16":{"loc":{"start":{"line":153,"column":2},"end":{"line":153,"column":null}},"type":"if","locations":[{"start":{"line":153,"column":2},"end":{"line":153,"column":null}},{"start":{},"end":{}}],"line":153},"17":{"loc":{"start":{"line":153,"column":6},"end":{"line":153,"column":34}},"type":"binary-expr","locations":[{"start":{"line":153,"column":6},"end":{"line":153,"column":21}},{"start":{"line":153,"column":21},"end":{"line":153,"column":34}}],"line":153},"18":{"loc":{"start":{"line":154,"column":2},"end":{"line":154,"column":null}},"type":"if","locations":[{"start":{"line":154,"column":2},"end":{"line":154,"column":null}},{"start":{},"end":{}}],"line":154},"19":{"loc":{"start":{"line":154,"column":6},"end":{"line":154,"column":34}},"type":"binary-expr","locations":[{"start":{"line":154,"column":6},"end":{"line":154,"column":21}},{"start":{"line":154,"column":21},"end":{"line":154,"column":34}}],"line":154},"20":{"loc":{"start":{"line":155,"column":2},"end":{"line":155,"column":null}},"type":"if","locations":[{"start":{"line":155,"column":2},"end":{"line":155,"column":null}},{"start":{},"end":{}}],"line":155},"21":{"loc":{"start":{"line":155,"column":6},"end":{"line":155,"column":34}},"type":"binary-expr","locations":[{"start":{"line":155,"column":6},"end":{"line":155,"column":21}},{"start":{"line":155,"column":21},"end":{"line":155,"column":34}}],"line":155},"22":{"loc":{"start":{"line":164,"column":2},"end":{"line":166,"column":null}},"type":"if","locations":[{"start":{"line":164,"column":2},"end":{"line":166,"column":null}},{"start":{},"end":{}}],"line":164},"23":{"loc":{"start":{"line":176,"column":2},"end":{"line":178,"column":null}},"type":"if","locations":[{"start":{"line":176,"column":2},"end":{"line":178,"column":null}},{"start":{},"end":{}}],"line":176},"24":{"loc":{"start":{"line":184,"column":9},"end":{"line":184,"column":null}},"type":"binary-expr","locations":[{"start":{"line":184,"column":9},"end":{"line":184,"column":40}},{"start":{"line":184,"column":40},"end":{"line":184,"column":63}},{"start":{"line":184,"column":63},"end":{"line":184,"column":null}}],"line":184},"25":{"loc":{"start":{"line":189,"column":2},"end":{"line":191,"column":null}},"type":"if","locations":[{"start":{"line":189,"column":2},"end":{"line":191,"column":null}},{"start":{},"end":{}}],"line":189},"26":{"loc":{"start":{"line":199,"column":2},"end":{"line":214,"column":null}},"type":"switch","locations":[{"start":{"line":200,"column":4},"end":{"line":202,"column":null}},{"start":{"line":203,"column":4},"end":{"line":205,"column":null}},{"start":{"line":206,"column":4},"end":{"line":208,"column":null}},{"start":{"line":209,"column":4},"end":{"line":211,"column":null}},{"start":{"line":212,"column":4},"end":{"line":213,"column":null}}],"line":199},"27":{"loc":{"start":{"line":216,"column":2},"end":{"line":218,"column":null}},"type":"if","locations":[{"start":{"line":216,"column":2},"end":{"line":218,"column":null}},{"start":{},"end":{}}],"line":216},"28":{"loc":{"start":{"line":216,"column":6},"end":{"line":216,"column":74}},"type":"binary-expr","locations":[{"start":{"line":216,"column":6},"end":{"line":216,"column":19}},{"start":{"line":216,"column":19},"end":{"line":216,"column":41}},{"start":{"line":216,"column":41},"end":{"line":216,"column":54}},{"start":{"line":216,"column":54},"end":{"line":216,"column":74}}],"line":216}},"s":{"0":78,"1":671,"2":78,"3":29,"4":29,"5":29,"6":1,"7":28,"8":28,"9":28,"10":28,"11":28,"12":0,"13":28,"14":25,"15":25,"16":25,"17":6,"18":6,"19":6,"20":36,"21":123,"22":0,"23":123,"24":123,"25":123,"26":123,"27":68,"28":123,"29":123,"30":123,"31":4,"32":1,"33":3,"34":4,"35":0,"36":3,"37":3,"38":3,"39":29,"40":0,"41":29,"42":1,"43":28,"44":28,"45":28,"46":28,"47":28,"48":10,"49":24,"50":24,"51":40,"52":40,"53":67,"54":67,"55":40,"56":0,"57":26,"58":2,"59":24,"60":2,"61":22,"62":13,"63":9,"64":21,"65":1,"66":20,"67":20,"68":20,"69":20,"70":20,"71":20,"72":20,"73":20,"74":20,"75":20,"76":6,"77":6,"78":6,"79":6,"80":6,"81":10,"82":10,"83":2,"84":2,"85":1,"86":1,"87":4,"88":4,"89":2,"90":2,"91":1,"92":9,"93":3,"94":6},"f":{"0":78,"1":671,"2":78,"3":29,"4":25,"5":6,"6":36,"7":123,"8":4,"9":29,"10":24,"11":40,"12":26,"13":21,"14":6,"15":6,"16":10},"b":{"0":[1,28],"1":[29,28],"2":[0,28],"3":[28,28],"4":[6,3,3,3],"5":[36,26,1],"6":[0,123],"7":[66,57],"8":[1,3],"9":[3,3],"10":[0,4],"11":[0,29],"12":[1,28],"13":[29,29,28,28],"14":[40,27],"15":[67,67],"16":[2,24],"17":[26,15],"18":[2,22],"19":[24,11],"20":[13,9],"21":[22,13],"22":[1,20],"23":[20,0],"24":[6,6,1],"25":[6,0],"26":[2,1,4,2,1],"27":[3,6],"28":[9,8,7,6]},"meta":{"lastBranch":29,"lastFunction":17,"lastStatement":95,"seen":{"f:3:16:3:31":0,"s:4:2:4:Infinity":0,"f:4:16:4:24":1,"s:4:37:4:64":1,"f:7:16:7:32":2,"s:8:2:8:Infinity":2,"f:11:16:11:36":3,"s:12:12:12:Infinity":3,"s:13:12:13:Infinity":4,"b:14:2:16:Infinity:undefined:undefined:undefined:undefined":0,"s:14:2:16:Infinity":5,"b:14:6:14:17:14:17:14:26":1,"s:15:4:15:Infinity":6,"s:18:15:18:Infinity":7,"s:19:15:19:Infinity":8,"s:20:15:20:Infinity":9,"s:21:15:21:Infinity":10,"b:23:2:25:Infinity:undefined:undefined:undefined:undefined":2,"s:23:2:25:Infinity":11,"b:23:6:23:21:23:21:23:34":3,"s:24:4:24:Infinity":12,"s:27:2:27:Infinity":13,"f:30:16:30:Infinity":4,"s:34:12:34:Infinity":14,"s:35:12:35:Infinity":15,"s:36:2:36:Infinity":16,"f:39:16:39:Infinity":5,"s:43:12:43:Infinity":17,"s:44:12:44:Infinity":18,"s:45:2:45:Infinity":19,"b:45:9:45:27:45:27:45:45:45:45:45:63:45:63:45:Infinity":4,"f:48:16:48:Infinity":6,"s:52:2:52:Infinity":20,"b:52:9:52:29:52:29:52:44:52:44:52:Infinity":5,"f:55:9:55:Infinity":7,"b:60:2:62:Infinity:undefined:undefined:undefined:undefined":6,"s:60:2:62:Infinity":21,"s:61:4:61:Infinity":22,"s:64:15:64:Infinity":23,"s:65:14:65:Infinity":24,"s:66:2:68:Infinity":25,"s:66:15:66:18":26,"s:67:4:67:Infinity":27,"s:70:17:70:Infinity":28,"s:71:14:71:Infinity":29,"b:71:23:71:35:71:35:71:Infinity":7,"s:72:2:72:Infinity":30,"f:75:16:75:Infinity":8,"b:81:2:83:Infinity:undefined:undefined:undefined:undefined":8,"s:81:2:83:Infinity":31,"s:82:4:82:Infinity":32,"s:85:13:85:Infinity":33,"b:85:13:85:24:85:24:85:Infinity":9,"b:86:2:88:Infinity:undefined:undefined:undefined:undefined":10,"s:86:2:88:Infinity":34,"s:87:4:87:Infinity":35,"s:90:13:90:Infinity":36,"s:91:13:91:Infinity":37,"s:93:2:101:Infinity":38,"f:104:16:104:Infinity":9,"b:110:2:112:Infinity:undefined:undefined:undefined:undefined":11,"s:110:2:112:Infinity":39,"s:111:4:111:Infinity":40,"b:113:2:115:Infinity:undefined:undefined:undefined:undefined":12,"s:113:2:115:Infinity":41,"b:113:6:113:19:113:19:113:41:113:41:113:54:113:54:113:74":13,"s:114:4:114:Infinity":42,"s:117:12:117:Infinity":43,"s:118:12:118:Infinity":44,"s:119:18:119:Infinity":45,"s:120:18:120:Infinity":46,"s:122:2:127:Infinity":47,"s:130:63:135:Infinity":48,"f:137:16:137:32":10,"s:138:25:138:Infinity":49,"s:139:2:139:Infinity":50,"f:142:9:142:23":11,"s:143:2:148:Infinity":51,"s:143:15:143:18":52,"s:144:27:144:Infinity":53,"b:145:4:147:Infinity:undefined:undefined:undefined:undefined":14,"s:145:4:147:Infinity":54,"b:145:8:145:26:145:26:145:40":15,"s:146:6:146:Infinity":55,"s:149:2:149:Infinity":56,"f:152:9:152:24":12,"b:153:2:153:Infinity:undefined:undefined:undefined:undefined":16,"s:153:2:153:Infinity":57,"b:153:6:153:21:153:21:153:34":17,"s:153:34:153:Infinity":58,"b:154:2:154:Infinity:undefined:undefined:undefined:undefined":18,"s:154:2:154:Infinity":59,"b:154:6:154:21:154:21:154:34":19,"s:154:34:154:Infinity":60,"b:155:2:155:Infinity:undefined:undefined:undefined:undefined":20,"s:155:2:155:Infinity":61,"b:155:6:155:21:155:21:155:34":21,"s:155:34:155:Infinity":62,"s:156:2:156:Infinity":63,"f:159:16:159:Infinity":13,"b:164:2:166:Infinity:undefined:undefined:undefined:undefined":22,"s:164:2:166:Infinity":64,"s:165:4:165:Infinity":65,"s:168:12:168:Infinity":66,"s:169:12:169:Infinity":67,"s:170:12:170:Infinity":68,"s:171:12:171:Infinity":69,"s:172:16:172:Infinity":70,"s:173:16:173:Infinity":71,"s:174:28:174:Infinity":72,"b:176:2:178:Infinity:undefined:undefined:undefined:undefined":23,"s:176:2:178:Infinity":73,"s:177:4:177:Infinity":74,"s:180:2:180:Infinity":75,"f:183:16:183:29":14,"s:184:2:184:Infinity":76,"b:184:9:184:40:184:40:184:63:184:63:184:Infinity":24,"f:187:9:187:31":15,"s:188:28:188:Infinity":77,"b:189:2:191:Infinity:undefined:undefined:undefined:undefined":25,"s:189:2:191:Infinity":78,"s:190:4:190:Infinity":79,"s:192:2:192:Infinity":80,"f:196:16:196:34":16,"s:197:36:197:Infinity":81,"b:200:4:202:Infinity:203:4:205:Infinity:206:4:208:Infinity:209:4:211:Infinity:212:4:213:Infinity":26,"s:199:2:214:Infinity":82,"s:201:6:201:Infinity":83,"s:202:6:202:Infinity":84,"s:204:6:204:Infinity":85,"s:205:6:205:Infinity":86,"s:207:6:207:Infinity":87,"s:208:6:208:Infinity":88,"s:210:6:210:Infinity":89,"s:211:6:211:Infinity":90,"s:213:6:213:Infinity":91,"b:216:2:218:Infinity:undefined:undefined:undefined:undefined":27,"s:216:2:218:Infinity":92,"b:216:6:216:19:216:19:216:41:216:41:216:54:216:54:216:74":28,"s:217:4:217:Infinity":93,"s:220:2:220:Infinity":94},"fnNames":{}}}
,"/home/tomsaporito/Github/game-grid/src/__mocks__/matrix.ts": {"path":"/home/tomsaporito/Github/game-grid/src/__mocks__/matrix.ts","statementMap":{"0":{"start":{"line":3,"column":33},"end":{"line":27,"column":null}},"1":{"start":{"line":20,"column":8},"end":{"line":20,"column":null}}},"fnMap":{"0":{"name":"render","decl":{"start":{"line":19,"column":6},"end":{"line":19,"column":15}},"loc":{"start":{"line":19,"column":15},"end":{"line":21,"column":null}},"line":19}},"branchMap":{},"s":{"0":8,"1":96},"f":{"0":96},"b":{},"meta":{"lastBranch":0,"lastFunction":1,"lastStatement":2,"seen":{"s:3:33:27:Infinity":0,"f:19:6:19:15":0,"s:20:8:20:Infinity":1},"fnNames":{}}}
}
